Log file open, 01/23/17 16:03:43
LogInit:Display: Running engine for game: LeagueOfLegends
LogPlatformFile: Not using cached read wrapper
LogInit:Display: RandInit(1771218351) SRandInit(1771218351).
LogTaskGraph: Started task graph with 5 named threads and 8 total threads with 1 sets of task threads.
LogStats: Stats thread started at 0.099747
LogPluginManager: Loaded Plugin Paper2D, From E:/programs/UE4/Unreal Engine/4.14/Engine/Plugins/2D/Paper2D/Paper2D.uplugin
LogPluginManager: Loaded Plugin LightPropagationVolume, From E:/programs/UE4/Unreal Engine/4.14/Engine/Plugins/Blendables/LightPropagationVolume/LightPropagationVolume.uplugin
LogPluginManager: Loaded Plugin BlankPlugin, From E:/programs/UE4/Unreal Engine/4.14/Engine/Plugins/Developer/BlankPlugin/BlankPlugin.uplugin
LogPluginManager: Loaded Plugin CodeLiteSourceCodeAccess, From E:/programs/UE4/Unreal Engine/4.14/Engine/Plugins/Developer/CodeLiteSourceCodeAccess/CodeLiteSourceCodeAccess.uplugin
LogPluginManager: Loaded Plugin GitSourceControl, From E:/programs/UE4/Unreal Engine/4.14/Engine/Plugins/Developer/GitSourceControl/GitSourceControl.uplugin
LogPluginManager: Loaded Plugin KDevelopSourceCodeAccess, From E:/programs/UE4/Unreal Engine/4.14/Engine/Plugins/Developer/KDevelopSourceCodeAccess/KDevelopSourceCodeAccess.uplugin
LogPluginManager: Loaded Plugin NullSourceCodeAccess, From E:/programs/UE4/Unreal Engine/4.14/Engine/Plugins/Developer/NullSourceCodeAccess/NullSourceCodeAccess.uplugin
LogPluginManager: Loaded Plugin OneSkyLocalizationService, From E:/programs/UE4/Unreal Engine/4.14/Engine/Plugins/Developer/OneSkyLocalizationService/OneSkyLocalizationService.uplugin
LogPluginManager: Loaded Plugin PerforceSourceControl, From E:/programs/UE4/Unreal Engine/4.14/Engine/Plugins/Developer/PerforceSourceControl/PerforceSourceControl.uplugin
LogPluginManager: Loaded Plugin SubversionSourceControl, From E:/programs/UE4/Unreal Engine/4.14/Engine/Plugins/Developer/SubversionSourceControl/SubversionSourceControl.uplugin
LogPluginManager: Loaded Plugin UObjectPlugin, From E:/programs/UE4/Unreal Engine/4.14/Engine/Plugins/Developer/UObjectPlugin/UObjectPlugin.uplugin
LogPluginManager: Loaded Plugin VisualStudioSourceCodeAccess, From E:/programs/UE4/Unreal Engine/4.14/Engine/Plugins/Developer/VisualStudioSourceCodeAccess/VisualStudioSourceCodeAccess.uplugin
LogPluginManager: Loaded Plugin XCodeSourceCodeAccess, From E:/programs/UE4/Unreal Engine/4.14/Engine/Plugins/Developer/XCodeSourceCodeAccess/XCodeSourceCodeAccess.uplugin
LogPluginManager: Loaded Plugin AudioCapture, From E:/programs/UE4/Unreal Engine/4.14/Engine/Plugins/Editor/AudioCapture/AudioCapture.uplugin
LogPluginManager: Loaded Plugin EpicSurvey, From E:/programs/UE4/Unreal Engine/4.14/Engine/Plugins/Editor/EpicSurvey/EpicSurvey.uplugin
LogPluginManager: Loaded Plugin MacGraphicsSwitching, From E:/programs/UE4/Unreal Engine/4.14/Engine/Plugins/Editor/MacGraphicsSwitching/MacGraphicsSwitching.uplugin
LogPluginManager: Loaded Plugin MobileLauncherProfileWizard, From E:/programs/UE4/Unreal Engine/4.14/Engine/Plugins/Editor/MobileLauncherProfileWizard/MobileLauncherProfileWizard.uplugin
LogPluginManager: Loaded Plugin PluginBrowser, From E:/programs/UE4/Unreal Engine/4.14/Engine/Plugins/Editor/PluginBrowser/PluginBrowser.uplugin
LogPluginManager: Loaded Plugin SpeedTreeImporter, From E:/programs/UE4/Unreal Engine/4.14/Engine/Plugins/Editor/SpeedTreeImporter/SpeedTreeImporter.uplugin
LogPluginManager: Loaded Plugin SuperSearchEditor, From E:/programs/UE4/Unreal Engine/4.14/Engine/Plugins/Editor/SuperSearchEditor/SuperSearchEditor.uplugin
LogPluginManager: Loaded Plugin AlembicImporter, From E:/programs/UE4/Unreal Engine/4.14/Engine/Plugins/Experimental/AlembicImporter/AlembicImporter.uplugin
LogPluginManager: Loaded Plugin BlueprintStats, From E:/programs/UE4/Unreal Engine/4.14/Engine/Plugins/Experimental/BlueprintStats/BlueprintStats.uplugin
LogPluginManager: Loaded Plugin CharacterAI, From E:/programs/UE4/Unreal Engine/4.14/Engine/Plugins/Experimental/CharacterAI/CharacterAI.uplugin
LogPluginManager: Loaded Plugin CodeEditor, From E:/programs/UE4/Unreal Engine/4.14/Engine/Plugins/Experimental/CodeEditor/CodeEditor.uplugin
LogPluginManager: Loaded Plugin CodeView, From E:/programs/UE4/Unreal Engine/4.14/Engine/Plugins/Experimental/CodeView/CodeView.uplugin
LogPluginManager: Loaded Plugin HTML5Networking, From E:/programs/UE4/Unreal Engine/4.14/Engine/Plugins/Experimental/HTML5Networking/HTML5Networking.uplugin
LogPluginManager: Loaded Plugin OSVR, From E:/programs/UE4/Unreal Engine/4.14/Engine/Plugins/Experimental/OSVR/OSVR.uplugin
LogPluginManager: Loaded Plugin Phya, From E:/programs/UE4/Unreal Engine/4.14/Engine/Plugins/Experimental/Phya/Phya.uplugin
LogPluginManager: Loaded Plugin SignificanceManager, From E:/programs/UE4/Unreal Engine/4.14/Engine/Plugins/Experimental/SignificanceManager/SignificanceManager.uplugin
LogPluginManager: Loaded Plugin SimpleHMD, From E:/programs/UE4/Unreal Engine/4.14/Engine/Plugins/Experimental/SimpleHMD/SimpleHMD.uplugin
LogPluginManager: Loaded Plugin StereoPanorama, From E:/programs/UE4/Unreal Engine/4.14/Engine/Plugins/Experimental/StereoPanorama/StereoPanorama.uplugin
LogPluginManager: Loaded Plugin StructBox, From E:/programs/UE4/Unreal Engine/4.14/Engine/Plugins/Experimental/StructBox/StructBox.uplugin
LogPluginManager: Loaded Plugin AndroidMedia, From E:/programs/UE4/Unreal Engine/4.14/Engine/Plugins/Media/AndroidMedia/AndroidMedia.uplugin
LogPluginManager: Loaded Plugin AvfMedia, From E:/programs/UE4/Unreal Engine/4.14/Engine/Plugins/Media/AvfMedia/AvfMedia.uplugin
LogPluginManager: Loaded Plugin MediaPlayerEditor, From E:/programs/UE4/Unreal Engine/4.14/Engine/Plugins/Media/MediaPlayerEditor/MediaPlayerEditor.uplugin
LogPluginManager: Loaded Plugin WmfMedia, From E:/programs/UE4/Unreal Engine/4.14/Engine/Plugins/Media/WmfMedia/WmfMedia.uplugin
LogPluginManager: Loaded Plugin MessagingDebugger, From E:/programs/UE4/Unreal Engine/4.14/Engine/Plugins/Messaging/MessagingDebugger/MessagingDebugger.uplugin
LogPluginManager: Loaded Plugin TcpMessaging, From E:/programs/UE4/Unreal Engine/4.14/Engine/Plugins/Messaging/TcpMessaging/TcpMessaging.uplugin
LogPluginManager: Loaded Plugin UdpMessaging, From E:/programs/UE4/Unreal Engine/4.14/Engine/Plugins/Messaging/UdpMessaging/UdpMessaging.uplugin
LogPluginManager: Loaded Plugin LevelSequenceEditor, From E:/programs/UE4/Unreal Engine/4.14/Engine/Plugins/MovieScene/LevelSequenceEditor/LevelSequenceEditor.uplugin
LogPluginManager: Loaded Plugin MatineeToLevelSequence, From E:/programs/UE4/Unreal Engine/4.14/Engine/Plugins/MovieScene/MatineeToLevelSequence/MatineeToLevelSequence.uplugin
LogPluginManager: Loaded Plugin NetcodeUnitTest, From E:/programs/UE4/Unreal Engine/4.14/Engine/Plugins/NetcodeUnitTest/NetcodeUnitTest/NetcodeUnitTest.uplugin
LogPluginManager: Loaded Plugin NUTUnrealEngine4, From E:/programs/UE4/Unreal Engine/4.14/Engine/Plugins/NetcodeUnitTest/NUTUnrealEngine4/NUTUnrealEngine4.uplugin
LogPluginManager: Loaded Plugin OnlineSubsystemGameCircle, From E:/programs/UE4/Unreal Engine/4.14/Engine/Plugins/Online/Android/OnlineSubsystemGameCircle/OnlineSubsystemGameCircle.uplugin
LogPluginManager: Loaded Plugin OnlineSubsystemGooglePlay, From E:/programs/UE4/Unreal Engine/4.14/Engine/Plugins/Online/Android/OnlineSubsystemGooglePlay/OnlineSubsystemGooglePlay.uplugin
LogPluginManager: Loaded Plugin OnlineSubsystemIOS, From E:/programs/UE4/Unreal Engine/4.14/Engine/Plugins/Online/IOS/OnlineSubsystemIOS/OnlineSubsystemIOS.uplugin
LogPluginManager: Loaded Plugin OnlineFramework, From E:/programs/UE4/Unreal Engine/4.14/Engine/Plugins/Online/OnlineFramework/OnlineFramework.uplugin
LogPluginManager: Loaded Plugin OnlineSubsystem, From E:/programs/UE4/Unreal Engine/4.14/Engine/Plugins/Online/OnlineSubsystem/OnlineSubsystem.uplugin
LogPluginManager: Loaded Plugin OnlineSubsystemAmazon, From E:/programs/UE4/Unreal Engine/4.14/Engine/Plugins/Online/OnlineSubsystemAmazon/OnlineSubsystemAmazon.uplugin
LogPluginManager: Loaded Plugin OnlineSubsystemFacebook, From E:/programs/UE4/Unreal Engine/4.14/Engine/Plugins/Online/OnlineSubsystemFacebook/OnlineSubsystemFacebook.uplugin
LogPluginManager: Loaded Plugin OnlineSubsystemNull, From E:/programs/UE4/Unreal Engine/4.14/Engine/Plugins/Online/OnlineSubsystemNull/OnlineSubsystemNull.uplugin
LogPluginManager: Loaded Plugin OnlineSubsystemOculus, From E:/programs/UE4/Unreal Engine/4.14/Engine/Plugins/Online/OnlineSubsystemOculus/OnlineSubsystemOculus.uplugin
LogPluginManager: Loaded Plugin OnlineSubsystemSteam, From E:/programs/UE4/Unreal Engine/4.14/Engine/Plugins/Online/OnlineSubsystemSteam/OnlineSubsystemSteam.uplugin
LogPluginManager: Loaded Plugin OnlineSubsystemUtils, From E:/programs/UE4/Unreal Engine/4.14/Engine/Plugins/Online/OnlineSubsystemUtils/OnlineSubsystemUtils.uplugin
LogPluginManager: Loaded Plugin IOSTapJoy, From E:/programs/UE4/Unreal Engine/4.14/Engine/Plugins/Runtime/Advertising/IOSTapJoy/IOSTapJoy.uplugin
LogPluginManager: Loaded Plugin AnalyticsBlueprintLibrary, From E:/programs/UE4/Unreal Engine/4.14/Engine/Plugins/Runtime/Analytics/AnalyticsBlueprintLibrary/AnalyticsBlueprintLibrary.uplugin
LogPluginManager: Loaded Plugin AnalyticsMulticast, From E:/programs/UE4/Unreal Engine/4.14/Engine/Plugins/Runtime/Analytics/AnalyticsMulticast/AnalyticsMulticast.uplugin
LogPluginManager: Loaded Plugin Apsalar, From E:/programs/UE4/Unreal Engine/4.14/Engine/Plugins/Runtime/Analytics/Apsalar/Apsalar.uplugin
LogPluginManager: Loaded Plugin FileLogging, From E:/programs/UE4/Unreal Engine/4.14/Engine/Plugins/Runtime/Analytics/FileLogging/FileLogging.uplugin
LogPluginManager: Loaded Plugin Flurry, From E:/programs/UE4/Unreal Engine/4.14/Engine/Plugins/Runtime/Analytics/Flurry/Flurry.uplugin
LogPluginManager: Loaded Plugin AndroidDeviceProfileSelector, From E:/programs/UE4/Unreal Engine/4.14/Engine/Plugins/Runtime/AndroidDeviceProfileSelector/AndroidDeviceProfileSelector.uplugin
LogPluginManager: Loaded Plugin AndroidMoviePlayer, From E:/programs/UE4/Unreal Engine/4.14/Engine/Plugins/Runtime/AndroidMoviePlayer/AndroidMoviePlayer.uplugin
LogPluginManager: Loaded Plugin AppleMoviePlayer, From E:/programs/UE4/Unreal Engine/4.14/Engine/Plugins/Runtime/AppleMoviePlayer/AppleMoviePlayer.uplugin
LogPluginManager: Loaded Plugin ArchVisCharacter, From E:/programs/UE4/Unreal Engine/4.14/Engine/Plugins/Runtime/ArchVisCharacter/ArchVisCharacter.uplugin
LogPluginManager: Loaded Plugin CableComponent, From E:/programs/UE4/Unreal Engine/4.14/Engine/Plugins/Runtime/CableComponent/CableComponent.uplugin
LogPluginManager: Loaded Plugin CustomMeshComponent, From E:/programs/UE4/Unreal Engine/4.14/Engine/Plugins/Runtime/CustomMeshComponent/CustomMeshComponent.uplugin
LogPluginManager: Loaded Plugin ExampleDeviceProfileSelector, From E:/programs/UE4/Unreal Engine/4.14/Engine/Plugins/Runtime/ExampleDeviceProfileSelector/ExampleDeviceProfileSelector.uplugin
LogPluginManager: Loaded Plugin GearVR, From E:/programs/UE4/Unreal Engine/4.14/Engine/Plugins/Runtime/GearVR/GearVR.uplugin
LogPluginManager: Loaded Plugin GoogleVRController, From E:/programs/UE4/Unreal Engine/4.14/Engine/Plugins/Runtime/GoogleVR/GoogleVRController/GoogleVRController.uplugin
LogPluginManager: Loaded Plugin GoogleVRHMD, From E:/programs/UE4/Unreal Engine/4.14/Engine/Plugins/Runtime/GoogleVR/GoogleVRHMD/GoogleVRHMD.uplugin
LogPluginManager: Loaded Plugin IOSDeviceProfileSelector, From E:/programs/UE4/Unreal Engine/4.14/Engine/Plugins/Runtime/IOSDeviceProfileSelector/IOSDeviceProfileSelector.uplugin
LogPluginManager: Loaded Plugin LeapMotion, From E:/programs/UE4/Unreal Engine/4.14/Engine/Plugins/Runtime/LeapMotion/LeapMotion.uplugin
LogPluginManager: Loaded Plugin LinuxDeviceProfileSelector, From E:/programs/UE4/Unreal Engine/4.14/Engine/Plugins/Runtime/LinuxDeviceProfileSelector/LinuxDeviceProfileSelector.uplugin
LogPluginManager: Loaded Plugin MIDIDevice, From E:/programs/UE4/Unreal Engine/4.14/Engine/Plugins/Runtime/MIDIDevice/MIDIDevice.uplugin
LogPluginManager: Loaded Plugin MobilePatchingUtils, From E:/programs/UE4/Unreal Engine/4.14/Engine/Plugins/Runtime/MobilePatchingUtils/MobilePatchingUtils.uplugin
LogPluginManager: Loaded Plugin Ansel, From E:/programs/UE4/Unreal Engine/4.14/Engine/Plugins/Runtime/Nvidia/Ansel/Ansel.uplugin
LogPluginManager: Loaded Plugin OculusAudio, From E:/programs/UE4/Unreal Engine/4.14/Engine/Plugins/Runtime/OculusAudio/OculusAudio.uplugin
LogPluginManager: Loaded Plugin OculusInput, From E:/programs/UE4/Unreal Engine/4.14/Engine/Plugins/Runtime/OculusInput/OculusInput.uplugin
LogPluginManager: Loaded Plugin OculusLibrary, From E:/programs/UE4/Unreal Engine/4.14/Engine/Plugins/Runtime/OculusLibrary/OculusLibrary.uplugin
LogPluginManager: Loaded Plugin OculusRift, From E:/programs/UE4/Unreal Engine/4.14/Engine/Plugins/Runtime/OculusRift/OculusRift.uplugin
LogPluginManager: Loaded Plugin Oodle, From E:/programs/UE4/Unreal Engine/4.14/Engine/Plugins/Runtime/PacketHandlers/CompressionComponents/Oodle/Oodle.uplugin
LogPluginManager: Loaded Plugin ProceduralMeshComponent, From E:/programs/UE4/Unreal Engine/4.14/Engine/Plugins/Runtime/ProceduralMeshComponent/ProceduralMeshComponent.uplugin
LogPluginManager: Loaded Plugin SoundMod, From E:/programs/UE4/Unreal Engine/4.14/Engine/Plugins/Runtime/SoundMod/SoundMod.uplugin
LogPluginManager: Loaded Plugin SoundVisualizations, From E:/programs/UE4/Unreal Engine/4.14/Engine/Plugins/Runtime/SoundVisualizations/SoundVisualizations.uplugin
LogPluginManager: Loaded Plugin SteamController, From E:/programs/UE4/Unreal Engine/4.14/Engine/Plugins/Runtime/Steam/SteamController/SteamController.uplugin
LogPluginManager: Loaded Plugin SteamVR, From E:/programs/UE4/Unreal Engine/4.14/Engine/Plugins/Runtime/Steam/SteamVR/SteamVR.uplugin
LogPluginManager: Loaded Plugin WebBrowserWidget, From E:/programs/UE4/Unreal Engine/4.14/Engine/Plugins/Runtime/WebBrowserWidget/WebBrowserWidget.uplugin
LogPluginManager: Loaded Plugin WindowsDeviceProfileSelector, From E:/programs/UE4/Unreal Engine/4.14/Engine/Plugins/Runtime/WindowsDeviceProfileSelector/WindowsDeviceProfileSelector.uplugin
LogPluginManager: Loaded Plugin WindowsMoviePlayer, From E:/programs/UE4/Unreal Engine/4.14/Engine/Plugins/Runtime/WindowsMoviePlayer/WindowsMoviePlayer.uplugin
LogPluginManager: Loaded Plugin ScriptPlugin, From E:/programs/UE4/Unreal Engine/4.14/Engine/Plugins/ScriptPlugin/ScriptPlugin.uplugin
LogPluginManager: Loaded Plugin SlateRemote, From E:/programs/UE4/Unreal Engine/4.14/Engine/Plugins/Slate/SlateRemote/SlateRemote.uplugin
LogPluginManager: Loaded Plugin EditorTests, From E:/programs/UE4/Unreal Engine/4.14/Engine/Plugins/Tests/EditorTests/EditorTests.uplugin
LogPluginManager: Loaded Plugin FbxAutomationTestBuilder, From E:/programs/UE4/Unreal Engine/4.14/Engine/Plugins/Tests/FbxAutomationTestBuilder/FbxAutomationTestBuilder.uplugin
LogPluginManager: Loaded Plugin FunctionalTestingEditor, From E:/programs/UE4/Unreal Engine/4.14/Engine/Plugins/Tests/FunctionalTestingEditor/FunctionalTestingEditor.uplugin
LogPluginManager: Loaded Plugin RuntimeTests, From E:/programs/UE4/Unreal Engine/4.14/Engine/Plugins/Tests/RuntimeTests/RuntimeTests.uplugin
LogPluginManager: Loaded Plugin ScreenshotTools, From E:/programs/UE4/Unreal Engine/4.14/Engine/Plugins/Tests/ScreenshotTools/ScreenshotTools.uplugin
LogInit: Using libcurl 7.47.1
LogInit:  - built for x86_64-pc-win32
LogInit:  - supports SSL with OpenSSL/1.0.2g
LogInit:  - supports HTTP deflate (compression) using libz 1.2.8
LogInit:  - other features:
LogInit:      CURL_VERSION_SSL
LogInit:      CURL_VERSION_LIBZ
LogInit:      CURL_VERSION_IPV6
LogInit:      CURL_VERSION_ASYNCHDNS
LogInit:      CURL_VERSION_LARGEFILE
LogInit:      CURL_VERSION_IDN
LogInit:  CurlRequestOptions (configurable via config and command line):
LogInit:  - bVerifyPeer = false  - Libcurl will NOT verify peer certificate
LogInit:  - bUseHttpProxy = false  - Libcurl will NOT use HTTP proxy
LogInit:  - bDontReuseConnections = false  - Libcurl will reuse connections
LogInit:  - CertBundlePath = nullptr  - Libcurl will use whatever was configured at build time.
LogInit: Build: ++UE4+Release-4.14-CL-3249277
LogInit: Engine Version: 4.14.3-3249277+++UE4+Release-4.14
LogInit: Compatible Engine Version: 4.14.0-3195953+++UE4+Release-4.14
LogInit: Net CL: 3195953
LogDevObjectVersion: Number of dev versions registered: 13
LogDevObjectVersion:   Dev-Blueprints (B0D832E4-1F89-4F0D-ACCF-7EB736FD4AA2): 7
LogDevObjectVersion:   Dev-Build (E1C64328-A22C-4D53-A36C-8E866417BD8C): 0
LogDevObjectVersion:   Dev-Core (375EC13C-06E4-48FB-B500-84F0262A717E): 1
LogDevObjectVersion:   Dev-Editor (E4B068ED-F494-42E9-A231-DA0B2E46BB41): 8
LogDevObjectVersion:   Dev-Framework (CFFC743F-43B0-4480-9391-14DF171D2073): 17
LogDevObjectVersion:   Dev-Mobile (B02B49B5-BB20-44E9-A304-32B752E40360): 0
LogDevObjectVersion:   Dev-Networking (A4E4105C-59A1-49B5-A7C5-40C4547EDFEE): 0
LogDevObjectVersion:   Dev-Online (39C831C9-5AE6-47DC-9A44-9C173E1C8E7C): 0
LogDevObjectVersion:   Dev-Physics (78F01B33-EBEA-4F98-B9B4-84EACCB95AA2): 0
LogDevObjectVersion:   Dev-Platform (6631380F-2D4D-43E0-8009-CF276956A95A): 0
LogDevObjectVersion:   Dev-Rendering (12F88B9F-8875-4AFC-A67C-D90C383ABD29): 12
LogDevObjectVersion:   Dev-Sequencer (7B5AE74C-D270-4C10-A958-57980B212A5A): 1
LogDevObjectVersion:   Dev-VR (D7296918-1DD6-4BDD-9DE2-64A83CC13884): 0
LogInit: Compiled (64-bit): Jan  6 2017 10:49:43
LogInit: Compiled with Visual C++: 19.00.23026.00
LogInit: Build Configuration: Development
LogInit: Branch Name: ++UE4+Release-4.14
LogInit: Command line: 
LogInit: Base directory: E:/programs/UE4/Unreal Engine/4.14/Engine/Binaries/Win64/
LogInit: Installed Engine Build: 1
LogInit: Presizing for max 8388607 objects, including 0 objects not considered by GC, pre-allocating 0 bytes for permanent pool.
LogInit: Object subsystem initialized
[2017.01.23-14.03.44:249][  0]LogInit: Selected Device Profile: [Windows]
[2017.01.23-14.03.44:249][  0]LogInit: Applying CVar settings loaded from the selected device profile: [Windows]
[2017.01.23-14.03.44:260][  0]LogInit: Computer: FPFILPREB2
[2017.01.23-14.03.44:260][  0]LogInit: User: FilipP
[2017.01.23-14.03.44:260][  0]LogInit: CPU Page size=65536, Cores=4
[2017.01.23-14.03.44:260][  0]LogInit: High frequency timer resolution =3.312654 MHz
[2017.01.23-14.03.44:260][  0]LogMemory: Memory total: Physical=15.8GB (16GB approx)
[2017.01.23-14.03.44:260][  0]LogMemory: Platform Memory Stats for Windows
[2017.01.23-14.03.44:260][  0]LogMemory: Process Physical Memory: 271.65 MB used, 271.65 MB peak
[2017.01.23-14.03.44:260][  0]LogMemory: Process Virtual Memory: 263.32 MB used, 263.32 MB peak
[2017.01.23-14.03.44:260][  0]LogMemory: Physical Memory: 7186.91 MB used,  8986.87 MB free, 16173.79 MB total
[2017.01.23-14.03.44:260][  0]LogMemory: Virtual Memory: 681.74 MB used,  8986.87 MB free, 134217728.00 MB total
[2017.01.23-14.03.44:319][  0]LogTextLocalizationManager: No specific translations for ('en-US') exist, so ('en') translations will be used.
[2017.01.23-14.03.45:573][  0]LogD3D11RHI: D3D11 adapters:
[2017.01.23-14.03.45:603][  0]LogD3D11RHI:    0. 'NVIDIA GeForce GTX 1080' (Feature Level 11_0)
[2017.01.23-14.03.45:603][  0]LogD3D11RHI:       8144/0/8086 MB DedicatedVideo/DedicatedSystem/SharedSystem, Outputs:2, VendorId:0x10de
[2017.01.23-14.03.45:606][  0]LogD3D11RHI:    1. 'Microsoft Basic Render Driver' (Feature Level 11_0)
[2017.01.23-14.03.45:606][  0]LogD3D11RHI:       0/0/8086 MB DedicatedVideo/DedicatedSystem/SharedSystem, Outputs:0, VendorId:0x1414
[2017.01.23-14.03.45:606][  0]LogD3D11RHI: Chosen D3D11 Adapter: 0
[2017.01.23-14.03.45:610][  0]LogD3D11RHI: Creating new Direct3DDevice
[2017.01.23-14.03.45:610][  0]LogD3D11RHI:     GPU DeviceId: 0x1b80 (for the marketing name, search the web for "GPU Device Id")
[2017.01.23-14.03.45:610][  0]LogWindows: EnumDisplayDevices:
[2017.01.23-14.03.45:611][  0]LogWindows:    0. 'NVIDIA GeForce GTX 1080' (P:1 D:1)
[2017.01.23-14.03.45:611][  0]LogWindows:    1. 'NVIDIA GeForce GTX 1080' (P:0 D:1)
[2017.01.23-14.03.45:611][  0]LogWindows:    2. 'NVIDIA GeForce GTX 1080' (P:0 D:0)
[2017.01.23-14.03.45:612][  0]LogWindows:    3. 'NVIDIA GeForce GTX 1080' (P:0 D:0)
[2017.01.23-14.03.45:612][  0]LogWindows: DebugString: FoundDriverCount:4 
[2017.01.23-14.03.45:612][  0]LogD3D11RHI:     Adapter Name: NVIDIA GeForce GTX 1080
[2017.01.23-14.03.45:612][  0]LogD3D11RHI:   Driver Version: 372.70 (internal:21.21.13.7270, unified:372.70)
[2017.01.23-14.03.45:612][  0]LogD3D11RHI:      Driver Date: 8-25-2016
[2017.01.23-14.03.45:612][  0]LogRHI: Texture pool is 1361 MB (70% of 1945 MB)
[2017.01.23-14.03.45:627][  0]LogD3D11RHI: Async texture creation enabled
[2017.01.23-14.03.45:636][  0]LogD3D11RHI: GPU Timing Frequency: 1000.000000 (Debug: 2 1)
[2017.01.23-14.03.52:260][  0]LogWindowsTextInputMethodSystem:Display: IME system now deactivated.
[2017.01.23-14.03.52:262][  0]LogShaderCompilers: Guid format shader working directory is -8 characters bigger than the processId version (../../../../../../../work/UDK/projects/LeagueOfLegends/Intermediate/Shaders/WorkingDirectory/17680/).
[2017.01.23-14.03.52:262][  0]LogShaderCompilers: Cleaned the shader compiler working directory 'C:/Users/filipp/AppData/Local/Temp/UnrealShaderWorkingDir/42DB8557462054F063D48CA12F92D1B6/'.
[2017.01.23-14.03.52:262][  0]LogShaderCompilers:Display: Using Local Shader Compiler.
[2017.01.23-14.03.53:401][  0]LogTemp:Display: Loaded TP AllDesktopTargetPlatform
[2017.01.23-14.03.53:476][  0]LogTemp:Display: Loaded TP MacClientTargetPlatform
[2017.01.23-14.03.53:548][  0]LogTemp:Display: Loaded TP MacNoEditorTargetPlatform
[2017.01.23-14.03.53:620][  0]LogTemp:Display: Loaded TP MacServerTargetPlatform
[2017.01.23-14.03.53:694][  0]LogTemp:Display: Loaded TP MacTargetPlatform
[2017.01.23-14.03.53:767][  0]LogTemp:Display: Loaded TP WindowsClientTargetPlatform
[2017.01.23-14.03.53:841][  0]LogTemp:Display: Loaded TP WindowsNoEditorTargetPlatform
[2017.01.23-14.03.53:915][  0]LogTemp:Display: Loaded TP WindowsServerTargetPlatform
[2017.01.23-14.03.53:980][  0]LogTemp:Display: Loaded TP WindowsTargetPlatform
[2017.01.23-14.03.54:053][  0]LogTemp:Display: Loaded TP AndroidTargetPlatform
[2017.01.23-14.03.54:126][  0]LogTemp:Display: Loaded TP Android_ASTCTargetPlatform
[2017.01.23-14.03.54:200][  0]LogTemp:Display: Loaded TP Android_ATCTargetPlatform
[2017.01.23-14.03.54:273][  0]LogTemp:Display: Loaded TP Android_DXTTargetPlatform
[2017.01.23-14.03.54:345][  0]LogTemp:Display: Loaded TP Android_ETC1TargetPlatform
[2017.01.23-14.03.54:419][  0]LogTemp:Display: Loaded TP Android_ETC2TargetPlatform
[2017.01.23-14.03.54:563][  0]LogTemp:Display: Loaded TP Android_MultiTargetPlatform
[2017.01.23-14.03.54:563][  0]LogTemp:Display: Loaded TP Android_PVRTCTargetPlatform
[2017.01.23-14.03.54:620][  0]LogTemp:Display: Loaded TP HTML5TargetPlatform
[2017.01.23-14.03.54:723][  0]LogTemp:Display: Loaded TP IOSTargetPlatform
[2017.01.23-14.03.54:752][  0]LogTemp:Display: Loaded TP TVOSTargetPlatform
[2017.01.23-14.03.54:826][  0]LogTemp:Display: Loaded TP LinuxClientTargetPlatform
[2017.01.23-14.03.54:902][  0]LogTemp:Display: Loaded TP LinuxNoEditorTargetPlatform
[2017.01.23-14.03.54:978][  0]LogTemp:Display: Loaded TP LinuxServerTargetPlatform
[2017.01.23-14.03.55:051][  0]LogTemp:Display: Loaded TP LinuxTargetPlatform
[2017.01.23-14.03.55:051][  0]LogTargetPlatformManager:Display: Building Assets For Windows
[2017.01.23-14.03.55:538][  0]LogDerivedDataCache:Display: Max Cache Size: 512 MB
[2017.01.23-14.03.55:583][  0]LogDerivedDataCache: Loaded boot cache 0.05s 50MB C:/Users/filipp/AppData/Local/UnrealEngine/4.14/DerivedDataCache/Boot.ddc.
[2017.01.23-14.03.55:583][  0]LogDerivedDataCache:Display: Loaded Boot cache: C:/Users/filipp/AppData/Local/UnrealEngine/4.14/DerivedDataCache/Boot.ddc
[2017.01.23-14.03.55:584][  0]LogDerivedDataCache: FDerivedDataBackendGraph:  Pak pak cache file ../../../../../../../work/UDK/projects/LeagueOfLegends/DerivedDataCache/DDC.ddp not found, will not use a pak cache.
[2017.01.23-14.03.55:584][  0]LogDerivedDataCache: Unable to find inner node Pak for hierarchical cache Hierarchy.
[2017.01.23-14.03.55:584][  0]LogDerivedDataCache: FDerivedDataBackendGraph:  CompressedPak pak cache file ../../../../../../../work/UDK/projects/LeagueOfLegends/DerivedDataCache/Compressed.ddp not found, will not use a pak cache.
[2017.01.23-14.03.55:584][  0]LogDerivedDataCache: Unable to find inner node CompressedPak for hierarchical cache Hierarchy.
[2017.01.23-14.03.55:599][  0]LogDerivedDataCache:Display: Pak cache opened for reading ../../../Engine/DerivedDataCache/Compressed.ddp.
[2017.01.23-14.03.55:612][  0]LogDerivedDataCache: Using Local data cache path C:/Users/filipp/AppData/Local/UnrealEngine/Common/DerivedDataCache: Writable
[2017.01.23-14.03.55:887][  0]LogInit: Selected Device Profile: [Windows]
[2017.01.23-14.03.55:890][  0]LogContentStreaming: Texture pool size is 0.00 MB
[2017.01.23-14.03.56:146][  0]LogMeshUtilities: Using QuadricMeshReduction for automatic static mesh reduction
[2017.01.23-14.03.56:209][  0]LogSimplygon: Simplygon DLL not present - disabling.
[2017.01.23-14.03.56:306][  0]LogMeshUtilities: Using SimplygonSwarm for distributed automatic mesh merging
[2017.01.23-14.03.56:306][  0]LogMeshUtilities: No automatic skeletal mesh reduction module available
[2017.01.23-14.03.56:306][  0]LogMeshUtilities: No automatic mesh merging module available
[2017.01.23-14.03.56:855][  0]LogNetVersion: GetLocalNetworkVersion: CL: 3195953, ProjectName: leagueoflegends, ProjectVersion: , EngineNetworkVersion: 2, GameNetworkVersion: 0, NetworkChecksum: 1931824142
[2017.01.23-14.03.56:907][  0]LogAssetRegistry: FAssetRegistry took 0.0219 seconds to start up
[2017.01.23-14.03.56:976][  0]LogPackageLocalizationCache: Processed 3 localized package path(s) for 2 prioritized culture(s) in 0.050575 seconds
[2017.01.23-14.03.56:980][  0]LogUObjectArray: 31946 objects as part of root set at end of initial load.
[2017.01.23-14.03.56:980][  0]LogUObjectAllocator: 6935848 out of 0 bytes used by permanent object pool.
[2017.01.23-14.03.56:980][  0]LogUObjectArray: CloseDisregardForGC: 0/0 objects in disregard for GC pool
[2017.01.23-14.03.57:032][  0]LogInit: WinSock: version 1.1 (2.2), MaxSocks=32767, MaxUdp=65467
[2017.01.23-14.03.58:076][  0]LogSlate: Using Freetype 2.6.0
[2017.01.23-14.03.58:078][  0]LogSlate: SlateFontCache - WITH_FREETYPE: 1, WITH_HARFBUZZ: 1
[2017.01.23-14.03.58:078][  0]LogSlate: SlateFontCache - WITH_FREETYPE: 1, WITH_HARFBUZZ: 1
[2017.01.23-14.03.59:875][  0]LogTcpMessaging: Initializing TcpMessaging bridge
[2017.01.23-14.03.59:943][  0]LogUdpMessaging: Initializing bridge on interface 0.0.0.0:0 to multicast group 230.0.0.1:6666.
[2017.01.23-14.04.00:546][  0]LogMaterial: Uniform references updated for custom material expression Custom.
[2017.01.23-14.04.01:237][  0]SourceControl: Info Source control is disabled
[2017.01.23-14.04.01:323][  0]SourceControl: Info Source control is disabled
[2017.01.23-14.04.01:424][  0]SourceControl: Info Source control is disabled
[2017.01.23-14.04.01:527][  0]SourceControl: Info Source control is disabled
[2017.01.23-14.04.04:074][  0]LogEngine: Initializing Engine...
[2017.01.23-14.04.04:075][  0]LogHMD: Failed to initialize OpenVR with code 110
[2017.01.23-14.04.04:375][  0]LogAIModule: Creating AISystem for world Untitled
[2017.01.23-14.04.04:391][  0]LogInit: XAudio2 using 'Speakers (SteelSeries Siberia Elite)' : 2 channels at 48 kHz using 16 bits per sample (channel mask 0x3)
[2017.01.23-14.04.04:416][  0]LogInit: FAudioDevice initialized.
[2017.01.23-14.04.04:442][  0]LogDerivedDataCache: Saved boot cache 0.03s 50MB C:/Users/filipp/AppData/Local/UnrealEngine/4.14/DerivedDataCache/Boot.ddc.
[2017.01.23-14.04.04:446][  0]LogInit: Texture streaming: Enabled
[2017.01.23-14.04.04:681][  0]LogInit: Transaction tracking system initialized
[2017.01.23-14.04.05:219][  0]BlueprintLog: New page: Editor Load
[2017.01.23-14.04.06:524][  0]LocalizationService: Info Localization service is disabled
[2017.01.23-14.04.07:912][  0]LogConsoleResponse:Display: 
[2017.01.23-14.04.08:049][  0]LogCook:Display: Max memory allowance for cook 16384mb min free memory 0mb
[2017.01.23-14.04.08:049][  0]LogCook:Display: Mobile HDR setting 1
[2017.01.23-14.04.08:847][  0]LogFileCache: Scanning file cache for directory 'E:/work/UDK/projects/LeagueOfLegends/Content/' took 0.03s
[2017.01.23-14.04.09:806][  0]SourceControl: Info Source control is disabled
[2017.01.23-14.04.09:806][  0]Cmd: MAP LOAD FILE="../../../../../../../work/UDK/projects/LeagueOfLegends/Content/ForTesting/TestLevelEQS.umap" TEMPLATE=0 SHOWPROGRESS=1 FEATURELEVEL=3
[2017.01.23-14.04.09:807][  0]LightingResults: New page: Lighting Build
[2017.01.23-14.04.09:866][  0]MapCheck: New page: Map Check
[2017.01.23-14.04.09:866][  0]LightingResults: New page: Lighting Build
[2017.01.23-14.04.10:905][  0]LogAIModule: Creating AISystem for world TestLevelEQS
[2017.01.23-14.04.10:927][  0]LogEditorServer: Finished looking for orphan Actors (0.000 secs)
[2017.01.23-14.04.10:928][  0]Cmd: MAP CHECKDEP NOCLEARLOG
[2017.01.23-14.04.11:110][  0]MapCheck: Info Map check complete: 0 Error(s), 0 Warning(s), took 181.746ms to complete.
[2017.01.23-14.04.11:110][  0]LogFileHelpers: Loading map 'TestLevelEQS' took 1.304
[2017.01.23-14.04.11:212][  0]LogWindowsTextInputMethodSystem:Display: IME system now deactivated.
[2017.01.23-14.04.11:302][  0]LogCollectionManager: Loaded 0 collections in 0.002890 seconds
[2017.01.23-14.04.11:406][  0]LogFileCache: Scanning file cache for directory 'E:/work/UDK/projects/LeagueOfLegends/Saved/Collections/' took 0.01s
[2017.01.23-14.04.11:406][  0]LogFileCache: Scanning file cache for directory 'E:/work/UDK/projects/LeagueOfLegends/Content/Developers/FilipP/Collections/' took 0.01s
[2017.01.23-14.04.11:406][  0]LogFileCache: Scanning file cache for directory 'E:/work/UDK/projects/LeagueOfLegends/Content/Collections/' took 0.01s
[2017.01.23-14.04.11:406][  0]LogCollectionManager: Rebuilt the GUID cache for 0 collections in 0.000002 seconds
[2017.01.23-14.04.11:419][  0]LogContentBrowser: Native class hierarchy populated in 0.0122 seconds. Added 2201 classes and 432 folders.
[2017.01.23-14.04.11:479][  0]LogStats: UGameplayTagsManager::ConstructGameplayTagTree: Construct from data asset -  0.000 s
[2017.01.23-14.04.11:479][  0]LogStats: UGameplayTagsManager::ConstructGameplayTagTree: GameplayTagTreeChangedEvent.Broadcast -  0.000 s
[2017.01.23-14.04.11:484][  0]LogContentBrowser: Native class hierarchy updated for 'GameplayTags' in 0.0049 seconds. Added 13 classes and 0 folders.
[2017.01.23-14.04.11:565][  0]LogContentBrowser: Native class hierarchy updated for 'WidgetCarousel' in 0.0049 seconds. Added 0 classes and 0 folders.
[2017.01.23-14.04.11:723][  0]LogContentBrowser: Native class hierarchy updated for 'AddContentDialog' in 0.0052 seconds. Added 0 classes and 0 folders.
[2017.01.23-14.04.11:791][  0]LogContentBrowser: Native class hierarchy updated for 'SceneOutliner' in 0.0050 seconds. Added 1 classes and 2 folders.
[2017.01.23-14.04.11:870][  0]LogCrashTracker: Crashtracker disabled due to settings.
[2017.01.23-14.04.11:876][  0]LogUObjectGlobals:Warning: Failed to find object 'Class None.'
[2017.01.23-14.04.11:969][  0]LogContentBrowser: Native class hierarchy updated for 'HierarchicalLODOutliner' in 0.0051 seconds. Added 1 classes and 2 folders.
[2017.01.23-14.04.11:969][  0]LogLoad: (Engine Initialization) Total time: 32.48 seconds
[2017.01.23-14.04.11:969][  0]LogLoad: (Engine Initialization) Total Blueprint compile time: 0.40 seconds
[2017.01.23-14.04.11:969][  0]LogExternalProfiler: Found external profiler: VSPerf
[2017.01.23-14.04.11:969][  0]LogExternalProfiler: Using external profiler: VSPerf
[2017.01.23-14.04.11:978][  0]LogOcInput: OculusInput pre-init called
[2017.01.23-14.04.12:002][  0]LogContentStreaming: Texture pool size now 1000 MB
[2017.01.23-14.04.12:148][  0]LogRenderer: Reallocating scene render targets to support 1476x828 NumSamples 1 (Frame:2).
[2017.01.23-14.04.12:220][  1]LogAssetRegistry: Asset discovery search completed in 15.3384 seconds
[2017.01.23-14.04.12:220][  1]LogCollectionManager: Rebuilt the object cache for 0 collections in 0.000000 seconds (found 0 objects)
[2017.01.23-14.04.12:220][  1]LogCollectionManager: Fixed up redirectors for 0 collections in 0.000016 seconds (updated 0 objects)
[2017.01.23-14.04.19:440][808]LogEditorViewport: Clicking on Actor (LMB): BaseCharacterEQS_C (BaseCharacterEQS5)
[2017.01.23-14.04.20:613][930]LogEditorViewport: Clicking on Actor (LMB): BaseCharacterEQS_C (BaseCharacterEQS3)
[2017.01.23-14.04.21:022][967]Cmd: DELETE
[2017.01.23-14.04.21:022][967]Cmd: ACTOR DELETE
[2017.01.23-14.04.22:139][967]LogEditorActor: Deleted Actor: BaseCharacterEQS_C
[2017.01.23-14.04.22:163][967]LogEditorActor: Deleted 1 Actors (1.073 secs)
[2017.01.23-14.04.22:970][ 63]LogEditorViewport: Clicking on Actor (LMB): BaseCharacterEQS_C (BaseCharacterEQS7)
[2017.01.23-14.04.23:385][103]Cmd: DELETE
[2017.01.23-14.04.23:385][103]Cmd: ACTOR DELETE
[2017.01.23-14.04.24:447][103]LogEditorActor: Deleted Actor: BaseCharacterEQS_C
[2017.01.23-14.04.24:455][103]LogEditorActor: Deleted 1 Actors (1.070 secs)
[2017.01.23-14.04.25:107][181]LogEditorViewport: Clicking on Actor (LMB): BaseCharacterEQS_C (BaseCharacterEQS5)
[2017.01.23-14.04.25:265][191]Cmd: DELETE
[2017.01.23-14.04.25:265][191]Cmd: ACTOR DELETE
[2017.01.23-14.04.26:312][191]LogEditorActor: Deleted Actor: BaseCharacterEQS_C
[2017.01.23-14.04.26:321][191]LogEditorActor: Deleted 1 Actors (1.056 secs)
[2017.01.23-14.04.27:136][288]LogEditorViewport: Clicking on Actor (LMB): BaseCharacterEQS_C (BaseCharacterEQS4)
[2017.01.23-14.04.27:333][303]Cmd: DELETE
[2017.01.23-14.04.27:334][303]Cmd: ACTOR DELETE
[2017.01.23-14.04.28:613][303]LogEditorActor: Deleted Actor: BaseCharacterEQS_C
[2017.01.23-14.04.28:622][303]LogEditorActor: Deleted 1 Actors (1.289 secs)
[2017.01.23-14.04.29:283][382]LogEditorViewport: Clicking on Actor (LMB): BaseCharacterEQS_C (BaseCharacterEQS8)
[2017.01.23-14.04.29:450][394]Cmd: DELETE
[2017.01.23-14.04.29:450][394]Cmd: ACTOR DELETE
[2017.01.23-14.04.30:359][394]LogEditorActor: Deleted Actor: BaseCharacterEQS_C
[2017.01.23-14.04.30:368][394]LogEditorActor: Deleted 1 Actors (0.918 secs)
[2017.01.23-14.04.31:143][487]LogEditorViewport: Clicking on Actor (LMB): BaseCharacterEQS_C (BaseCharacterEQS9)
[2017.01.23-14.04.31:288][496]Cmd: DELETE
[2017.01.23-14.04.31:288][496]Cmd: ACTOR DELETE
[2017.01.23-14.04.32:197][496]LogEditorActor: Deleted Actor: BaseCharacterEQS_C
[2017.01.23-14.04.32:205][496]LogEditorActor: Deleted 1 Actors (0.917 secs)
[2017.01.23-14.04.32:757][562]LogEditorViewport: Clicking on Actor (LMB): BaseCharacterEQS_C (BaseCharacterEQS10)
[2017.01.23-14.04.37:097][ 50]LogEditorViewport: Clicking on Actor (LMB): BaseCharacterEQS_C (BaseCharacterEQS6)
[2017.01.23-14.04.41:441][480]Cmd: OBJ SAVEPACKAGE PACKAGE="/Game/ForTesting/TestLevelEQS" FILE="../../../../../../../work/UDK/projects/LeagueOfLegends/Content/ForTesting/TestLevelEQS.umap" SILENT=true AUTOSAVING=false KEEPDIRTY=false
[2017.01.23-14.04.41:479][480]LogBlueprint:Warning: [Compiler PersistentLevel.TestLevelEQS] Warning Node  K2Node_Literal_1  is not referencing a valid level actor
[2017.01.23-14.04.41:481][480]LogBlueprint:Warning: [Compiler PersistentLevel.TestLevelEQS] Warning [0061.99] Compile of PersistentLevel.TestLevelEQS successful, but with 1 Warning(s) [in 5 ms] (/Game/ForTesting/TestLevelEQS.TestLevelEQS:PersistentLevel.TestLevelEQS)
[2017.01.23-14.04.41:481][480]LogBlueprint:Warning: [Compiler PersistentLevel.TestLevelEQS] Warning [0062.00] Compile of PersistentLevel.TestLevelEQS successful, but with 2 Warning(s) [in 0 ms] (/Game/ForTesting/TestLevelEQS.TestLevelEQS:PersistentLevel.TestLevelEQS)
[2017.01.23-14.04.41:481][480]LogBlueprint:Warning: [Compiler PersistentLevel.TestLevelEQS] Warning [0062.00] Compile of PersistentLevel.TestLevelEQS successful, but with 3 Warning(s) [in 0 ms] (/Game/ForTesting/TestLevelEQS.TestLevelEQS:PersistentLevel.TestLevelEQS)
[2017.01.23-14.04.41:515][480]LogBlueprint:Warning: [Compiler PersistentLevel.TestLevelEQS] Warning [0062.03] Compile of PersistentLevel.TestLevelEQS successful, but with 4 Warning(s) [in 34 ms] (/Game/ForTesting/TestLevelEQS.TestLevelEQS:PersistentLevel.TestLevelEQS)
[2017.01.23-14.04.41:515][480]LogBlueprint:Warning: [Compiler PersistentLevel.TestLevelEQS] Warning [0062.03] Compile of PersistentLevel.TestLevelEQS successful, but with 5 Warning(s) [in 0 ms] (/Game/ForTesting/TestLevelEQS.TestLevelEQS:PersistentLevel.TestLevelEQS)
[2017.01.23-14.04.41:515][480]LogBlueprint:Warning: [Compiler PersistentLevel.TestLevelEQS] Warning [0062.03] Compile of PersistentLevel.TestLevelEQS successful, but with 6 Warning(s) [in 0 ms] (/Game/ForTesting/TestLevelEQS.TestLevelEQS:PersistentLevel.TestLevelEQS)
[2017.01.23-14.04.41:590][480]LogSavePackage: Save=119.55ms
[2017.01.23-14.04.41:590][480]LogSavePackage: Moving '../../../../../../../work/UDK/projects/LeagueOfLegends/Saved/TestLevelEQS7778026A424EE16BE1C2C49BBC6ABBC0.tmp' to '../../../../../../../work/UDK/projects/LeagueOfLegends/Content/ForTesting/TestLevelEQS.umap'
[2017.01.23-14.04.41:603][480]LogSavePackage:Display: Finished SavePackage ../../../../../../../work/UDK/projects/LeagueOfLegends/Content/ForTesting/TestLevelEQS.umap
[2017.01.23-14.04.41:680][480]LogFileHelpers: Saving map 'TestLevelEQS' took 0.428
[2017.01.23-14.04.52:786][483]LogSavePackage: Save=3.57ms
[2017.01.23-14.04.52:786][483]LogSavePackage: Moving '../../../../../../../work/UDK/projects/LeagueOfLegends/Saved/ORDER_attackA283196F45DA870B6561EF9556ABFAA7.tmp' to '../../../../../../../work/UDK/projects/LeagueOfLegends/Content/ForTesting/BEHAVIOR/BEHAVIORS/ORDER_attack.uasset'
[2017.01.23-14.04.52:796][483]LogSavePackage:Display: Finished SavePackage ../../../../../../../work/UDK/projects/LeagueOfLegends/Content/ForTesting/BEHAVIOR/BEHAVIORS/ORDER_attack.uasset
[2017.01.23-14.05.09:157][869]LogTemp: Repeting last play command: New Editor Window (PIE)
[2017.01.23-14.05.09:196][869]LogBlueprintUserMessages: Early PlayInEditor Detection: Level '/Game/ForTesting/TestLevelEQS.TestLevelEQS:PersistentLevel' has LevelScriptBlueprint '/Game/ForTesting/TestLevelEQS.TestLevelEQS:PersistentLevel.TestLevelEQS' with GeneratedClass '/Game/ForTesting/TestLevelEQS.TestLevelEQS_C' with ClassGeneratedBy '/Game/ForTesting/TestLevelEQS.TestLevelEQS:PersistentLevel.TestLevelEQS'
[2017.01.23-14.05.09:201][869]LogPlayLevel: PlayLevel: No blueprints needed recompiling
[2017.01.23-14.05.09:202][869]PIE: New page: PIE session: TestLevelEQS (Jan 23, 2017, 6:05:09 PM)
[2017.01.23-14.05.09:751][869]LogPlayLevel: Creating play world package: /Game/ForTesting/UEDPIE_0_TestLevelEQS
[2017.01.23-14.05.09:765][869]LogPlayLevel: PIE: StaticDuplicateObject took: (0.013436s)
[2017.01.23-14.05.09:765][869]LogAIModule: Creating AISystem for world TestLevelEQS
[2017.01.23-14.05.09:765][869]LogPlayLevel: PIE: World Init took: (0.000454s)
[2017.01.23-14.05.09:765][869]LogPlayLevel: PIE: Created PIE world by copying editor world from /Game/ForTesting/TestLevelEQS.TestLevelEQS to /Game/ForTesting/UEDPIE_0_TestLevelEQS.TestLevelEQS (0.014123s)
[2017.01.23-14.05.09:793][869]LogInit: XAudio2 using 'Speakers (SteelSeries Siberia Elite)' : 2 channels at 48 kHz using 16 bits per sample (channel mask 0x3)
[2017.01.23-14.05.09:803][869]LogInit: FAudioDevice initialized.
[2017.01.23-14.05.09:873][869]LogLoad: Game class is 'GameModeBase'
[2017.01.23-14.05.09:876][869]LogWorld: Bringing World /Game/ForTesting/UEDPIE_0_TestLevelEQS.TestLevelEQS up for play (max tick rate 0) at 2017.01.23-16.05.09
[2017.01.23-14.05.09:877][869]LogWorld: Bringing up level for play took: 0.003539
[2017.01.23-14.05.09:948][869]LogContentBrowser: Native class hierarchy updated for 'MovieSceneCapture' in 0.0053 seconds. Added 11 classes and 0 folders.
[2017.01.23-14.05.09:955][869]PIE: Info Play in editor start time for /Game/ForTesting/UEDPIE_0_TestLevelEQS 0.571
[2017.01.23-14.05.09:956][869]LogBlueprintUserMessages: Late PlayInEditor Detection: Level '/Game/ForTesting/TestLevelEQS.TestLevelEQS:PersistentLevel' has LevelScriptBlueprint '/Game/ForTesting/TestLevelEQS.TestLevelEQS:PersistentLevel.TestLevelEQS' with GeneratedClass '/Game/ForTesting/TestLevelEQS.TestLevelEQS_C' with ClassGeneratedBy '/Game/ForTesting/TestLevelEQS.TestLevelEQS:PersistentLevel.TestLevelEQS'
[2017.01.23-14.05.09:990][869]LogRenderer: Reallocating scene render targets to support 1932x1116 NumSamples 1 (Frame:5499).
[2017.01.23-14.05.10:023][870]LogCharacter: BaseCharacterEQS10 is trying to crouch, but crouching is disabled on this character! (check CharacterMovement NavAgentSettings)
[2017.01.23-14.05.10:348][893]LogParticles:Warning: GameplayStatics::SpawnEmitterAtLocation spawned potentially immortal particle system! /Game/ForTesting/UEDPIE_0_TestLevelEQS.TestLevelEQS:PersistentLevel.WorldSettings.ParticleSystemComponent_0 (/Game/Clans/waepons/Ammo/blaster/BlasterHitPE.BlasterHitPE) may stay in world despite never spawning particles after burst spawning is over.
[2017.01.23-14.05.10:499][906]LogParticles:Warning: GameplayStatics::SpawnEmitterAtLocation spawned potentially immortal particle system! /Game/ForTesting/UEDPIE_0_TestLevelEQS.TestLevelEQS:PersistentLevel.WorldSettings.ParticleSystemComponent_1 (/Game/Clans/waepons/Ammo/blaster/BlasterHitPE.BlasterHitPE) may stay in world despite never spawning particles after burst spawning is over.
[2017.01.23-14.05.10:550][910]LogParticles:Warning: GameplayStatics::SpawnEmitterAtLocation spawned potentially immortal particle system! /Game/ForTesting/UEDPIE_0_TestLevelEQS.TestLevelEQS:PersistentLevel.WorldSettings.ParticleSystemComponent_2 (/Game/Clans/waepons/Ammo/blaster/BlasterHitPE.BlasterHitPE) may stay in world despite never spawning particles after burst spawning is over.
[2017.01.23-14.05.10:649][918]LogParticles:Warning: GameplayStatics::SpawnEmitterAtLocation spawned potentially immortal particle system! /Game/ForTesting/UEDPIE_0_TestLevelEQS.TestLevelEQS:PersistentLevel.WorldSettings.ParticleSystemComponent_3 (/Game/Clans/waepons/Ammo/blaster/BlasterHitPE.BlasterHitPE) may stay in world despite never spawning particles after burst spawning is over.
[2017.01.23-14.05.10:711][923]LogParticles:Warning: GameplayStatics::SpawnEmitterAtLocation spawned potentially immortal particle system! /Game/ForTesting/UEDPIE_0_TestLevelEQS.TestLevelEQS:PersistentLevel.WorldSettings.ParticleSystemComponent_4 (/Game/Clans/waepons/Ammo/blaster/BlasterHitPE.BlasterHitPE) may stay in world despite never spawning particles after burst spawning is over.
[2017.01.23-14.05.10:982][945]LogParticles:Warning: GameplayStatics::SpawnEmitterAtLocation spawned potentially immortal particle system! /Game/ForTesting/UEDPIE_0_TestLevelEQS.TestLevelEQS:PersistentLevel.WorldSettings.ParticleSystemComponent_5 (/Game/Clans/waepons/Ammo/blaster/BlasterHitPE.BlasterHitPE) may stay in world despite never spawning particles after burst spawning is over.
[2017.01.23-14.05.10:995][946]LogParticles:Warning: GameplayStatics::SpawnEmitterAtLocation spawned potentially immortal particle system! /Game/ForTesting/UEDPIE_0_TestLevelEQS.TestLevelEQS:PersistentLevel.WorldSettings.ParticleSystemComponent_6 (/Game/Clans/waepons/Ammo/blaster/BlasterHitPE.BlasterHitPE) may stay in world despite never spawning particles after burst spawning is over.
[2017.01.23-14.05.11:215][963]LogParticles:Warning: GameplayStatics::SpawnEmitterAtLocation spawned potentially immortal particle system! /Game/ForTesting/UEDPIE_0_TestLevelEQS.TestLevelEQS:PersistentLevel.WorldSettings.ParticleSystemComponent_7 (/Game/Clans/waepons/Ammo/blaster/BlasterHitPE.BlasterHitPE) may stay in world despite never spawning particles after burst spawning is over.
[2017.01.23-14.05.11:241][965]LogParticles:Warning: GameplayStatics::SpawnEmitterAtLocation spawned potentially immortal particle system! /Game/ForTesting/UEDPIE_0_TestLevelEQS.TestLevelEQS:PersistentLevel.WorldSettings.ParticleSystemComponent_8 (/Game/Clans/waepons/Ammo/blaster/BlasterHitPE.BlasterHitPE) may stay in world despite never spawning particles after burst spawning is over.
[2017.01.23-14.05.11:419][979]LogBlueprintUserMessages: [BaseCharContr_C_0] false
[2017.01.23-14.05.11:445][981]LogParticles:Warning: GameplayStatics::SpawnEmitterAtLocation spawned potentially immortal particle system! /Game/ForTesting/UEDPIE_0_TestLevelEQS.TestLevelEQS:PersistentLevel.WorldSettings.ParticleSystemComponent_9 (/Game/Clans/waepons/Ammo/blaster/BlasterHitPE.BlasterHitPE) may stay in world despite never spawning particles after burst spawning is over.
[2017.01.23-14.05.12:769][ 85]LogParticles:Warning: GameplayStatics::SpawnEmitterAtLocation spawned potentially immortal particle system! /Game/ForTesting/UEDPIE_0_TestLevelEQS.TestLevelEQS:PersistentLevel.WorldSettings.ParticleSystemComponent_10 (/Game/Clans/waepons/Ammo/blaster/BlasterHitPE.BlasterHitPE) may stay in world despite never spawning particles after burst spawning is over.
[2017.01.23-14.05.12:788][ 86]LogParticles:Warning: GameplayStatics::SpawnEmitterAtLocation spawned potentially immortal particle system! /Game/ForTesting/UEDPIE_0_TestLevelEQS.TestLevelEQS:PersistentLevel.WorldSettings.ParticleSystemComponent_11 (/Game/Clans/waepons/Ammo/blaster/BlasterHitPE.BlasterHitPE) may stay in world despite never spawning particles after burst spawning is over.
[2017.01.23-14.05.12:845][ 89]LogBlueprintUserMessages: [BaseCharContr_C_1] false
[2017.01.23-14.05.12:983][ 98]LogParticles:Warning: GameplayStatics::SpawnEmitterAtLocation spawned potentially immortal particle system! /Game/ForTesting/UEDPIE_0_TestLevelEQS.TestLevelEQS:PersistentLevel.WorldSettings.ParticleSystemComponent_12 (/Game/Clans/waepons/Ammo/blaster/BlasterHitPE.BlasterHitPE) may stay in world despite never spawning particles after burst spawning is over.
[2017.01.23-14.05.13:331][123]LogWindows: Windows GetLastError: The operation completed successfully. (0)
