Log file open, 01/28/17 22:05:24
LogInit:Display: Running engine for game: LeagueOfLegends
LogPlatformFile: Not using cached read wrapper
LogInit:Display: RandInit(-22170460) SRandInit(-22170460).
LogTaskGraph: Started task graph with 5 named threads and 8 total threads with 1 sets of task threads.
LogStats: Stats thread started at 0.075958
LogPluginManager: Loaded Plugin Paper2D, From E:/EPIC_GAMES/Epic Games/4.14/Engine/Plugins/2D/Paper2D/Paper2D.uplugin
LogPluginManager: Loaded Plugin LightPropagationVolume, From E:/EPIC_GAMES/Epic Games/4.14/Engine/Plugins/Blendables/LightPropagationVolume/LightPropagationVolume.uplugin
LogPluginManager: Loaded Plugin BlankPlugin, From E:/EPIC_GAMES/Epic Games/4.14/Engine/Plugins/Developer/BlankPlugin/BlankPlugin.uplugin
LogPluginManager: Loaded Plugin CodeLiteSourceCodeAccess, From E:/EPIC_GAMES/Epic Games/4.14/Engine/Plugins/Developer/CodeLiteSourceCodeAccess/CodeLiteSourceCodeAccess.uplugin
LogPluginManager: Loaded Plugin GitSourceControl, From E:/EPIC_GAMES/Epic Games/4.14/Engine/Plugins/Developer/GitSourceControl/GitSourceControl.uplugin
LogPluginManager: Loaded Plugin KDevelopSourceCodeAccess, From E:/EPIC_GAMES/Epic Games/4.14/Engine/Plugins/Developer/KDevelopSourceCodeAccess/KDevelopSourceCodeAccess.uplugin
LogPluginManager: Loaded Plugin NullSourceCodeAccess, From E:/EPIC_GAMES/Epic Games/4.14/Engine/Plugins/Developer/NullSourceCodeAccess/NullSourceCodeAccess.uplugin
LogPluginManager: Loaded Plugin OneSkyLocalizationService, From E:/EPIC_GAMES/Epic Games/4.14/Engine/Plugins/Developer/OneSkyLocalizationService/OneSkyLocalizationService.uplugin
LogPluginManager: Loaded Plugin PerforceSourceControl, From E:/EPIC_GAMES/Epic Games/4.14/Engine/Plugins/Developer/PerforceSourceControl/PerforceSourceControl.uplugin
LogPluginManager: Loaded Plugin SubversionSourceControl, From E:/EPIC_GAMES/Epic Games/4.14/Engine/Plugins/Developer/SubversionSourceControl/SubversionSourceControl.uplugin
LogPluginManager: Loaded Plugin UObjectPlugin, From E:/EPIC_GAMES/Epic Games/4.14/Engine/Plugins/Developer/UObjectPlugin/UObjectPlugin.uplugin
LogPluginManager: Loaded Plugin VisualStudioSourceCodeAccess, From E:/EPIC_GAMES/Epic Games/4.14/Engine/Plugins/Developer/VisualStudioSourceCodeAccess/VisualStudioSourceCodeAccess.uplugin
LogPluginManager: Loaded Plugin XCodeSourceCodeAccess, From E:/EPIC_GAMES/Epic Games/4.14/Engine/Plugins/Developer/XCodeSourceCodeAccess/XCodeSourceCodeAccess.uplugin
LogPluginManager: Loaded Plugin AudioCapture, From E:/EPIC_GAMES/Epic Games/4.14/Engine/Plugins/Editor/AudioCapture/AudioCapture.uplugin
LogPluginManager: Loaded Plugin EpicSurvey, From E:/EPIC_GAMES/Epic Games/4.14/Engine/Plugins/Editor/EpicSurvey/EpicSurvey.uplugin
LogPluginManager: Loaded Plugin MacGraphicsSwitching, From E:/EPIC_GAMES/Epic Games/4.14/Engine/Plugins/Editor/MacGraphicsSwitching/MacGraphicsSwitching.uplugin
LogPluginManager: Loaded Plugin MobileLauncherProfileWizard, From E:/EPIC_GAMES/Epic Games/4.14/Engine/Plugins/Editor/MobileLauncherProfileWizard/MobileLauncherProfileWizard.uplugin
LogPluginManager: Loaded Plugin PluginBrowser, From E:/EPIC_GAMES/Epic Games/4.14/Engine/Plugins/Editor/PluginBrowser/PluginBrowser.uplugin
LogPluginManager: Loaded Plugin SpeedTreeImporter, From E:/EPIC_GAMES/Epic Games/4.14/Engine/Plugins/Editor/SpeedTreeImporter/SpeedTreeImporter.uplugin
LogPluginManager: Loaded Plugin SuperSearchEditor, From E:/EPIC_GAMES/Epic Games/4.14/Engine/Plugins/Editor/SuperSearchEditor/SuperSearchEditor.uplugin
LogPluginManager: Loaded Plugin AlembicImporter, From E:/EPIC_GAMES/Epic Games/4.14/Engine/Plugins/Experimental/AlembicImporter/AlembicImporter.uplugin
LogPluginManager: Loaded Plugin BlueprintStats, From E:/EPIC_GAMES/Epic Games/4.14/Engine/Plugins/Experimental/BlueprintStats/BlueprintStats.uplugin
LogPluginManager: Loaded Plugin CharacterAI, From E:/EPIC_GAMES/Epic Games/4.14/Engine/Plugins/Experimental/CharacterAI/CharacterAI.uplugin
LogPluginManager: Loaded Plugin CodeEditor, From E:/EPIC_GAMES/Epic Games/4.14/Engine/Plugins/Experimental/CodeEditor/CodeEditor.uplugin
LogPluginManager: Loaded Plugin CodeView, From E:/EPIC_GAMES/Epic Games/4.14/Engine/Plugins/Experimental/CodeView/CodeView.uplugin
LogPluginManager: Loaded Plugin HTML5Networking, From E:/EPIC_GAMES/Epic Games/4.14/Engine/Plugins/Experimental/HTML5Networking/HTML5Networking.uplugin
LogPluginManager: Loaded Plugin OSVR, From E:/EPIC_GAMES/Epic Games/4.14/Engine/Plugins/Experimental/OSVR/OSVR.uplugin
LogPluginManager: Loaded Plugin Phya, From E:/EPIC_GAMES/Epic Games/4.14/Engine/Plugins/Experimental/Phya/Phya.uplugin
LogPluginManager: Loaded Plugin SignificanceManager, From E:/EPIC_GAMES/Epic Games/4.14/Engine/Plugins/Experimental/SignificanceManager/SignificanceManager.uplugin
LogPluginManager: Loaded Plugin SimpleHMD, From E:/EPIC_GAMES/Epic Games/4.14/Engine/Plugins/Experimental/SimpleHMD/SimpleHMD.uplugin
LogPluginManager: Loaded Plugin StereoPanorama, From E:/EPIC_GAMES/Epic Games/4.14/Engine/Plugins/Experimental/StereoPanorama/StereoPanorama.uplugin
LogPluginManager: Loaded Plugin StructBox, From E:/EPIC_GAMES/Epic Games/4.14/Engine/Plugins/Experimental/StructBox/StructBox.uplugin
LogPluginManager: Loaded Plugin AndroidMedia, From E:/EPIC_GAMES/Epic Games/4.14/Engine/Plugins/Media/AndroidMedia/AndroidMedia.uplugin
LogPluginManager: Loaded Plugin AvfMedia, From E:/EPIC_GAMES/Epic Games/4.14/Engine/Plugins/Media/AvfMedia/AvfMedia.uplugin
LogPluginManager: Loaded Plugin MediaPlayerEditor, From E:/EPIC_GAMES/Epic Games/4.14/Engine/Plugins/Media/MediaPlayerEditor/MediaPlayerEditor.uplugin
LogPluginManager: Loaded Plugin WmfMedia, From E:/EPIC_GAMES/Epic Games/4.14/Engine/Plugins/Media/WmfMedia/WmfMedia.uplugin
LogPluginManager: Loaded Plugin MessagingDebugger, From E:/EPIC_GAMES/Epic Games/4.14/Engine/Plugins/Messaging/MessagingDebugger/MessagingDebugger.uplugin
LogPluginManager: Loaded Plugin TcpMessaging, From E:/EPIC_GAMES/Epic Games/4.14/Engine/Plugins/Messaging/TcpMessaging/TcpMessaging.uplugin
LogPluginManager: Loaded Plugin UdpMessaging, From E:/EPIC_GAMES/Epic Games/4.14/Engine/Plugins/Messaging/UdpMessaging/UdpMessaging.uplugin
LogPluginManager: Loaded Plugin LevelSequenceEditor, From E:/EPIC_GAMES/Epic Games/4.14/Engine/Plugins/MovieScene/LevelSequenceEditor/LevelSequenceEditor.uplugin
LogPluginManager: Loaded Plugin MatineeToLevelSequence, From E:/EPIC_GAMES/Epic Games/4.14/Engine/Plugins/MovieScene/MatineeToLevelSequence/MatineeToLevelSequence.uplugin
LogPluginManager: Loaded Plugin NetcodeUnitTest, From E:/EPIC_GAMES/Epic Games/4.14/Engine/Plugins/NetcodeUnitTest/NetcodeUnitTest/NetcodeUnitTest.uplugin
LogPluginManager: Loaded Plugin NUTUnrealEngine4, From E:/EPIC_GAMES/Epic Games/4.14/Engine/Plugins/NetcodeUnitTest/NUTUnrealEngine4/NUTUnrealEngine4.uplugin
LogPluginManager: Loaded Plugin OnlineSubsystemGameCircle, From E:/EPIC_GAMES/Epic Games/4.14/Engine/Plugins/Online/Android/OnlineSubsystemGameCircle/OnlineSubsystemGameCircle.uplugin
LogPluginManager: Loaded Plugin OnlineSubsystemGooglePlay, From E:/EPIC_GAMES/Epic Games/4.14/Engine/Plugins/Online/Android/OnlineSubsystemGooglePlay/OnlineSubsystemGooglePlay.uplugin
LogPluginManager: Loaded Plugin OnlineSubsystemIOS, From E:/EPIC_GAMES/Epic Games/4.14/Engine/Plugins/Online/IOS/OnlineSubsystemIOS/OnlineSubsystemIOS.uplugin
LogPluginManager: Loaded Plugin OnlineFramework, From E:/EPIC_GAMES/Epic Games/4.14/Engine/Plugins/Online/OnlineFramework/OnlineFramework.uplugin
LogPluginManager: Loaded Plugin OnlineSubsystem, From E:/EPIC_GAMES/Epic Games/4.14/Engine/Plugins/Online/OnlineSubsystem/OnlineSubsystem.uplugin
LogPluginManager: Loaded Plugin OnlineSubsystemAmazon, From E:/EPIC_GAMES/Epic Games/4.14/Engine/Plugins/Online/OnlineSubsystemAmazon/OnlineSubsystemAmazon.uplugin
LogPluginManager: Loaded Plugin OnlineSubsystemFacebook, From E:/EPIC_GAMES/Epic Games/4.14/Engine/Plugins/Online/OnlineSubsystemFacebook/OnlineSubsystemFacebook.uplugin
LogPluginManager: Loaded Plugin OnlineSubsystemNull, From E:/EPIC_GAMES/Epic Games/4.14/Engine/Plugins/Online/OnlineSubsystemNull/OnlineSubsystemNull.uplugin
LogPluginManager: Loaded Plugin OnlineSubsystemOculus, From E:/EPIC_GAMES/Epic Games/4.14/Engine/Plugins/Online/OnlineSubsystemOculus/OnlineSubsystemOculus.uplugin
LogPluginManager: Loaded Plugin OnlineSubsystemSteam, From E:/EPIC_GAMES/Epic Games/4.14/Engine/Plugins/Online/OnlineSubsystemSteam/OnlineSubsystemSteam.uplugin
LogPluginManager: Loaded Plugin OnlineSubsystemUtils, From E:/EPIC_GAMES/Epic Games/4.14/Engine/Plugins/Online/OnlineSubsystemUtils/OnlineSubsystemUtils.uplugin
LogPluginManager: Loaded Plugin IOSTapJoy, From E:/EPIC_GAMES/Epic Games/4.14/Engine/Plugins/Runtime/Advertising/IOSTapJoy/IOSTapJoy.uplugin
LogPluginManager: Loaded Plugin AnalyticsBlueprintLibrary, From E:/EPIC_GAMES/Epic Games/4.14/Engine/Plugins/Runtime/Analytics/AnalyticsBlueprintLibrary/AnalyticsBlueprintLibrary.uplugin
LogPluginManager: Loaded Plugin AnalyticsMulticast, From E:/EPIC_GAMES/Epic Games/4.14/Engine/Plugins/Runtime/Analytics/AnalyticsMulticast/AnalyticsMulticast.uplugin
LogPluginManager: Loaded Plugin Apsalar, From E:/EPIC_GAMES/Epic Games/4.14/Engine/Plugins/Runtime/Analytics/Apsalar/Apsalar.uplugin
LogPluginManager: Loaded Plugin FileLogging, From E:/EPIC_GAMES/Epic Games/4.14/Engine/Plugins/Runtime/Analytics/FileLogging/FileLogging.uplugin
LogPluginManager: Loaded Plugin Flurry, From E:/EPIC_GAMES/Epic Games/4.14/Engine/Plugins/Runtime/Analytics/Flurry/Flurry.uplugin
LogPluginManager: Loaded Plugin AndroidDeviceProfileSelector, From E:/EPIC_GAMES/Epic Games/4.14/Engine/Plugins/Runtime/AndroidDeviceProfileSelector/AndroidDeviceProfileSelector.uplugin
LogPluginManager: Loaded Plugin AndroidMoviePlayer, From E:/EPIC_GAMES/Epic Games/4.14/Engine/Plugins/Runtime/AndroidMoviePlayer/AndroidMoviePlayer.uplugin
LogPluginManager: Loaded Plugin AppleMoviePlayer, From E:/EPIC_GAMES/Epic Games/4.14/Engine/Plugins/Runtime/AppleMoviePlayer/AppleMoviePlayer.uplugin
LogPluginManager: Loaded Plugin ArchVisCharacter, From E:/EPIC_GAMES/Epic Games/4.14/Engine/Plugins/Runtime/ArchVisCharacter/ArchVisCharacter.uplugin
LogPluginManager: Loaded Plugin CableComponent, From E:/EPIC_GAMES/Epic Games/4.14/Engine/Plugins/Runtime/CableComponent/CableComponent.uplugin
LogPluginManager: Loaded Plugin CustomMeshComponent, From E:/EPIC_GAMES/Epic Games/4.14/Engine/Plugins/Runtime/CustomMeshComponent/CustomMeshComponent.uplugin
LogPluginManager: Loaded Plugin ExampleDeviceProfileSelector, From E:/EPIC_GAMES/Epic Games/4.14/Engine/Plugins/Runtime/ExampleDeviceProfileSelector/ExampleDeviceProfileSelector.uplugin
LogPluginManager: Loaded Plugin GearVR, From E:/EPIC_GAMES/Epic Games/4.14/Engine/Plugins/Runtime/GearVR/GearVR.uplugin
LogPluginManager: Loaded Plugin GoogleVRController, From E:/EPIC_GAMES/Epic Games/4.14/Engine/Plugins/Runtime/GoogleVR/GoogleVRController/GoogleVRController.uplugin
LogPluginManager: Loaded Plugin GoogleVRHMD, From E:/EPIC_GAMES/Epic Games/4.14/Engine/Plugins/Runtime/GoogleVR/GoogleVRHMD/GoogleVRHMD.uplugin
LogPluginManager: Loaded Plugin IOSDeviceProfileSelector, From E:/EPIC_GAMES/Epic Games/4.14/Engine/Plugins/Runtime/IOSDeviceProfileSelector/IOSDeviceProfileSelector.uplugin
LogPluginManager: Loaded Plugin LeapMotion, From E:/EPIC_GAMES/Epic Games/4.14/Engine/Plugins/Runtime/LeapMotion/LeapMotion.uplugin
LogPluginManager: Loaded Plugin LinuxDeviceProfileSelector, From E:/EPIC_GAMES/Epic Games/4.14/Engine/Plugins/Runtime/LinuxDeviceProfileSelector/LinuxDeviceProfileSelector.uplugin
LogPluginManager: Loaded Plugin MIDIDevice, From E:/EPIC_GAMES/Epic Games/4.14/Engine/Plugins/Runtime/MIDIDevice/MIDIDevice.uplugin
LogPluginManager: Loaded Plugin MobilePatchingUtils, From E:/EPIC_GAMES/Epic Games/4.14/Engine/Plugins/Runtime/MobilePatchingUtils/MobilePatchingUtils.uplugin
LogPluginManager: Loaded Plugin Ansel, From E:/EPIC_GAMES/Epic Games/4.14/Engine/Plugins/Runtime/Nvidia/Ansel/Ansel.uplugin
LogPluginManager: Loaded Plugin OculusAudio, From E:/EPIC_GAMES/Epic Games/4.14/Engine/Plugins/Runtime/OculusAudio/OculusAudio.uplugin
LogPluginManager: Loaded Plugin OculusInput, From E:/EPIC_GAMES/Epic Games/4.14/Engine/Plugins/Runtime/OculusInput/OculusInput.uplugin
LogPluginManager: Loaded Plugin OculusLibrary, From E:/EPIC_GAMES/Epic Games/4.14/Engine/Plugins/Runtime/OculusLibrary/OculusLibrary.uplugin
LogPluginManager: Loaded Plugin OculusRift, From E:/EPIC_GAMES/Epic Games/4.14/Engine/Plugins/Runtime/OculusRift/OculusRift.uplugin
LogPluginManager: Loaded Plugin Oodle, From E:/EPIC_GAMES/Epic Games/4.14/Engine/Plugins/Runtime/PacketHandlers/CompressionComponents/Oodle/Oodle.uplugin
LogPluginManager: Loaded Plugin ProceduralMeshComponent, From E:/EPIC_GAMES/Epic Games/4.14/Engine/Plugins/Runtime/ProceduralMeshComponent/ProceduralMeshComponent.uplugin
LogPluginManager: Loaded Plugin SoundMod, From E:/EPIC_GAMES/Epic Games/4.14/Engine/Plugins/Runtime/SoundMod/SoundMod.uplugin
LogPluginManager: Loaded Plugin SoundVisualizations, From E:/EPIC_GAMES/Epic Games/4.14/Engine/Plugins/Runtime/SoundVisualizations/SoundVisualizations.uplugin
LogPluginManager: Loaded Plugin SteamController, From E:/EPIC_GAMES/Epic Games/4.14/Engine/Plugins/Runtime/Steam/SteamController/SteamController.uplugin
LogPluginManager: Loaded Plugin SteamVR, From E:/EPIC_GAMES/Epic Games/4.14/Engine/Plugins/Runtime/Steam/SteamVR/SteamVR.uplugin
LogPluginManager: Loaded Plugin WebBrowserWidget, From E:/EPIC_GAMES/Epic Games/4.14/Engine/Plugins/Runtime/WebBrowserWidget/WebBrowserWidget.uplugin
LogPluginManager: Loaded Plugin WindowsDeviceProfileSelector, From E:/EPIC_GAMES/Epic Games/4.14/Engine/Plugins/Runtime/WindowsDeviceProfileSelector/WindowsDeviceProfileSelector.uplugin
LogPluginManager: Loaded Plugin WindowsMoviePlayer, From E:/EPIC_GAMES/Epic Games/4.14/Engine/Plugins/Runtime/WindowsMoviePlayer/WindowsMoviePlayer.uplugin
LogPluginManager: Loaded Plugin ScriptPlugin, From E:/EPIC_GAMES/Epic Games/4.14/Engine/Plugins/ScriptPlugin/ScriptPlugin.uplugin
LogPluginManager: Loaded Plugin SlateRemote, From E:/EPIC_GAMES/Epic Games/4.14/Engine/Plugins/Slate/SlateRemote/SlateRemote.uplugin
LogPluginManager: Loaded Plugin EditorTests, From E:/EPIC_GAMES/Epic Games/4.14/Engine/Plugins/Tests/EditorTests/EditorTests.uplugin
LogPluginManager: Loaded Plugin FbxAutomationTestBuilder, From E:/EPIC_GAMES/Epic Games/4.14/Engine/Plugins/Tests/FbxAutomationTestBuilder/FbxAutomationTestBuilder.uplugin
LogPluginManager: Loaded Plugin FunctionalTestingEditor, From E:/EPIC_GAMES/Epic Games/4.14/Engine/Plugins/Tests/FunctionalTestingEditor/FunctionalTestingEditor.uplugin
LogPluginManager: Loaded Plugin RuntimeTests, From E:/EPIC_GAMES/Epic Games/4.14/Engine/Plugins/Tests/RuntimeTests/RuntimeTests.uplugin
LogPluginManager: Loaded Plugin ScreenshotTools, From E:/EPIC_GAMES/Epic Games/4.14/Engine/Plugins/Tests/ScreenshotTools/ScreenshotTools.uplugin
LogInit: Using libcurl 7.47.1
LogInit:  - built for x86_64-pc-win32
LogInit:  - supports SSL with OpenSSL/1.0.2g
LogInit:  - supports HTTP deflate (compression) using libz 1.2.8
LogInit:  - other features:
LogInit:      CURL_VERSION_SSL
LogInit:      CURL_VERSION_LIBZ
LogInit:      CURL_VERSION_IPV6
LogInit:      CURL_VERSION_ASYNCHDNS
LogInit:      CURL_VERSION_LARGEFILE
LogInit:      CURL_VERSION_IDN
LogInit:  CurlRequestOptions (configurable via config and command line):
LogInit:  - bVerifyPeer = false  - Libcurl will NOT verify peer certificate
LogInit:  - bUseHttpProxy = false  - Libcurl will NOT use HTTP proxy
LogInit:  - bDontReuseConnections = false  - Libcurl will reuse connections
LogInit:  - CertBundlePath = nullptr  - Libcurl will use whatever was configured at build time.
LogInit: Build: ++UE4+Release-4.14-CL-3249277
LogInit: Engine Version: 4.14.3-3249277+++UE4+Release-4.14
LogInit: Compatible Engine Version: 4.14.0-3195953+++UE4+Release-4.14
LogInit: Net CL: 3195953
LogDevObjectVersion: Number of dev versions registered: 13
LogDevObjectVersion:   Dev-Blueprints (B0D832E4-1F89-4F0D-ACCF-7EB736FD4AA2): 7
LogDevObjectVersion:   Dev-Build (E1C64328-A22C-4D53-A36C-8E866417BD8C): 0
LogDevObjectVersion:   Dev-Core (375EC13C-06E4-48FB-B500-84F0262A717E): 1
LogDevObjectVersion:   Dev-Editor (E4B068ED-F494-42E9-A231-DA0B2E46BB41): 8
LogDevObjectVersion:   Dev-Framework (CFFC743F-43B0-4480-9391-14DF171D2073): 17
LogDevObjectVersion:   Dev-Mobile (B02B49B5-BB20-44E9-A304-32B752E40360): 0
LogDevObjectVersion:   Dev-Networking (A4E4105C-59A1-49B5-A7C5-40C4547EDFEE): 0
LogDevObjectVersion:   Dev-Online (39C831C9-5AE6-47DC-9A44-9C173E1C8E7C): 0
LogDevObjectVersion:   Dev-Physics (78F01B33-EBEA-4F98-B9B4-84EACCB95AA2): 0
LogDevObjectVersion:   Dev-Platform (6631380F-2D4D-43E0-8009-CF276956A95A): 0
LogDevObjectVersion:   Dev-Rendering (12F88B9F-8875-4AFC-A67C-D90C383ABD29): 12
LogDevObjectVersion:   Dev-Sequencer (7B5AE74C-D270-4C10-A958-57980B212A5A): 1
LogDevObjectVersion:   Dev-VR (D7296918-1DD6-4BDD-9DE2-64A83CC13884): 0
LogInit: Compiled (64-bit): Jan  6 2017 10:49:43
LogInit: Compiled with Visual C++: 19.00.23026.00
LogInit: Build Configuration: Development
LogInit: Branch Name: ++UE4+Release-4.14
LogInit: Command line:  /Temp/Autosaves/Game/ForTesting/UEDPCTestLevelEQS -game -PIEVIACONSOLE -ResX=1600 -ResY=900  -Multiprocess -messaging -SessionName="Play in Standalone Game" -windowed 
LogInit: Base directory: E:/EPIC_GAMES/Epic Games/4.14/Engine/Binaries/Win64/
LogInit: Installed Engine Build: 1
LogInit: Presizing for max 8388607 objects, including 0 objects not considered by GC, pre-allocating 0 bytes for permanent pool.
LogInit: Object subsystem initialized
[2017.01.28-20.05.24:774][  0]LogInit: Selected Device Profile: [Windows]
[2017.01.28-20.05.24:774][  0]LogInit: Applying CVar settings loaded from the selected device profile: [Windows]
[2017.01.28-20.05.24:777][  0]LogInit: Computer: DESKTOP-9NTOOK5
[2017.01.28-20.05.24:777][  0]LogInit: User: user
[2017.01.28-20.05.24:777][  0]LogInit: CPU Page size=65536, Cores=4
[2017.01.28-20.05.24:777][  0]LogInit: High frequency timer resolution =3.312645 MHz
[2017.01.28-20.05.24:777][  0]LogMemory: Memory total: Physical=15.9GB (16GB approx)
[2017.01.28-20.05.24:777][  0]LogMemory: Platform Memory Stats for Windows
[2017.01.28-20.05.24:777][  0]LogMemory: Process Physical Memory: 266.66 MB used, 266.66 MB peak
[2017.01.28-20.05.24:777][  0]LogMemory: Process Virtual Memory: 263.02 MB used, 263.02 MB peak
[2017.01.28-20.05.24:777][  0]LogMemory: Physical Memory: 7857.10 MB used,  8416.90 MB free, 16274.00 MB total
[2017.01.28-20.05.24:777][  0]LogMemory: Virtual Memory: 676.41 MB used,  8416.90 MB free, 134217728.00 MB total
[2017.01.28-20.05.24:799][  0]LogTextLocalizationManager: No specific translations for ('en-US') exist, so ('en') translations will be used.
[2017.01.28-20.05.25:190][  0]LogD3D11RHI: D3D11 adapters:
[2017.01.28-20.05.25:205][  0]LogD3D11RHI:    0. 'AMD Radeon HD 7800 Series' (Feature Level 11_0)
[2017.01.28-20.05.25:205][  0]LogD3D11RHI:       2029/0/8137 MB DedicatedVideo/DedicatedSystem/SharedSystem, Outputs:2, VendorId:0x1002
[2017.01.28-20.05.25:211][  0]LogD3D11RHI:    1. 'Intel(R) HD Graphics 4600' (Feature Level 11_0)
[2017.01.28-20.05.25:211][  0]LogD3D11RHI:       112/0/2048 MB DedicatedVideo/DedicatedSystem/SharedSystem, Outputs:0, VendorId:0x8086
[2017.01.28-20.05.25:212][  0]LogD3D11RHI:    2. 'Microsoft Basic Render Driver' (Feature Level 11_0)
[2017.01.28-20.05.25:212][  0]LogD3D11RHI:       0/0/8137 MB DedicatedVideo/DedicatedSystem/SharedSystem, Outputs:0, VendorId:0x1414
[2017.01.28-20.05.25:212][  0]LogD3D11RHI: Chosen D3D11 Adapter: 0
[2017.01.28-20.05.25:217][  0]LogD3D11RHI: Creating new Direct3DDevice
[2017.01.28-20.05.25:217][  0]LogD3D11RHI:     GPU DeviceId: 0x6818 (for the marketing name, search the web for "GPU Device Id")
[2017.01.28-20.05.25:217][  0]LogWindows: EnumDisplayDevices:
[2017.01.28-20.05.25:217][  0]LogWindows:    0. 'AMD Radeon HD 7800 Series' (P:1 D:1)
[2017.01.28-20.05.25:218][  0]LogWindows:    1. 'AMD Radeon HD 7800 Series' (P:0 D:1)
[2017.01.28-20.05.25:218][  0]LogWindows:    2. 'AMD Radeon HD 7800 Series' (P:0 D:0)
[2017.01.28-20.05.25:218][  0]LogWindows:    3. 'AMD Radeon HD 7800 Series' (P:0 D:0)
[2017.01.28-20.05.25:218][  0]LogWindows:    4. 'AMD Radeon HD 7800 Series' (P:0 D:0)
[2017.01.28-20.05.25:218][  0]LogWindows:    5. 'AMD Radeon HD 7800 Series' (P:0 D:0)
[2017.01.28-20.05.25:219][  0]LogWindows:    6. 'Intel(R) HD Graphics 4600' (P:0 D:0)
[2017.01.28-20.05.25:219][  0]LogWindows:    7. 'Intel(R) HD Graphics 4600' (P:0 D:0)
[2017.01.28-20.05.25:219][  0]LogWindows:    8. 'Intel(R) HD Graphics 4600' (P:0 D:0)
[2017.01.28-20.05.25:219][  0]LogWindows: DebugString: PrimaryIsNotTheChoosenAdapter PrimaryIsNotTheChoosenAdapter PrimaryIsNotTheChoosenAdapter FoundDriverCount:6 
[2017.01.28-20.05.25:219][  0]LogD3D11RHI:     Adapter Name: AMD Radeon HD 7800 Series
[2017.01.28-20.05.25:219][  0]LogD3D11RHI:   Driver Version: Crimson 16.6 (internal:21.19.137.514, unified:21.19.137.514)
[2017.01.28-20.05.25:219][  0]LogD3D11RHI:      Driver Date: 11-21-2016
[2017.01.28-20.05.25:219][  0]LogRHI: Texture pool is 1361 MB (70% of 1945 MB)
[2017.01.28-20.05.25:226][  0]LogD3D11RHI: Async texture creation enabled
[2017.01.28-20.05.25:239][  0]LogD3D11RHI: GPU Timing Frequency: 27.000000 (Debug: 2 1)
[2017.01.28-20.05.25:240][  0]LogShaderCompilers: Guid format shader working directory is 19 characters bigger than the processId version (I:/UNREAL/LeagueOfLegends/Intermediate/Shaders/WorkingDirectory/10008/).
[2017.01.28-20.05.25:240][  0]LogShaderCompilers: Cleaned the shader compiler working directory 'C:/Users/user/AppData/Local/Temp/UnrealShaderWorkingDir/6150FDBE432F7BC1B43BD0A589AC2177/'.
[2017.01.28-20.05.25:240][  0]LogShaderCompilers:Display: Using Local Shader Compiler.
[2017.01.28-20.05.26:246][  0]LogTemp:Display: Loaded TP WindowsClientTargetPlatform
[2017.01.28-20.05.26:283][  0]LogTemp:Display: Loaded TP WindowsNoEditorTargetPlatform
[2017.01.28-20.05.26:320][  0]LogTemp:Display: Loaded TP WindowsServerTargetPlatform
[2017.01.28-20.05.26:349][  0]LogTemp:Display: Loaded TP WindowsTargetPlatform
[2017.01.28-20.05.26:349][  0]LogTargetPlatformManager:Display: Building Assets For Windows
[2017.01.28-20.05.26:586][  0]LogDerivedDataCache:Display: Max Cache Size: 512 MB
[2017.01.28-20.05.26:634][  0]LogDerivedDataCache: Loaded boot cache 0.05s 50MB C:/Users/user/AppData/Local/UnrealEngine/4.14/DerivedDataCache/Boot.ddc.
[2017.01.28-20.05.26:635][  0]LogDerivedDataCache:Display: Loaded Boot cache: C:/Users/user/AppData/Local/UnrealEngine/4.14/DerivedDataCache/Boot.ddc
[2017.01.28-20.05.26:635][  0]LogDerivedDataCache: FDerivedDataBackendGraph:  Pak pak cache file I:/UNREAL/LeagueOfLegends/DerivedDataCache/DDC.ddp not found, will not use a pak cache.
[2017.01.28-20.05.26:635][  0]LogDerivedDataCache: Unable to find inner node Pak for hierarchical cache Hierarchy.
[2017.01.28-20.05.26:635][  0]LogDerivedDataCache: FDerivedDataBackendGraph:  CompressedPak pak cache file I:/UNREAL/LeagueOfLegends/DerivedDataCache/Compressed.ddp not found, will not use a pak cache.
[2017.01.28-20.05.26:635][  0]LogDerivedDataCache: Unable to find inner node CompressedPak for hierarchical cache Hierarchy.
[2017.01.28-20.05.26:650][  0]LogDerivedDataCache:Display: Pak cache opened for reading ../../../Engine/DerivedDataCache/Compressed.ddp.
[2017.01.28-20.05.26:662][  0]LogDerivedDataCache: Using Local data cache path C:/Users/user/AppData/Local/UnrealEngine/Common/DerivedDataCache: Writable
[2017.01.28-20.05.26:839][  0]LogAssetRegistry: FAssetRegistry took 0.0001 seconds to start up
[2017.01.28-20.05.26:844][  0]LogPackageLocalizationCache: Processed 3 localized package path(s) for 2 prioritized culture(s) in 0.005081 seconds
[2017.01.28-20.05.26:857][  0]LogInit: Selected Device Profile: [Windows]
[2017.01.28-20.05.26:858][  0]LogContentStreaming: Texture pool size is 1000.00 MB
[2017.01.28-20.05.27:000][  0]LogMeshUtilities: Using QuadricMeshReduction for automatic static mesh reduction
[2017.01.28-20.05.27:026][  0]LogSimplygon: Simplygon DLL not present - disabling.
[2017.01.28-20.05.27:054][  0]LogMeshUtilities: Using SimplygonSwarm for distributed automatic mesh merging
[2017.01.28-20.05.27:054][  0]LogMeshUtilities: No automatic skeletal mesh reduction module available
[2017.01.28-20.05.27:054][  0]LogMeshUtilities: No automatic mesh merging module available
[2017.01.28-20.05.27:474][  0]LogNetVersion: GetLocalNetworkVersion: CL: 3195953, ProjectName: leagueoflegends, ProjectVersion: , EngineNetworkVersion: 2, GameNetworkVersion: 0, NetworkChecksum: 1931824142
[2017.01.28-20.05.27:521][  0]LogInit: WinSock: version 1.1 (2.2), MaxSocks=32767, MaxUdp=65467
[2017.01.28-20.05.27:975][  0]LogSlate: Using Freetype 2.6.0
[2017.01.28-20.05.27:975][  0]LogSlate: SlateFontCache - WITH_FREETYPE: 1, WITH_HARFBUZZ: 1
[2017.01.28-20.05.27:975][  0]LogSlate: SlateFontCache - WITH_FREETYPE: 1, WITH_HARFBUZZ: 1
[2017.01.28-20.05.28:055][  0]LogMoviePlayer: Initializing movie player
[2017.01.28-20.05.28:108][  0]LogWindowsTextInputMethodSystem:Display: IME system now deactivated.
[2017.01.28-20.05.28:394][  0]LogWindowsMoviePlayer: Unable to load movie: I:/UNREAL/LeagueOfLegends/Content/Movies/Default_Startup.mp4
[2017.01.28-20.05.28:515][  0]LogTcpMessaging: Initializing TcpMessaging bridge
[2017.01.28-20.05.28:542][  0]LogUdpMessaging: Initializing bridge on interface 0.0.0.0:0 to multicast group 230.0.0.1:6666.
[2017.01.28-20.05.28:675][  0]SourceControl: Info Source control is disabled
[2017.01.28-20.05.28:675][  0]SourceControl: Info Source control is disabled
[2017.01.28-20.05.28:703][  0]SourceControl: Info Source control is disabled
[2017.01.28-20.05.29:109][  0]LogUObjectArray: 33560 objects as part of root set at end of initial load.
[2017.01.28-20.05.29:109][  0]LogUObjectAllocator: 7437480 out of 0 bytes used by permanent object pool.
[2017.01.28-20.05.29:109][  0]LogUObjectArray: CloseDisregardForGC: 0/0 objects in disregard for GC pool
[2017.01.28-20.05.29:184][  0]LogEngine: Initializing Engine...
[2017.01.28-20.05.29:185][  0]LogHMD: Failed to initialize OpenVR with code 110
[2017.01.28-20.05.29:296][  0]LogInit: XAudio2 using 'Speakers (Realtek High Definition Audio)' : 2 channels at 48 kHz using 32 bits per sample (channel mask 0x3)
[2017.01.28-20.05.29:306][  0]LogInit: FAudioDevice initialized.
[2017.01.28-20.05.29:324][  0]LogInit: Texture streaming: Enabled
[2017.01.28-20.05.29:351][  0]LogMaterial: Uniform references updated for custom material expression Custom.
[2017.01.28-20.05.30:677][  0]LogInit:Display: Game Engine Initialized.
[2017.01.28-20.05.30:790][  0]LogInit:Display: Starting Game.
[2017.01.28-20.05.30:790][  0]LogNet: Browse: /Temp/Autosaves/Game/ForTesting/UEDPCTestLevelEQS?Name=Player
[2017.01.28-20.05.30:790][  0]LogLoad: LoadMap: /Temp/Autosaves/Game/ForTesting/UEDPCTestLevelEQS?Name=Player
[2017.01.28-20.05.30:836][  0]LogMemory: Platform Memory Stats for Windows
[2017.01.28-20.05.30:836][  0]LogMemory: Process Physical Memory: 699.70 MB used, 699.70 MB peak
[2017.01.28-20.05.30:837][  0]LogMemory: Process Virtual Memory: 791.50 MB used, 791.50 MB peak
[2017.01.28-20.05.30:837][  0]LogMemory: Physical Memory: 8239.20 MB used,  8034.80 MB free, 16274.00 MB total
[2017.01.28-20.05.30:837][  0]LogMemory: Virtual Memory: 1493.03 MB used,  8034.80 MB free, 134217728.00 MB total
[2017.01.28-20.05.30:837][  0]LogMemory: 
[2017.01.28-20.05.30:837][  0]Allocator Stats for TBB: (not implemented)
[2017.01.28-20.05.31:245][  0]LogAIModule: Creating AISystem for world TestLevelEQS
[2017.01.28-20.05.31:245][  0]LogLoad: Game class is 'GameModeBase'
[2017.01.28-20.05.31:252][  0]LogScriptCore:Warning: Script Msg: Attempted to set an invalid index on array Tags [0/0]!
[2017.01.28-20.05.31:252][  0]LogScriptCore:Warning: Script Msg: Attempted to set an invalid index on array Tags [1/0]!
[2017.01.28-20.05.31:252][  0]LogScriptCore:Warning: Script Msg: Attempted to set an invalid index on array Tags [0/0]!
[2017.01.28-20.05.31:252][  0]LogScriptCore:Warning: Script Msg: Attempted to set an invalid index on array Tags [1/0]!
[2017.01.28-20.05.31:254][  0]LogScriptCore:Warning: Script Msg: Attempted to set an invalid index on array Tags [0/0]!
[2017.01.28-20.05.31:254][  0]LogScriptCore:Warning: Script Msg: Attempted to set an invalid index on array Tags [1/0]!
[2017.01.28-20.05.31:255][  0]LogScriptCore:Warning: Script Msg: Attempted to set an invalid index on array Tags [0/0]!
[2017.01.28-20.05.31:255][  0]LogScriptCore:Warning: Script Msg: Attempted to set an invalid index on array Tags [1/0]!
[2017.01.28-20.05.31:255][  0]LogWorld: Bringing World /Temp/Autosaves/Game/ForTesting/UEDPCTestLevelEQS.TestLevelEQS up for play (max tick rate 0) at 2017.01.28-22.05.31
[2017.01.28-20.05.31:256][  0]LogWorld: Bringing up level for play took: 0.010565
[2017.01.28-20.05.31:264][  0]LogLoad: Took 0.473842 seconds to LoadMap(/Temp/Autosaves/Game/ForTesting/UEDPCTestLevelEQS)
[2017.01.28-20.05.31:556][  0]LogLoad: (Engine Initialization) Total time: 7.98 seconds
[2017.01.28-20.05.31:556][  0]LogLoad: (Engine Initialization) Total Blueprint compile time: 0.73 seconds
[2017.01.28-20.05.31:556][  0]LogExternalProfiler: Found external profiler: VSPerf
[2017.01.28-20.05.31:556][  0]LogExternalProfiler: Using external profiler: VSPerf
[2017.01.28-20.05.31:572][  0]LogOcInput: OculusInput pre-init called
[2017.01.28-20.05.31:694][  2]LogRenderer: Reallocating scene render targets to support 1600x900 NumSamples 1 (Frame:2).
[2017.01.28-20.05.34:057][137]LogRenderer: Reallocating scene render targets to support 1920x1080 NumSamples 1 (Frame:139).
[2017.01.28-20.05.42:602][660]LogCharacter: OfficerCharacter_260 is trying to crouch, but crouching is disabled on this character! (check CharacterMovement NavAgentSettings)
[2017.01.28-20.05.42:731][668]LogParticles:Warning: GameplayStatics::SpawnEmitterAtLocation spawned potentially immortal particle system! /Temp/Autosaves/Game/ForTesting/UEDPCTestLevelEQS.TestLevelEQS:PersistentLevel.WorldSettings.ParticleSystemComponent_0 (/Game/Clans/waepons/Ammo/blaster/BlasterHitPE.BlasterHitPE) may stay in world despite never spawning particles after burst spawning is over.
[2017.01.28-20.05.42:732][668]LogBlueprintUserMessages: [OfficerController_C_0] true
[2017.01.28-20.05.42:748][669]LogBlueprintUserMessages: [OfficerController_C_0] true
[2017.01.28-20.05.43:151][694]LogCharacter: OfficerCharacter_260 is trying to crouch, but crouching is disabled on this character! (check CharacterMovement NavAgentSettings)
[2017.01.28-20.05.43:263][701]LogParticles:Warning: GameplayStatics::SpawnEmitterAtLocation spawned potentially immortal particle system! /Temp/Autosaves/Game/ForTesting/UEDPCTestLevelEQS.TestLevelEQS:PersistentLevel.WorldSettings.ParticleSystemComponent_1 (/Game/Clans/waepons/Ammo/blaster/BlasterHitPE.BlasterHitPE) may stay in world despite never spawning particles after burst spawning is over.
[2017.01.28-20.05.43:344][706]LogParticles:Warning: GameplayStatics::SpawnEmitterAtLocation spawned potentially immortal particle system! /Temp/Autosaves/Game/ForTesting/UEDPCTestLevelEQS.TestLevelEQS:PersistentLevel.WorldSettings.ParticleSystemComponent_2 (/Game/Clans/waepons/Ammo/blaster/BlasterHitPE.BlasterHitPE) may stay in world despite never spawning particles after burst spawning is over.
[2017.01.28-20.05.43:361][707]LogBlueprintUserMessages: [BaseCharContr_C_0] true
[2017.01.28-20.05.43:522][717]LogBlueprintUserMessages: [BaseCharContr_C_0] true
[2017.01.28-20.05.43:732][730]LogBlueprintUserMessages: [OfficerController_C_0] true
[2017.01.28-20.05.43:747][731]LogParticles:Warning: GameplayStatics::SpawnEmitterAtLocation spawned potentially immortal particle system! /Temp/Autosaves/Game/ForTesting/UEDPCTestLevelEQS.TestLevelEQS:PersistentLevel.WorldSettings.ParticleSystemComponent_3 (/Game/Clans/waepons/Ammo/blaster/BlasterHitPE.BlasterHitPE) may stay in world despite never spawning particles after burst spawning is over.
[2017.01.28-20.05.43:748][731]LogBlueprintUserMessages: [OfficerController_C_0] true
[2017.01.28-20.05.43:989][746]LogParticles:Warning: GameplayStatics::SpawnEmitterAtLocation spawned potentially immortal particle system! /Temp/Autosaves/Game/ForTesting/UEDPCTestLevelEQS.TestLevelEQS:PersistentLevel.WorldSettings.ParticleSystemComponent_4 (/Game/Clans/waepons/Ammo/blaster/BlasterHitPE.BlasterHitPE) may stay in world despite never spawning particles after burst spawning is over.
[2017.01.28-20.05.44:037][749]LogParticles:Warning: GameplayStatics::SpawnEmitterAtLocation spawned potentially immortal particle system! /Temp/Autosaves/Game/ForTesting/UEDPCTestLevelEQS.TestLevelEQS:PersistentLevel.WorldSettings.ParticleSystemComponent_5 (/Game/Clans/waepons/Ammo/blaster/BlasterHitPE.BlasterHitPE) may stay in world despite never spawning particles after burst spawning is over.
[2017.01.28-20.05.44:215][760]LogCharacter: BaseCharacterEQS_232 is trying to crouch, but crouching is disabled on this character! (check CharacterMovement NavAgentSettings)
[2017.01.28-20.05.44:231][761]LogParticles:Warning: GameplayStatics::SpawnEmitterAtLocation spawned potentially immortal particle system! /Temp/Autosaves/Game/ForTesting/UEDPCTestLevelEQS.TestLevelEQS:PersistentLevel.WorldSettings.ParticleSystemComponent_6 (/Game/Clans/waepons/Ammo/blaster/BlasterHitPE.BlasterHitPE) may stay in world despite never spawning particles after burst spawning is over.
[2017.01.28-20.05.44:344][768]LogParticles:Warning: GameplayStatics::SpawnEmitterAtLocation spawned potentially immortal particle system! /Temp/Autosaves/Game/ForTesting/UEDPCTestLevelEQS.TestLevelEQS:PersistentLevel.WorldSettings.ParticleSystemComponent_7 (/Game/Clans/waepons/Ammo/blaster/BlasterHitPE.BlasterHitPE) may stay in world despite never spawning particles after burst spawning is over.
[2017.01.28-20.05.44:344][768]LogParticles:Warning: GameplayStatics::SpawnEmitterAtLocation spawned potentially immortal particle system! /Temp/Autosaves/Game/ForTesting/UEDPCTestLevelEQS.TestLevelEQS:PersistentLevel.WorldSettings.ParticleSystemComponent_8 (/Game/Clans/waepons/Ammo/blaster/BlasterHitPE.BlasterHitPE) may stay in world despite never spawning particles after burst spawning is over.
[2017.01.28-20.05.44:344][768]LogParticles:Warning: GameplayStatics::SpawnEmitterAtLocation spawned potentially immortal particle system! /Temp/Autosaves/Game/ForTesting/UEDPCTestLevelEQS.TestLevelEQS:PersistentLevel.WorldSettings.ParticleSystemComponent_9 (/Game/Clans/waepons/Ammo/blaster/BlasterHitPE.BlasterHitPE) may stay in world despite never spawning particles after burst spawning is over.
[2017.01.28-20.05.44:345][768]LogBlueprintUserMessages: [BaseCharContr_C_0] true
[2017.01.28-20.05.44:361][769]LogBlueprintUserMessages: [BaseCharContr_C_0] true
[2017.01.28-20.05.44:393][771]LogBlueprintUserMessages: [OfficerController_C_0] true
[2017.01.28-20.05.44:409][772]LogBlueprintUserMessages: [OfficerController_C_0] true
[2017.01.28-20.05.44:699][790]LogParticles:Warning: GameplayStatics::SpawnEmitterAtLocation spawned potentially immortal particle system! /Temp/Autosaves/Game/ForTesting/UEDPCTestLevelEQS.TestLevelEQS:PersistentLevel.WorldSettings.ParticleSystemComponent_10 (/Game/Clans/waepons/Ammo/blaster/BlasterHitPE.BlasterHitPE) may stay in world despite never spawning particles after burst spawning is over.
[2017.01.28-20.05.44:715][791]LogParticles:Warning: GameplayStatics::SpawnEmitterAtLocation spawned potentially immortal particle system! /Temp/Autosaves/Game/ForTesting/UEDPCTestLevelEQS.TestLevelEQS:PersistentLevel.WorldSettings.ParticleSystemComponent_11 (/Game/Clans/waepons/Ammo/blaster/BlasterHitPE.BlasterHitPE) may stay in world despite never spawning particles after burst spawning is over.
[2017.01.28-20.05.44:829][798]LogBlueprintUserMessages: [OfficerController_C_0] true
[2017.01.28-20.05.44:845][799]LogBlueprintUserMessages: [OfficerController_C_0] true
[2017.01.28-20.05.44:862][800]LogBlueprintUserMessages: [OfficerController_C_0] true
[2017.01.28-20.05.44:877][801]LogBlueprintUserMessages: [OfficerController_C_0] true
[2017.01.28-20.05.44:924][804]LogParticles:Warning: GameplayStatics::SpawnEmitterAtLocation spawned potentially immortal particle system! /Temp/Autosaves/Game/ForTesting/UEDPCTestLevelEQS.TestLevelEQS:PersistentLevel.WorldSettings.ParticleSystemComponent_12 (/Game/Clans/waepons/Ammo/blaster/BlasterHitPE.BlasterHitPE) may stay in world despite never spawning particles after burst spawning is over.
[2017.01.28-20.05.44:973][807]LogParticles:Warning: GameplayStatics::SpawnEmitterAtLocation spawned potentially immortal particle system! /Temp/Autosaves/Game/ForTesting/UEDPCTestLevelEQS.TestLevelEQS:PersistentLevel.WorldSettings.ParticleSystemComponent_13 (/Game/Clans/waepons/Ammo/blaster/BlasterHitPE.BlasterHitPE) may stay in world despite never spawning particles after burst spawning is over.
[2017.01.28-20.05.44:973][807]LogBlueprintUserMessages: [OfficerController_C_0] false
[2017.01.28-20.05.44:973][807]LogBlueprintUserMessages: [BaseCharContr_C_0] false
[2017.01.28-20.05.45:038][811]LogBlueprintUserMessages: [OfficerController_C_0] false
[2017.01.28-20.05.45:054][812]LogBlueprintUserMessages: [OfficerController_C_0] false
[2017.01.28-20.05.45:199][821]LogBlueprintUserMessages: [OfficerController_C_0] false
[2017.01.28-20.05.45:248][824]LogBlueprintUserMessages: [BaseCharContr_C_0] false
[2017.01.28-20.05.45:264][825]LogBlueprintUserMessages: [BaseCharContr_C_0] false
[2017.01.28-20.05.45:522][841]LogBlueprintUserMessages: [OfficerController_C_0] false
[2017.01.28-20.05.45:538][842]LogBlueprintUserMessages: [OfficerController_C_0] false
[2017.01.28-20.05.45:603][846]LogBlueprintUserMessages: [OfficerController_C_0] false
[2017.01.28-20.05.45:619][847]LogBlueprintUserMessages: [OfficerController_C_0] false
[2017.01.28-20.05.45:715][853]LogBlueprintUserMessages: [OfficerController_C_0] false
[2017.01.28-20.05.45:732][854]LogBlueprintUserMessages: [OfficerController_C_0] false
[2017.01.28-20.05.46:651][911]LogBlueprintUserMessages: [Default__NEW_TargetLastInfo_C] ---> X=-475.334 Y=-474.679 Z=115.150
[2017.01.28-20.05.47:683][975]LogCharacter: OfficerCharacter_260 is trying to crouch, but crouching is disabled on this character! (check CharacterMovement NavAgentSettings)
[2017.01.28-20.05.47:828][984]LogBlueprintUserMessages: [OfficerController_C_0] false
[2017.01.28-20.05.47:828][984]LogBlueprintUserMessages: [BaseCharContr_C_0] false
[2017.01.28-20.05.48:167][  5]LogCharacter: OfficerCharacter_260 is trying to crouch, but crouching is disabled on this character! (check CharacterMovement NavAgentSettings)
[2017.01.28-20.05.48:185][  6]LogBlueprintUserMessages: [OfficerController_C_0] false
[2017.01.28-20.05.48:651][ 35]LogBlueprintUserMessages: [OfficerController_C_0] false
[2017.01.28-20.05.48:683][ 37]LogCharacter: BaseCharacterEQS_232 is trying to crouch, but crouching is disabled on this character! (check CharacterMovement NavAgentSettings)
[2017.01.28-20.05.49:352][ 77]LogWindowsTextInputMethodSystem:Display: IME system now deactivated.
[2017.01.28-20.05.49:357][ 77]LogWindowsTextInputMethodSystem:Display: IME system now deactivated.
[2017.01.28-20.05.49:358][ 77]LogEngine: All Windows Closed
[2017.01.28-20.05.49:358][ 77]LogWindows: FPlatformMisc::RequestExit(0)
[2017.01.28-20.05.49:359][ 78]LogMoviePlayer: Shutting down movie player
[2017.01.28-20.05.50:195][ 78]LogExit: Preparing to exit.
[2017.01.28-20.05.50:695][ 78]LogExit: Game engine shut down
[2017.01.28-20.05.50:755][ 78]LogObj: Freed 0b from 0 cluster array pools.
[2017.01.28-20.05.50:755][ 78]LogExit: Object subsystem successfully closed.
[2017.01.28-20.05.50:772][ 78]LogD3D11RHI: Shutdown
[2017.01.28-20.05.50:772][ 78]LogD3D11RHI: CleanupD3DDevice
[2017.01.28-20.05.50:841][ 78]LogD3D11RHI: ~FD3D11DynamicRHI
[2017.01.28-20.05.50:849][ 78]LogModuleManager: Shutting down and abandoning module SequenceRecorderSections (127)
[2017.01.28-20.05.50:849][ 78]LogModuleManager: Shutting down and abandoning module SequenceRecorder (126)
[2017.01.28-20.05.50:849][ 78]LogModuleManager: Shutting down and abandoning module AutomationController (125)
[2017.01.28-20.05.50:849][ 78]LogModuleManager: Shutting down and abandoning module AutomationWorker (124)
[2017.01.28-20.05.50:849][ 78]LogModuleManager: Shutting down and abandoning module GameplayDebugger (123)
[2017.01.28-20.05.50:849][ 78]LogModuleManager: Shutting down and abandoning module AITestSuite (122)
[2017.01.28-20.05.50:849][ 78]LogModuleManager: Shutting down and abandoning module AIModule (121)
[2017.01.28-20.05.50:849][ 78]LogModuleManager: Shutting down and abandoning module WmfMediaFactory (120)
[2017.01.28-20.05.50:849][ 78]LogModuleManager: Shutting down and abandoning module AvfMediaFactory (119)
[2017.01.28-20.05.50:849][ 78]LogModuleManager: Shutting down and abandoning module Media (118)
[2017.01.28-20.05.50:849][ 78]LogModuleManager: Shutting down and abandoning module AndroidMediaFactory (117)
[2017.01.28-20.05.50:849][ 78]LogModuleManager: Shutting down and abandoning module CharacterAI (116)
[2017.01.28-20.05.50:849][ 78]LogModuleManager: Shutting down and abandoning module SessionServices (115)
[2017.01.28-20.05.50:849][ 78]LogModuleManager: Shutting down and abandoning module MovieSceneCapture (114)
[2017.01.28-20.05.50:849][ 78]LogModuleManager: Shutting down and abandoning module GeometryCacheEd (113)
[2017.01.28-20.05.50:849][ 78]LogModuleManager: Shutting down and abandoning module GeometryCache (112)
[2017.01.28-20.05.50:849][ 78]LogModuleManager: Shutting down and abandoning module Niagara (111)
[2017.01.28-20.05.50:849][ 78]LogModuleManager: Shutting down and abandoning module StreamingPauseRendering (110)
[2017.01.28-20.05.50:849][ 78]LogModuleManager: Shutting down and abandoning module PortalServices (109)
[2017.01.28-20.05.50:849][ 78]LogModuleManager: Shutting down and abandoning module PortalRpc (108)
[2017.01.28-20.05.50:849][ 78]LogModuleManager: Shutting down and abandoning module MessagingRpc (107)
[2017.01.28-20.05.50:849][ 78]LogModuleManager: Shutting down and abandoning module ProfilerService (106)
[2017.01.28-20.05.50:933][ 78]LogModuleManager: Shutting down and abandoning module TaskGraph (105)
[2017.01.28-20.05.50:933][ 78]LogModuleManager: Shutting down and abandoning module SlateRemote (104)
[2017.01.28-20.05.50:933][ 78]LogModuleManager: Shutting down and abandoning module SteamVRController (103)
[2017.01.28-20.05.50:933][ 78]LogModuleManager: Shutting down and abandoning module SteamVR (102)
[2017.01.28-20.05.50:933][ 78]LogModuleManager: Shutting down and abandoning module ProceduralMeshComponent (101)
[2017.01.28-20.05.50:933][ 78]LogModuleManager: Shutting down and abandoning module OculusLibrary (100)
[2017.01.28-20.05.50:933][ 78]LogModuleManager: Shutting down and abandoning module OculusInput (99)
[2017.01.28-20.05.50:933][ 78]LogModuleManager: Shutting down and abandoning module MobilePatchingUtils (98)
[2017.01.28-20.05.50:933][ 78]LogModuleManager: Shutting down and abandoning module CustomMeshComponent (97)
[2017.01.28-20.05.50:933][ 78]LogModuleManager: Shutting down and abandoning module CableComponent (96)
[2017.01.28-20.05.50:933][ 78]LogModuleManager: Shutting down and abandoning module ArchVisCharacter (95)
[2017.01.28-20.05.50:933][ 78]LogModuleManager: Shutting down and abandoning module HTML5Networking (93)
[2017.01.28-20.05.50:933][ 78]LogModuleManager: Shutting down and abandoning module DesktopPlatform (92)
[2017.01.28-20.05.50:933][ 78]LogModuleManager: Shutting down and abandoning module DirectoryWatcher (91)
[2017.01.28-20.05.50:933][ 78]LogDirectoryWatcher: A directory notification for 'I:/UNREAL/LeagueOfLegends/Binaries/Win64' was aborted.
[2017.01.28-20.05.50:933][ 78]LogModuleManager: Shutting down and abandoning module HotReload (90)
[2017.01.28-20.05.50:933][ 78]LogModuleManager: Shutting down and abandoning module VisualStudioSourceCodeAccess (89)
[2017.01.28-20.05.50:933][ 78]LogModuleManager: Shutting down and abandoning module UObjectPlugin (88)
[2017.01.28-20.05.50:933][ 78]LogModuleManager: Shutting down and abandoning module SubversionSourceControl (87)
[2017.01.28-20.05.50:933][ 78]LogModuleManager: Shutting down and abandoning module SourceControl (86)
[2017.01.28-20.05.50:933][ 78]LogModuleManager: Shutting down and abandoning module PerforceSourceControl (85)
[2017.01.28-20.05.50:933][ 78]LogModuleManager: Shutting down and abandoning module LeagueOfLegends (84)
[2017.01.28-20.05.50:933][ 78]LogModuleManager: Shutting down and abandoning module UdpMessaging (83)
[2017.01.28-20.05.51:034][ 78]LogModuleManager: Shutting down and abandoning module TcpMessaging (82)
[2017.01.28-20.05.51:523][ 78]LogModuleManager: Shutting down and abandoning module LightPropagationVolumeRuntime (81)
[2017.01.28-20.05.51:523][ 78]LogModuleManager: Shutting down and abandoning module Paper2D (80)
[2017.01.28-20.05.51:523][ 78]LogModuleManager: Shutting down and abandoning module WindowsMoviePlayer (79)
[2017.01.28-20.05.51:523][ 78]LogModuleManager: Shutting down and abandoning module WmfMedia (78)
[2017.01.28-20.05.51:524][ 78]LogModuleManager: Shutting down and abandoning module MediaAssets (77)
[2017.01.28-20.05.51:524][ 78]LogModuleManager: Shutting down and abandoning module GameLiveStreaming (76)
[2017.01.28-20.05.51:524][ 78]LogModuleManager: Shutting down and abandoning module GameplayTagsEditor (75)
[2017.01.28-20.05.51:524][ 78]LogModuleManager: Shutting down and abandoning module EnvironmentQueryEditor (74)
[2017.01.28-20.05.51:524][ 78]LogModuleManager: Shutting down and abandoning module VREditor (73)
[2017.01.28-20.05.51:524][ 78]LogModuleManager: Shutting down and abandoning module GameplayTasksEditor (72)
[2017.01.28-20.05.51:524][ 78]LogModuleManager: Shutting down and abandoning module BehaviorTreeEditor (71)
[2017.01.28-20.05.51:524][ 78]LogModuleManager: Shutting down and abandoning module FunctionalTesting (70)
[2017.01.28-20.05.51:524][ 78]LogModuleManager: Shutting down and abandoning module CollisionAnalyzer (69)
[2017.01.28-20.05.51:524][ 78]LogModuleManager: Shutting down and abandoning module Sequencer (68)
[2017.01.28-20.05.51:524][ 78]LogModuleManager: Shutting down and abandoning module WorkspaceMenuStructure (67)
[2017.01.28-20.05.51:524][ 78]LogModuleManager: Shutting down and abandoning module MessageLog (66)
[2017.01.28-20.05.51:524][ 78]LogModuleManager: Shutting down and abandoning module AssetTools (65)
[2017.01.28-20.05.51:524][ 78]LogModuleManager: Shutting down and abandoning module UMGEditor (64)
[2017.01.28-20.05.51:524][ 78]LogModuleManager: Shutting down and abandoning module UMG (63)
[2017.01.28-20.05.51:524][ 78]LogModuleManager: Shutting down and abandoning module SlateReflector (62)
[2017.01.28-20.05.51:524][ 78]LogModuleManager: Shutting down and abandoning module Slate (61)
[2017.01.28-20.05.51:524][ 78]LogModuleManager: Shutting down and abandoning module EditorStyle (60)
[2017.01.28-20.05.51:525][ 78]LogModuleManager: Shutting down and abandoning module Messaging (59)
[2017.01.28-20.05.51:525][ 78]LogModuleManager: Shutting down and abandoning module SourceCodeAccess (58)
[2017.01.28-20.05.51:525][ 78]LogModuleManager: Shutting down and abandoning module HeadMountedDisplay (57)
[2017.01.28-20.05.51:525][ 78]LogModuleManager: Shutting down and abandoning module XAudio2 (56)
[2017.01.28-20.05.51:525][ 78]LogModuleManager: Shutting down and abandoning module Networking (54)
[2017.01.28-20.05.51:525][ 78]LogModuleManager: Shutting down and abandoning module Core (53)
[2017.01.28-20.05.51:525][ 78]LogModuleManager: Shutting down and abandoning module KismetCompiler (52)
[2017.01.28-20.05.51:525][ 78]LogModuleManager: Shutting down and abandoning module PhysXFormats (51)
[2017.01.28-20.05.51:525][ 78]LogModuleManager: Shutting down and abandoning module SimplygonSwarm (50)
[2017.01.28-20.05.51:525][ 78]LogModuleManager: Shutting down and abandoning module SimplygonMeshReduction (49)
[2017.01.28-20.05.51:525][ 78]LogModuleManager: Shutting down and abandoning module QuadricMeshReduction (48)
[2017.01.28-20.05.51:525][ 78]LogModuleManager: Shutting down and abandoning module PropertyEditor (47)
[2017.01.28-20.05.51:525][ 78]LogModuleManager: Shutting down and abandoning module MeshUtilities (46)
[2017.01.28-20.05.51:525][ 78]LogModuleManager: Shutting down and abandoning module AssetRegistry (45)
[2017.01.28-20.05.51:525][ 78]LogModuleManager: Shutting down and abandoning module DerivedDataCache (44)
[2017.01.28-20.05.51:674][ 78]LogDerivedDataCache: Shutdown
[2017.01.28-20.05.51:674][ 78]LogModuleManager: Shutting down and abandoning module VulkanShaderFormat (43)
[2017.01.28-20.05.51:674][ 78]LogModuleManager: Shutting down and abandoning module ShaderFormatOpenGL (42)
[2017.01.28-20.05.51:674][ 78]LogModuleManager: Shutting down and abandoning module ShaderFormatD3D (41)
[2017.01.28-20.05.51:674][ 78]LogModuleManager: Shutting down and abandoning module MetalShaderFormat (40)
[2017.01.28-20.05.51:674][ 78]LogModuleManager: Shutting down and abandoning module TextureFormatUncompressed (39)
[2017.01.28-20.05.51:674][ 78]LogModuleManager: Shutting down and abandoning module TextureFormatPVR (38)
[2017.01.28-20.05.51:674][ 78]LogModuleManager: Shutting down and abandoning module TextureFormatDXT (37)
[2017.01.28-20.05.51:674][ 78]LogModuleManager: Shutting down and abandoning module TextureFormatIntelISPCTexComp (36)
[2017.01.28-20.05.51:674][ 78]LogModuleManager: Shutting down and abandoning module ImageWrapper (35)
[2017.01.28-20.05.51:674][ 78]LogModuleManager: Shutting down and abandoning module TextureFormatASTC (34)
[2017.01.28-20.05.51:674][ 78]LogModuleManager: Shutting down and abandoning module TextureFormatAndroid (33)
[2017.01.28-20.05.51:674][ 78]LogModuleManager: Shutting down and abandoning module AudioFormatOpus (32)
[2017.01.28-20.05.51:674][ 78]LogModuleManager: Shutting down and abandoning module AudioFormatOgg (31)
[2017.01.28-20.05.51:674][ 78]LogModuleManager: Shutting down and abandoning module AudioFormatADPCM (30)
[2017.01.28-20.05.51:674][ 78]LogModuleManager: Shutting down and abandoning module WindowsTargetPlatform (29)
[2017.01.28-20.05.51:674][ 78]LogModuleManager: Shutting down and abandoning module WindowsServerTargetPlatform (28)
[2017.01.28-20.05.51:674][ 78]LogModuleManager: Shutting down and abandoning module WindowsNoEditorTargetPlatform (27)
[2017.01.28-20.05.51:674][ 78]LogModuleManager: Shutting down and abandoning module WindowsClientTargetPlatform (26)
[2017.01.28-20.05.51:674][ 78]LogModuleManager: Shutting down and abandoning module TargetPlatform (25)
[2017.01.28-20.05.51:674][ 78]LogModuleManager: Shutting down and abandoning module InputCore (24)
[2017.01.28-20.05.51:674][ 78]LogModuleManager: Shutting down and abandoning module Settings (23)
[2017.01.28-20.05.51:674][ 78]LogModuleManager: Shutting down and abandoning module OculusRift (22)
[2017.01.28-20.05.51:674][ 78]LogModuleManager: Shutting down and abandoning module ExampleDeviceProfileSelector (21)
[2017.01.28-20.05.51:674][ 78]LogModuleManager: Shutting down and abandoning module OnlineBlueprintSupport (20)
[2017.01.28-20.05.51:674][ 78]LogModuleManager: Shutting down and abandoning module OnlineSubsystem (18)
[2017.01.28-20.05.51:674][ 78]LogOnline:Display: Unloading online subsystem: NULL
[2017.01.28-20.05.51:674][ 78]LogModuleManager: Shutting down and abandoning module SSL (17)
[2017.01.28-20.05.51:675][ 78]LogModuleManager: Shutting down and abandoning module HTTP (16)
[2017.01.28-20.05.51:675][ 78]LogModuleManager: Shutting down and abandoning module XMPP (15)
[2017.01.28-20.05.51:675][ 78]LogModuleManager: Shutting down and abandoning module TextureCompressor (14)
[2017.01.28-20.05.51:675][ 78]LogModuleManager: Shutting down and abandoning module ShaderCore (13)
[2017.01.28-20.05.51:675][ 78]LogModuleManager: Shutting down and abandoning module Landscape (12)
[2017.01.28-20.05.51:675][ 78]LogModuleManager: Shutting down and abandoning module SlateRHIRenderer (11)
[2017.01.28-20.05.51:675][ 78]LogModuleManager: Shutting down and abandoning module OpenGLDrv (10)
[2017.01.28-20.05.51:675][ 78]LogModuleManager: Shutting down and abandoning module D3D11RHI (9)
[2017.01.28-20.05.51:676][ 78]LogModuleManager: Shutting down and abandoning module AnimGraphRuntime (8)
[2017.01.28-20.05.51:676][ 78]LogModuleManager: Shutting down and abandoning module Renderer (7)
[2017.01.28-20.05.51:676][ 78]LogModuleManager: Shutting down and abandoning module Engine (6)
[2017.01.28-20.05.51:676][ 78]LogModuleManager: Shutting down and abandoning module CoreUObject (5)
[2017.01.28-20.05.51:676][ 78]LogModuleManager: Shutting down and abandoning module NetworkFile (4)
[2017.01.28-20.05.51:676][ 78]LogModuleManager: Shutting down and abandoning module StreamingFile (3)
[2017.01.28-20.05.51:676][ 78]LogModuleManager: Shutting down and abandoning module SandboxFile (2)
[2017.01.28-20.05.51:676][ 78]LogModuleManager: Shutting down and abandoning module PakFile (1)
[2017.01.28-20.05.51:677][ 78]LogExit: Exiting.
[2017.01.28-20.05.51:678][ 78]Log file closed, 01/28/17 22:05:51
