Log file open, 01/29/17 15:04:05
LogInit:Display: Running engine for game: LeagueOfLegends
LogPlatformFile: Not using cached read wrapper
LogInit:Display: RandInit(579909441) SRandInit(579909442).
LogTaskGraph: Started task graph with 5 named threads and 8 total threads with 1 sets of task threads.
LogStats: Stats thread started at 0.301350
LogPluginManager: Loaded Plugin Paper2D, From E:/EPIC_GAMES/Epic Games/4.14/Engine/Plugins/2D/Paper2D/Paper2D.uplugin
LogPluginManager: Loaded Plugin LightPropagationVolume, From E:/EPIC_GAMES/Epic Games/4.14/Engine/Plugins/Blendables/LightPropagationVolume/LightPropagationVolume.uplugin
LogPluginManager: Loaded Plugin BlankPlugin, From E:/EPIC_GAMES/Epic Games/4.14/Engine/Plugins/Developer/BlankPlugin/BlankPlugin.uplugin
LogPluginManager: Loaded Plugin CodeLiteSourceCodeAccess, From E:/EPIC_GAMES/Epic Games/4.14/Engine/Plugins/Developer/CodeLiteSourceCodeAccess/CodeLiteSourceCodeAccess.uplugin
LogPluginManager: Loaded Plugin GitSourceControl, From E:/EPIC_GAMES/Epic Games/4.14/Engine/Plugins/Developer/GitSourceControl/GitSourceControl.uplugin
LogPluginManager: Loaded Plugin KDevelopSourceCodeAccess, From E:/EPIC_GAMES/Epic Games/4.14/Engine/Plugins/Developer/KDevelopSourceCodeAccess/KDevelopSourceCodeAccess.uplugin
LogPluginManager: Loaded Plugin NullSourceCodeAccess, From E:/EPIC_GAMES/Epic Games/4.14/Engine/Plugins/Developer/NullSourceCodeAccess/NullSourceCodeAccess.uplugin
LogPluginManager: Loaded Plugin OneSkyLocalizationService, From E:/EPIC_GAMES/Epic Games/4.14/Engine/Plugins/Developer/OneSkyLocalizationService/OneSkyLocalizationService.uplugin
LogPluginManager: Loaded Plugin PerforceSourceControl, From E:/EPIC_GAMES/Epic Games/4.14/Engine/Plugins/Developer/PerforceSourceControl/PerforceSourceControl.uplugin
LogPluginManager: Loaded Plugin SubversionSourceControl, From E:/EPIC_GAMES/Epic Games/4.14/Engine/Plugins/Developer/SubversionSourceControl/SubversionSourceControl.uplugin
LogPluginManager: Loaded Plugin UObjectPlugin, From E:/EPIC_GAMES/Epic Games/4.14/Engine/Plugins/Developer/UObjectPlugin/UObjectPlugin.uplugin
LogPluginManager: Loaded Plugin VisualStudioSourceCodeAccess, From E:/EPIC_GAMES/Epic Games/4.14/Engine/Plugins/Developer/VisualStudioSourceCodeAccess/VisualStudioSourceCodeAccess.uplugin
LogPluginManager: Loaded Plugin XCodeSourceCodeAccess, From E:/EPIC_GAMES/Epic Games/4.14/Engine/Plugins/Developer/XCodeSourceCodeAccess/XCodeSourceCodeAccess.uplugin
LogPluginManager: Loaded Plugin AudioCapture, From E:/EPIC_GAMES/Epic Games/4.14/Engine/Plugins/Editor/AudioCapture/AudioCapture.uplugin
LogPluginManager: Loaded Plugin EpicSurvey, From E:/EPIC_GAMES/Epic Games/4.14/Engine/Plugins/Editor/EpicSurvey/EpicSurvey.uplugin
LogPluginManager: Loaded Plugin MacGraphicsSwitching, From E:/EPIC_GAMES/Epic Games/4.14/Engine/Plugins/Editor/MacGraphicsSwitching/MacGraphicsSwitching.uplugin
LogPluginManager: Loaded Plugin MobileLauncherProfileWizard, From E:/EPIC_GAMES/Epic Games/4.14/Engine/Plugins/Editor/MobileLauncherProfileWizard/MobileLauncherProfileWizard.uplugin
LogPluginManager: Loaded Plugin PluginBrowser, From E:/EPIC_GAMES/Epic Games/4.14/Engine/Plugins/Editor/PluginBrowser/PluginBrowser.uplugin
LogPluginManager: Loaded Plugin SpeedTreeImporter, From E:/EPIC_GAMES/Epic Games/4.14/Engine/Plugins/Editor/SpeedTreeImporter/SpeedTreeImporter.uplugin
LogPluginManager: Loaded Plugin SuperSearchEditor, From E:/EPIC_GAMES/Epic Games/4.14/Engine/Plugins/Editor/SuperSearchEditor/SuperSearchEditor.uplugin
LogPluginManager: Loaded Plugin AlembicImporter, From E:/EPIC_GAMES/Epic Games/4.14/Engine/Plugins/Experimental/AlembicImporter/AlembicImporter.uplugin
LogPluginManager: Loaded Plugin BlueprintStats, From E:/EPIC_GAMES/Epic Games/4.14/Engine/Plugins/Experimental/BlueprintStats/BlueprintStats.uplugin
LogPluginManager: Loaded Plugin CharacterAI, From E:/EPIC_GAMES/Epic Games/4.14/Engine/Plugins/Experimental/CharacterAI/CharacterAI.uplugin
LogPluginManager: Loaded Plugin CodeEditor, From E:/EPIC_GAMES/Epic Games/4.14/Engine/Plugins/Experimental/CodeEditor/CodeEditor.uplugin
LogPluginManager: Loaded Plugin CodeView, From E:/EPIC_GAMES/Epic Games/4.14/Engine/Plugins/Experimental/CodeView/CodeView.uplugin
LogPluginManager: Loaded Plugin HTML5Networking, From E:/EPIC_GAMES/Epic Games/4.14/Engine/Plugins/Experimental/HTML5Networking/HTML5Networking.uplugin
LogPluginManager: Loaded Plugin OSVR, From E:/EPIC_GAMES/Epic Games/4.14/Engine/Plugins/Experimental/OSVR/OSVR.uplugin
LogPluginManager: Loaded Plugin Phya, From E:/EPIC_GAMES/Epic Games/4.14/Engine/Plugins/Experimental/Phya/Phya.uplugin
LogPluginManager: Loaded Plugin SignificanceManager, From E:/EPIC_GAMES/Epic Games/4.14/Engine/Plugins/Experimental/SignificanceManager/SignificanceManager.uplugin
LogPluginManager: Loaded Plugin SimpleHMD, From E:/EPIC_GAMES/Epic Games/4.14/Engine/Plugins/Experimental/SimpleHMD/SimpleHMD.uplugin
LogPluginManager: Loaded Plugin StereoPanorama, From E:/EPIC_GAMES/Epic Games/4.14/Engine/Plugins/Experimental/StereoPanorama/StereoPanorama.uplugin
LogPluginManager: Loaded Plugin StructBox, From E:/EPIC_GAMES/Epic Games/4.14/Engine/Plugins/Experimental/StructBox/StructBox.uplugin
LogPluginManager: Loaded Plugin AndroidMedia, From E:/EPIC_GAMES/Epic Games/4.14/Engine/Plugins/Media/AndroidMedia/AndroidMedia.uplugin
LogPluginManager: Loaded Plugin AvfMedia, From E:/EPIC_GAMES/Epic Games/4.14/Engine/Plugins/Media/AvfMedia/AvfMedia.uplugin
LogPluginManager: Loaded Plugin MediaPlayerEditor, From E:/EPIC_GAMES/Epic Games/4.14/Engine/Plugins/Media/MediaPlayerEditor/MediaPlayerEditor.uplugin
LogPluginManager: Loaded Plugin WmfMedia, From E:/EPIC_GAMES/Epic Games/4.14/Engine/Plugins/Media/WmfMedia/WmfMedia.uplugin
LogPluginManager: Loaded Plugin MessagingDebugger, From E:/EPIC_GAMES/Epic Games/4.14/Engine/Plugins/Messaging/MessagingDebugger/MessagingDebugger.uplugin
LogPluginManager: Loaded Plugin TcpMessaging, From E:/EPIC_GAMES/Epic Games/4.14/Engine/Plugins/Messaging/TcpMessaging/TcpMessaging.uplugin
LogPluginManager: Loaded Plugin UdpMessaging, From E:/EPIC_GAMES/Epic Games/4.14/Engine/Plugins/Messaging/UdpMessaging/UdpMessaging.uplugin
LogPluginManager: Loaded Plugin LevelSequenceEditor, From E:/EPIC_GAMES/Epic Games/4.14/Engine/Plugins/MovieScene/LevelSequenceEditor/LevelSequenceEditor.uplugin
LogPluginManager: Loaded Plugin MatineeToLevelSequence, From E:/EPIC_GAMES/Epic Games/4.14/Engine/Plugins/MovieScene/MatineeToLevelSequence/MatineeToLevelSequence.uplugin
LogPluginManager: Loaded Plugin NetcodeUnitTest, From E:/EPIC_GAMES/Epic Games/4.14/Engine/Plugins/NetcodeUnitTest/NetcodeUnitTest/NetcodeUnitTest.uplugin
LogPluginManager: Loaded Plugin NUTUnrealEngine4, From E:/EPIC_GAMES/Epic Games/4.14/Engine/Plugins/NetcodeUnitTest/NUTUnrealEngine4/NUTUnrealEngine4.uplugin
LogPluginManager: Loaded Plugin OnlineSubsystemGameCircle, From E:/EPIC_GAMES/Epic Games/4.14/Engine/Plugins/Online/Android/OnlineSubsystemGameCircle/OnlineSubsystemGameCircle.uplugin
LogPluginManager: Loaded Plugin OnlineSubsystemGooglePlay, From E:/EPIC_GAMES/Epic Games/4.14/Engine/Plugins/Online/Android/OnlineSubsystemGooglePlay/OnlineSubsystemGooglePlay.uplugin
LogPluginManager: Loaded Plugin OnlineSubsystemIOS, From E:/EPIC_GAMES/Epic Games/4.14/Engine/Plugins/Online/IOS/OnlineSubsystemIOS/OnlineSubsystemIOS.uplugin
LogPluginManager: Loaded Plugin OnlineFramework, From E:/EPIC_GAMES/Epic Games/4.14/Engine/Plugins/Online/OnlineFramework/OnlineFramework.uplugin
LogPluginManager: Loaded Plugin OnlineSubsystem, From E:/EPIC_GAMES/Epic Games/4.14/Engine/Plugins/Online/OnlineSubsystem/OnlineSubsystem.uplugin
LogPluginManager: Loaded Plugin OnlineSubsystemAmazon, From E:/EPIC_GAMES/Epic Games/4.14/Engine/Plugins/Online/OnlineSubsystemAmazon/OnlineSubsystemAmazon.uplugin
LogPluginManager: Loaded Plugin OnlineSubsystemFacebook, From E:/EPIC_GAMES/Epic Games/4.14/Engine/Plugins/Online/OnlineSubsystemFacebook/OnlineSubsystemFacebook.uplugin
LogPluginManager: Loaded Plugin OnlineSubsystemNull, From E:/EPIC_GAMES/Epic Games/4.14/Engine/Plugins/Online/OnlineSubsystemNull/OnlineSubsystemNull.uplugin
LogPluginManager: Loaded Plugin OnlineSubsystemOculus, From E:/EPIC_GAMES/Epic Games/4.14/Engine/Plugins/Online/OnlineSubsystemOculus/OnlineSubsystemOculus.uplugin
LogPluginManager: Loaded Plugin OnlineSubsystemSteam, From E:/EPIC_GAMES/Epic Games/4.14/Engine/Plugins/Online/OnlineSubsystemSteam/OnlineSubsystemSteam.uplugin
LogPluginManager: Loaded Plugin OnlineSubsystemUtils, From E:/EPIC_GAMES/Epic Games/4.14/Engine/Plugins/Online/OnlineSubsystemUtils/OnlineSubsystemUtils.uplugin
LogPluginManager: Loaded Plugin IOSTapJoy, From E:/EPIC_GAMES/Epic Games/4.14/Engine/Plugins/Runtime/Advertising/IOSTapJoy/IOSTapJoy.uplugin
LogPluginManager: Loaded Plugin AnalyticsBlueprintLibrary, From E:/EPIC_GAMES/Epic Games/4.14/Engine/Plugins/Runtime/Analytics/AnalyticsBlueprintLibrary/AnalyticsBlueprintLibrary.uplugin
LogPluginManager: Loaded Plugin AnalyticsMulticast, From E:/EPIC_GAMES/Epic Games/4.14/Engine/Plugins/Runtime/Analytics/AnalyticsMulticast/AnalyticsMulticast.uplugin
LogPluginManager: Loaded Plugin Apsalar, From E:/EPIC_GAMES/Epic Games/4.14/Engine/Plugins/Runtime/Analytics/Apsalar/Apsalar.uplugin
LogPluginManager: Loaded Plugin FileLogging, From E:/EPIC_GAMES/Epic Games/4.14/Engine/Plugins/Runtime/Analytics/FileLogging/FileLogging.uplugin
LogPluginManager: Loaded Plugin Flurry, From E:/EPIC_GAMES/Epic Games/4.14/Engine/Plugins/Runtime/Analytics/Flurry/Flurry.uplugin
LogPluginManager: Loaded Plugin AndroidDeviceProfileSelector, From E:/EPIC_GAMES/Epic Games/4.14/Engine/Plugins/Runtime/AndroidDeviceProfileSelector/AndroidDeviceProfileSelector.uplugin
LogPluginManager: Loaded Plugin AndroidMoviePlayer, From E:/EPIC_GAMES/Epic Games/4.14/Engine/Plugins/Runtime/AndroidMoviePlayer/AndroidMoviePlayer.uplugin
LogPluginManager: Loaded Plugin AppleMoviePlayer, From E:/EPIC_GAMES/Epic Games/4.14/Engine/Plugins/Runtime/AppleMoviePlayer/AppleMoviePlayer.uplugin
LogPluginManager: Loaded Plugin ArchVisCharacter, From E:/EPIC_GAMES/Epic Games/4.14/Engine/Plugins/Runtime/ArchVisCharacter/ArchVisCharacter.uplugin
LogPluginManager: Loaded Plugin CableComponent, From E:/EPIC_GAMES/Epic Games/4.14/Engine/Plugins/Runtime/CableComponent/CableComponent.uplugin
LogPluginManager: Loaded Plugin CustomMeshComponent, From E:/EPIC_GAMES/Epic Games/4.14/Engine/Plugins/Runtime/CustomMeshComponent/CustomMeshComponent.uplugin
LogPluginManager: Loaded Plugin ExampleDeviceProfileSelector, From E:/EPIC_GAMES/Epic Games/4.14/Engine/Plugins/Runtime/ExampleDeviceProfileSelector/ExampleDeviceProfileSelector.uplugin
LogPluginManager: Loaded Plugin GearVR, From E:/EPIC_GAMES/Epic Games/4.14/Engine/Plugins/Runtime/GearVR/GearVR.uplugin
LogPluginManager: Loaded Plugin GoogleVRController, From E:/EPIC_GAMES/Epic Games/4.14/Engine/Plugins/Runtime/GoogleVR/GoogleVRController/GoogleVRController.uplugin
LogPluginManager: Loaded Plugin GoogleVRHMD, From E:/EPIC_GAMES/Epic Games/4.14/Engine/Plugins/Runtime/GoogleVR/GoogleVRHMD/GoogleVRHMD.uplugin
LogPluginManager: Loaded Plugin IOSDeviceProfileSelector, From E:/EPIC_GAMES/Epic Games/4.14/Engine/Plugins/Runtime/IOSDeviceProfileSelector/IOSDeviceProfileSelector.uplugin
LogPluginManager: Loaded Plugin LeapMotion, From E:/EPIC_GAMES/Epic Games/4.14/Engine/Plugins/Runtime/LeapMotion/LeapMotion.uplugin
LogPluginManager: Loaded Plugin LinuxDeviceProfileSelector, From E:/EPIC_GAMES/Epic Games/4.14/Engine/Plugins/Runtime/LinuxDeviceProfileSelector/LinuxDeviceProfileSelector.uplugin
LogPluginManager: Loaded Plugin MIDIDevice, From E:/EPIC_GAMES/Epic Games/4.14/Engine/Plugins/Runtime/MIDIDevice/MIDIDevice.uplugin
LogPluginManager: Loaded Plugin MobilePatchingUtils, From E:/EPIC_GAMES/Epic Games/4.14/Engine/Plugins/Runtime/MobilePatchingUtils/MobilePatchingUtils.uplugin
LogPluginManager: Loaded Plugin Ansel, From E:/EPIC_GAMES/Epic Games/4.14/Engine/Plugins/Runtime/Nvidia/Ansel/Ansel.uplugin
LogPluginManager: Loaded Plugin OculusAudio, From E:/EPIC_GAMES/Epic Games/4.14/Engine/Plugins/Runtime/OculusAudio/OculusAudio.uplugin
LogPluginManager: Loaded Plugin OculusInput, From E:/EPIC_GAMES/Epic Games/4.14/Engine/Plugins/Runtime/OculusInput/OculusInput.uplugin
LogPluginManager: Loaded Plugin OculusLibrary, From E:/EPIC_GAMES/Epic Games/4.14/Engine/Plugins/Runtime/OculusLibrary/OculusLibrary.uplugin
LogPluginManager: Loaded Plugin OculusRift, From E:/EPIC_GAMES/Epic Games/4.14/Engine/Plugins/Runtime/OculusRift/OculusRift.uplugin
LogPluginManager: Loaded Plugin Oodle, From E:/EPIC_GAMES/Epic Games/4.14/Engine/Plugins/Runtime/PacketHandlers/CompressionComponents/Oodle/Oodle.uplugin
LogPluginManager: Loaded Plugin ProceduralMeshComponent, From E:/EPIC_GAMES/Epic Games/4.14/Engine/Plugins/Runtime/ProceduralMeshComponent/ProceduralMeshComponent.uplugin
LogPluginManager: Loaded Plugin SoundMod, From E:/EPIC_GAMES/Epic Games/4.14/Engine/Plugins/Runtime/SoundMod/SoundMod.uplugin
LogPluginManager: Loaded Plugin SoundVisualizations, From E:/EPIC_GAMES/Epic Games/4.14/Engine/Plugins/Runtime/SoundVisualizations/SoundVisualizations.uplugin
LogPluginManager: Loaded Plugin SteamController, From E:/EPIC_GAMES/Epic Games/4.14/Engine/Plugins/Runtime/Steam/SteamController/SteamController.uplugin
LogPluginManager: Loaded Plugin SteamVR, From E:/EPIC_GAMES/Epic Games/4.14/Engine/Plugins/Runtime/Steam/SteamVR/SteamVR.uplugin
LogPluginManager: Loaded Plugin WebBrowserWidget, From E:/EPIC_GAMES/Epic Games/4.14/Engine/Plugins/Runtime/WebBrowserWidget/WebBrowserWidget.uplugin
LogPluginManager: Loaded Plugin WindowsDeviceProfileSelector, From E:/EPIC_GAMES/Epic Games/4.14/Engine/Plugins/Runtime/WindowsDeviceProfileSelector/WindowsDeviceProfileSelector.uplugin
LogPluginManager: Loaded Plugin WindowsMoviePlayer, From E:/EPIC_GAMES/Epic Games/4.14/Engine/Plugins/Runtime/WindowsMoviePlayer/WindowsMoviePlayer.uplugin
LogPluginManager: Loaded Plugin ScriptPlugin, From E:/EPIC_GAMES/Epic Games/4.14/Engine/Plugins/ScriptPlugin/ScriptPlugin.uplugin
LogPluginManager: Loaded Plugin SlateRemote, From E:/EPIC_GAMES/Epic Games/4.14/Engine/Plugins/Slate/SlateRemote/SlateRemote.uplugin
LogPluginManager: Loaded Plugin EditorTests, From E:/EPIC_GAMES/Epic Games/4.14/Engine/Plugins/Tests/EditorTests/EditorTests.uplugin
LogPluginManager: Loaded Plugin FbxAutomationTestBuilder, From E:/EPIC_GAMES/Epic Games/4.14/Engine/Plugins/Tests/FbxAutomationTestBuilder/FbxAutomationTestBuilder.uplugin
LogPluginManager: Loaded Plugin FunctionalTestingEditor, From E:/EPIC_GAMES/Epic Games/4.14/Engine/Plugins/Tests/FunctionalTestingEditor/FunctionalTestingEditor.uplugin
LogPluginManager: Loaded Plugin RuntimeTests, From E:/EPIC_GAMES/Epic Games/4.14/Engine/Plugins/Tests/RuntimeTests/RuntimeTests.uplugin
LogPluginManager: Loaded Plugin ScreenshotTools, From E:/EPIC_GAMES/Epic Games/4.14/Engine/Plugins/Tests/ScreenshotTools/ScreenshotTools.uplugin
LogInit: Using libcurl 7.47.1
LogInit:  - built for x86_64-pc-win32
LogInit:  - supports SSL with OpenSSL/1.0.2g
LogInit:  - supports HTTP deflate (compression) using libz 1.2.8
LogInit:  - other features:
LogInit:      CURL_VERSION_SSL
LogInit:      CURL_VERSION_LIBZ
LogInit:      CURL_VERSION_IPV6
LogInit:      CURL_VERSION_ASYNCHDNS
LogInit:      CURL_VERSION_LARGEFILE
LogInit:      CURL_VERSION_IDN
LogInit:  CurlRequestOptions (configurable via config and command line):
LogInit:  - bVerifyPeer = false  - Libcurl will NOT verify peer certificate
LogInit:  - bUseHttpProxy = false  - Libcurl will NOT use HTTP proxy
LogInit:  - bDontReuseConnections = false  - Libcurl will reuse connections
LogInit:  - CertBundlePath = nullptr  - Libcurl will use whatever was configured at build time.
LogInit: Build: ++UE4+Release-4.14-CL-3249277
LogInit: Engine Version: 4.14.3-3249277+++UE4+Release-4.14
LogInit: Compatible Engine Version: 4.14.0-3195953+++UE4+Release-4.14
LogInit: Net CL: 3195953
LogDevObjectVersion: Number of dev versions registered: 13
LogDevObjectVersion:   Dev-Blueprints (B0D832E4-1F89-4F0D-ACCF-7EB736FD4AA2): 7
LogDevObjectVersion:   Dev-Build (E1C64328-A22C-4D53-A36C-8E866417BD8C): 0
LogDevObjectVersion:   Dev-Core (375EC13C-06E4-48FB-B500-84F0262A717E): 1
LogDevObjectVersion:   Dev-Editor (E4B068ED-F494-42E9-A231-DA0B2E46BB41): 8
LogDevObjectVersion:   Dev-Framework (CFFC743F-43B0-4480-9391-14DF171D2073): 17
LogDevObjectVersion:   Dev-Mobile (B02B49B5-BB20-44E9-A304-32B752E40360): 0
LogDevObjectVersion:   Dev-Networking (A4E4105C-59A1-49B5-A7C5-40C4547EDFEE): 0
LogDevObjectVersion:   Dev-Online (39C831C9-5AE6-47DC-9A44-9C173E1C8E7C): 0
LogDevObjectVersion:   Dev-Physics (78F01B33-EBEA-4F98-B9B4-84EACCB95AA2): 0
LogDevObjectVersion:   Dev-Platform (6631380F-2D4D-43E0-8009-CF276956A95A): 0
LogDevObjectVersion:   Dev-Rendering (12F88B9F-8875-4AFC-A67C-D90C383ABD29): 12
LogDevObjectVersion:   Dev-Sequencer (7B5AE74C-D270-4C10-A958-57980B212A5A): 1
LogDevObjectVersion:   Dev-VR (D7296918-1DD6-4BDD-9DE2-64A83CC13884): 0
LogInit: Compiled (64-bit): Jan  6 2017 10:49:43
LogInit: Compiled with Visual C++: 19.00.23026.00
LogInit: Build Configuration: Development
LogInit: Branch Name: ++UE4+Release-4.14
LogInit: Command line:  
LogInit: Base directory: E:/EPIC_GAMES/Epic Games/4.14/Engine/Binaries/Win64/
LogInit: Installed Engine Build: 1
LogInit: Presizing for max 8388607 objects, including 0 objects not considered by GC, pre-allocating 0 bytes for permanent pool.
LogInit: Object subsystem initialized
[2017.01.29-13.04.05:582][  0]LogInit: Selected Device Profile: [Windows]
[2017.01.29-13.04.05:582][  0]LogInit: Applying CVar settings loaded from the selected device profile: [Windows]
[2017.01.29-13.04.05:663][  0]LogInit: Computer: DESKTOP-9NTOOK5
[2017.01.29-13.04.05:663][  0]LogInit: User: user
[2017.01.29-13.04.05:663][  0]LogInit: CPU Page size=65536, Cores=4
[2017.01.29-13.04.05:663][  0]LogInit: High frequency timer resolution =3.312645 MHz
[2017.01.29-13.04.05:663][  0]LogMemory: Memory total: Physical=15.9GB (16GB approx)
[2017.01.29-13.04.05:663][  0]LogMemory: Platform Memory Stats for Windows
[2017.01.29-13.04.05:663][  0]LogMemory: Process Physical Memory: 268.51 MB used, 268.51 MB peak
[2017.01.29-13.04.05:663][  0]LogMemory: Process Virtual Memory: 262.79 MB used, 262.79 MB peak
[2017.01.29-13.04.05:663][  0]LogMemory: Physical Memory: 6209.86 MB used,  10064.14 MB free, 16274.00 MB total
[2017.01.29-13.04.05:663][  0]LogMemory: Virtual Memory: 676.41 MB used,  10064.14 MB free, 134217728.00 MB total
[2017.01.29-13.04.06:601][  0]LogTextLocalizationManager: No specific translations for ('en-US') exist, so ('en') translations will be used.
[2017.01.29-13.04.11:148][  0]LogD3D11RHI: D3D11 adapters:
[2017.01.29-13.04.11:168][  0]LogD3D11RHI:    0. 'AMD Radeon HD 7800 Series' (Feature Level 11_0)
[2017.01.29-13.04.11:168][  0]LogD3D11RHI:       2029/0/8137 MB DedicatedVideo/DedicatedSystem/SharedSystem, Outputs:2, VendorId:0x1002
[2017.01.29-13.04.11:174][  0]LogD3D11RHI:    1. 'Intel(R) HD Graphics 4600' (Feature Level 11_0)
[2017.01.29-13.04.11:174][  0]LogD3D11RHI:       112/0/2048 MB DedicatedVideo/DedicatedSystem/SharedSystem, Outputs:0, VendorId:0x8086
[2017.01.29-13.04.11:175][  0]LogD3D11RHI:    2. 'Microsoft Basic Render Driver' (Feature Level 11_0)
[2017.01.29-13.04.11:175][  0]LogD3D11RHI:       0/0/8137 MB DedicatedVideo/DedicatedSystem/SharedSystem, Outputs:0, VendorId:0x1414
[2017.01.29-13.04.11:175][  0]LogD3D11RHI: Chosen D3D11 Adapter: 0
[2017.01.29-13.04.11:179][  0]LogD3D11RHI: Creating new Direct3DDevice
[2017.01.29-13.04.11:179][  0]LogD3D11RHI:     GPU DeviceId: 0x6818 (for the marketing name, search the web for "GPU Device Id")
[2017.01.29-13.04.11:179][  0]LogWindows: EnumDisplayDevices:
[2017.01.29-13.04.11:179][  0]LogWindows:    0. 'AMD Radeon HD 7800 Series' (P:1 D:1)
[2017.01.29-13.04.11:179][  0]LogWindows:    1. 'AMD Radeon HD 7800 Series' (P:0 D:1)
[2017.01.29-13.04.11:179][  0]LogWindows:    2. 'AMD Radeon HD 7800 Series' (P:0 D:0)
[2017.01.29-13.04.11:180][  0]LogWindows:    3. 'AMD Radeon HD 7800 Series' (P:0 D:0)
[2017.01.29-13.04.11:180][  0]LogWindows:    4. 'AMD Radeon HD 7800 Series' (P:0 D:0)
[2017.01.29-13.04.11:180][  0]LogWindows:    5. 'AMD Radeon HD 7800 Series' (P:0 D:0)
[2017.01.29-13.04.11:180][  0]LogWindows:    6. 'Intel(R) HD Graphics 4600' (P:0 D:0)
[2017.01.29-13.04.11:180][  0]LogWindows:    7. 'Intel(R) HD Graphics 4600' (P:0 D:0)
[2017.01.29-13.04.11:180][  0]LogWindows:    8. 'Intel(R) HD Graphics 4600' (P:0 D:0)
[2017.01.29-13.04.11:181][  0]LogWindows: DebugString: PrimaryIsNotTheChoosenAdapter PrimaryIsNotTheChoosenAdapter PrimaryIsNotTheChoosenAdapter FoundDriverCount:6 
[2017.01.29-13.04.11:181][  0]LogD3D11RHI:     Adapter Name: AMD Radeon HD 7800 Series
[2017.01.29-13.04.11:181][  0]LogD3D11RHI:   Driver Version: Crimson 16.6 (internal:21.19.137.514, unified:21.19.137.514)
[2017.01.29-13.04.11:181][  0]LogD3D11RHI:      Driver Date: 11-21-2016
[2017.01.29-13.04.11:181][  0]LogRHI: Texture pool is 1361 MB (70% of 1945 MB)
[2017.01.29-13.04.11:189][  0]LogD3D11RHI: Async texture creation enabled
[2017.01.29-13.04.11:223][  0]LogD3D11RHI: GPU Timing Frequency: 27.000000 (Debug: 2 1)
[2017.01.29-13.04.11:224][  0]LogShaderCompilers: Guid format shader working directory is 21 characters bigger than the processId version (I:/UNREAL/LeagueOfLegends/Intermediate/Shaders/WorkingDirectory/108/).
[2017.01.29-13.04.11:224][  0]LogShaderCompilers: Cleaned the shader compiler working directory 'C:/Users/user/AppData/Local/Temp/UnrealShaderWorkingDir/35B16CEE4A57361C16CA98A04974208C/'.
[2017.01.29-13.04.11:224][  0]LogShaderCompilers:Display: Using Local Shader Compiler.
[2017.01.29-13.04.14:825][  0]LogTemp:Display: Loaded TP AllDesktopTargetPlatform
[2017.01.29-13.04.14:862][  0]LogTemp:Display: Loaded TP MacClientTargetPlatform
[2017.01.29-13.04.14:900][  0]LogTemp:Display: Loaded TP MacNoEditorTargetPlatform
[2017.01.29-13.04.14:941][  0]LogTemp:Display: Loaded TP MacServerTargetPlatform
[2017.01.29-13.04.15:019][  0]LogTemp:Display: Loaded TP MacTargetPlatform
[2017.01.29-13.04.15:057][  0]LogTemp:Display: Loaded TP WindowsClientTargetPlatform
[2017.01.29-13.04.15:094][  0]LogTemp:Display: Loaded TP WindowsNoEditorTargetPlatform
[2017.01.29-13.04.15:133][  0]LogTemp:Display: Loaded TP WindowsServerTargetPlatform
[2017.01.29-13.04.15:164][  0]LogTemp:Display: Loaded TP WindowsTargetPlatform
[2017.01.29-13.04.15:209][  0]LogTemp:Display: Loaded TP AndroidTargetPlatform
[2017.01.29-13.04.15:246][  0]LogTemp:Display: Loaded TP Android_ASTCTargetPlatform
[2017.01.29-13.04.15:284][  0]LogTemp:Display: Loaded TP Android_ATCTargetPlatform
[2017.01.29-13.04.15:323][  0]LogTemp:Display: Loaded TP Android_DXTTargetPlatform
[2017.01.29-13.04.15:360][  0]LogTemp:Display: Loaded TP Android_ETC1TargetPlatform
[2017.01.29-13.04.15:398][  0]LogTemp:Display: Loaded TP Android_ETC2TargetPlatform
[2017.01.29-13.04.15:479][  0]LogTemp:Display: Loaded TP Android_MultiTargetPlatform
[2017.01.29-13.04.15:479][  0]LogTemp:Display: Loaded TP Android_PVRTCTargetPlatform
[2017.01.29-13.04.15:504][  0]LogTemp:Display: Loaded TP HTML5TargetPlatform
[2017.01.29-13.04.15:591][  0]LogTemp:Display: Loaded TP IOSTargetPlatform
[2017.01.29-13.04.15:616][  0]LogTemp:Display: Loaded TP TVOSTargetPlatform
[2017.01.29-13.04.15:653][  0]LogTemp:Display: Loaded TP LinuxClientTargetPlatform
[2017.01.29-13.04.15:690][  0]LogTemp:Display: Loaded TP LinuxNoEditorTargetPlatform
[2017.01.29-13.04.15:727][  0]LogTemp:Display: Loaded TP LinuxServerTargetPlatform
[2017.01.29-13.04.15:779][  0]LogTemp:Display: Loaded TP LinuxTargetPlatform
[2017.01.29-13.04.15:779][  0]LogTargetPlatformManager:Display: Building Assets For Windows
[2017.01.29-13.04.16:331][  0]LogDerivedDataCache:Display: Max Cache Size: 512 MB
[2017.01.29-13.04.16:604][  0]LogDerivedDataCache: Loaded boot cache 0.27s 50MB C:/Users/user/AppData/Local/UnrealEngine/4.14/DerivedDataCache/Boot.ddc.
[2017.01.29-13.04.16:604][  0]LogDerivedDataCache:Display: Loaded Boot cache: C:/Users/user/AppData/Local/UnrealEngine/4.14/DerivedDataCache/Boot.ddc
[2017.01.29-13.04.16:605][  0]LogDerivedDataCache: FDerivedDataBackendGraph:  Pak pak cache file I:/UNREAL/LeagueOfLegends/DerivedDataCache/DDC.ddp not found, will not use a pak cache.
[2017.01.29-13.04.16:605][  0]LogDerivedDataCache: Unable to find inner node Pak for hierarchical cache Hierarchy.
[2017.01.29-13.04.16:605][  0]LogDerivedDataCache: FDerivedDataBackendGraph:  CompressedPak pak cache file I:/UNREAL/LeagueOfLegends/DerivedDataCache/Compressed.ddp not found, will not use a pak cache.
[2017.01.29-13.04.16:605][  0]LogDerivedDataCache: Unable to find inner node CompressedPak for hierarchical cache Hierarchy.
[2017.01.29-13.04.16:670][  0]LogDerivedDataCache:Display: Pak cache opened for reading ../../../Engine/DerivedDataCache/Compressed.ddp.
[2017.01.29-13.04.16:681][  0]LogDerivedDataCache: Using Local data cache path C:/Users/user/AppData/Local/UnrealEngine/Common/DerivedDataCache: Writable
[2017.01.29-13.04.19:518][  0]LogInit: Selected Device Profile: [Windows]
[2017.01.29-13.04.19:523][  0]LogContentStreaming: Texture pool size is 0.00 MB
[2017.01.29-13.04.19:851][  0]LogMeshUtilities: Using QuadricMeshReduction for automatic static mesh reduction
[2017.01.29-13.04.19:928][  0]LogSimplygon: Simplygon DLL not present - disabling.
[2017.01.29-13.04.19:958][  0]LogMeshUtilities: Using SimplygonSwarm for distributed automatic mesh merging
[2017.01.29-13.04.19:958][  0]LogMeshUtilities: No automatic skeletal mesh reduction module available
[2017.01.29-13.04.19:958][  0]LogMeshUtilities: No automatic mesh merging module available
[2017.01.29-13.04.23:459][  0]LogNetVersion: GetLocalNetworkVersion: CL: 3195953, ProjectName: leagueoflegends, ProjectVersion: , EngineNetworkVersion: 2, GameNetworkVersion: 0, NetworkChecksum: 1931824142
[2017.01.29-13.04.23:613][  0]LogAssetRegistry: FAssetRegistry took 0.0221 seconds to start up
[2017.01.29-13.04.23:772][  0]LogPackageLocalizationCache: Processed 3 localized package path(s) for 2 prioritized culture(s) in 0.143695 seconds
[2017.01.29-13.04.23:777][  0]LogUObjectArray: 31946 objects as part of root set at end of initial load.
[2017.01.29-13.04.23:778][  0]LogUObjectAllocator: 6935848 out of 0 bytes used by permanent object pool.
[2017.01.29-13.04.23:778][  0]LogUObjectArray: CloseDisregardForGC: 0/0 objects in disregard for GC pool
[2017.01.29-13.04.23:816][  0]LogInit: WinSock: version 1.1 (2.2), MaxSocks=32767, MaxUdp=65467
[2017.01.29-13.04.24:505][  0]LogSlate: Using Freetype 2.6.0
[2017.01.29-13.04.24:559][  0]LogSlate: SlateFontCache - WITH_FREETYPE: 1, WITH_HARFBUZZ: 1
[2017.01.29-13.04.24:559][  0]LogSlate: SlateFontCache - WITH_FREETYPE: 1, WITH_HARFBUZZ: 1
[2017.01.29-13.04.42:136][  0]LogTcpMessaging: Initializing TcpMessaging bridge
[2017.01.29-13.04.42:190][  0]LogUdpMessaging: Initializing bridge on interface 0.0.0.0:0 to multicast group 230.0.0.1:6666.
[2017.01.29-13.04.43:121][  0]LogMaterial: Uniform references updated for custom material expression Custom.
[2017.01.29-13.04.43:720][  0]SourceControl: Info Source control is disabled
[2017.01.29-13.04.46:318][  0]LogEngine: Initializing Engine...
[2017.01.29-13.04.46:335][  0]LogHMD: Failed to initialize OpenVR with code 110
[2017.01.29-13.04.47:142][  0]LogAIModule: Creating AISystem for world Untitled
[2017.01.29-13.04.47:193][  0]LogInit: XAudio2 using 'Speakers (Realtek High Definition Audio)' : 2 channels at 48 kHz using 32 bits per sample (channel mask 0x3)
[2017.01.29-13.04.47:206][  0]LogInit: FAudioDevice initialized.
[2017.01.29-13.04.47:231][  0]LogDerivedDataCache: Saved boot cache 0.03s 50MB C:/Users/user/AppData/Local/UnrealEngine/4.14/DerivedDataCache/Boot.ddc.
[2017.01.29-13.04.47:238][  0]LogInit: Texture streaming: Enabled
[2017.01.29-13.04.47:361][  0]LogInit: Transaction tracking system initialized
[2017.01.29-13.04.47:585][  0]BlueprintLog: New page: Editor Load
[2017.01.29-13.04.48:195][  0]LocalizationService: Info Localization service is disabled
[2017.01.29-13.04.48:756][  0]LogConsoleResponse:Display: 
[2017.01.29-13.04.49:927][  0]LogCook:Display: Max memory allowance for cook 16384mb min free memory 0mb
[2017.01.29-13.04.49:927][  0]LogCook:Display: Mobile HDR setting 1
[2017.01.29-13.04.50:580][  0]LogFileCache: Scanning file cache for directory 'I:/UNREAL/LeagueOfLegends/Content/' took 0.02s
[2017.01.29-13.04.51:484][  0]Cmd: MAP LOAD FILE="I:/UNREAL/LeagueOfLegends/Content/ForTesting/TestLevelEQS.umap" TEMPLATE=0 SHOWPROGRESS=1 FEATURELEVEL=3
[2017.01.29-13.04.51:485][  0]LightingResults: New page: Lighting Build
[2017.01.29-13.04.51:512][  0]MapCheck: New page: Map Check
[2017.01.29-13.04.51:512][  0]LightingResults: New page: Lighting Build
[2017.01.29-13.05.03:344][  0]LogLinker:Warning: Can't find file '/Game/StarterContent/HDRI/HDRI_Epic_Courtyard_Daylight'
[2017.01.29-13.05.03:344][  0]LogLinker:Warning: Can't find file for asset '/Game/StarterContent/HDRI/HDRI_Epic_Courtyard_Daylight' while loading I:/UNREAL/LeagueOfLegends/Content/ForTesting/TestLevelEQS.umap.
[2017.01.29-13.05.03:344][  0]LoadErrors:Error: Error /Game/ForTesting/TestLevelEQS : Can't find file for asset. /Game/StarterContent/HDRI/HDRI_Epic_Courtyard_Daylight
[2017.01.29-13.05.03:643][  0]LogLinker:Warning: Can't find file '/Game/StarterContent/HDRI/HDRI_Epic_Courtyard_Daylight'
[2017.01.29-13.05.03:643][  0]LogLinker:Warning: Can't find file for asset '/Game/StarterContent/HDRI/HDRI_Epic_Courtyard_Daylight' while loading I:/UNREAL/LeagueOfLegends/Content/ForTesting/TestLevelEQS.umap.
[2017.01.29-13.05.03:643][  0]LoadErrors:Error: Error /Game/ForTesting/TestLevelEQS : Can't find file for asset. /Game/StarterContent/HDRI/HDRI_Epic_Courtyard_Daylight
[2017.01.29-13.05.03:644][  0]LogLinker:Warning: Can't find file '/Game/StarterContent/HDRI/HDRI_Epic_Courtyard_Daylight'
[2017.01.29-13.05.03:644][  0]LogLinker:Warning: Can't find file for asset '/Game/StarterContent/HDRI/HDRI_Epic_Courtyard_Daylight' while loading NULL.
[2017.01.29-13.05.03:644][  0]LogLinker:Warning: Can't find file '/Game/StarterContent/HDRI/HDRI_Epic_Courtyard_Daylight'
[2017.01.29-13.05.03:644][  0]LogLinker:Warning: Can't find file for asset '/Game/StarterContent/HDRI/HDRI_Epic_Courtyard_Daylight' while loading NULL.
[2017.01.29-13.05.03:741][  0]LogLinker:Warning: Can't find file '/Game/StarterContent/HDRI/HDRI_Epic_Courtyard_Daylight'
[2017.01.29-13.05.03:741][  0]LoadErrors: Info Failed to load /Game/StarterContent/HDRI/HDRI_Epic_Courtyard_Daylight.HDRI_Epic_Courtyard_Daylight Referenced by SkyLightComponent0
[2017.01.29-13.05.03:741][  0]LogLinker:Warning: Can't find file for asset '/Game/StarterContent/HDRI/HDRI_Epic_Courtyard_Daylight' while loading NULL.
[2017.01.29-13.05.03:741][  0]LoadErrors: Info Failed to load /Game/StarterContent/HDRI/HDRI_Epic_Courtyard_Daylight.HDRI_Epic_Courtyard_Daylight Referenced by SkyLightComponent0
[2017.01.29-13.05.06:607][  0]LogAIModule: Creating AISystem for world TestLevelEQS
[2017.01.29-13.05.06:931][  0]LogScriptCore:Warning: Script Msg: Attempted to set an invalid index on array Tags [0/0]!
[2017.01.29-13.05.06:931][  0]LogScriptCore:Warning: Script Msg: Attempted to set an invalid index on array Tags [1/0]!
[2017.01.29-13.05.06:931][  0]LogScriptCore:Warning: Script Msg: Attempted to set an invalid index on array Tags [0/0]!
[2017.01.29-13.05.06:931][  0]LogScriptCore:Warning: Script Msg: Attempted to set an invalid index on array Tags [1/0]!
[2017.01.29-13.05.06:936][  0]LogScriptCore:Warning: Script Msg: Attempted to set an invalid index on array Tags [0/0]!
[2017.01.29-13.05.06:936][  0]LogScriptCore:Warning: Script Msg: Attempted to set an invalid index on array Tags [1/0]!
[2017.01.29-13.05.06:937][  0]LogScriptCore:Warning: Script Msg: Attempted to set an invalid index on array Tags [0/0]!
[2017.01.29-13.05.06:937][  0]LogScriptCore:Warning: Script Msg: Attempted to set an invalid index on array Tags [1/0]!
[2017.01.29-13.05.06:937][  0]LogEditorServer: Finished looking for orphan Actors (0.000 secs)
[2017.01.29-13.05.06:939][  0]Cmd: MAP CHECKDEP NOCLEARLOG
[2017.01.29-13.05.06:986][  0]MapCheck: Info Map check complete: 0 Error(s), 0 Warning(s), took 47.456ms to complete.
[2017.01.29-13.05.06:986][  0]LogFileHelpers: Loading map 'TestLevelEQS' took 15.502
[2017.01.29-13.05.07:499][  0]LogCollectionManager: Loaded 0 collections in 0.001301 seconds
[2017.01.29-13.05.07:570][  0]LogFileCache: Scanning file cache for directory 'I:/UNREAL/LeagueOfLegends/Saved/Collections/' took 0.01s
[2017.01.29-13.05.07:570][  0]LogFileCache: Scanning file cache for directory 'I:/UNREAL/LeagueOfLegends/Content/Developers/user/Collections/' took 0.01s
[2017.01.29-13.05.07:570][  0]LogFileCache: Scanning file cache for directory 'I:/UNREAL/LeagueOfLegends/Content/Collections/' took 0.01s
[2017.01.29-13.05.07:570][  0]LogCollectionManager: Rebuilt the GUID cache for 0 collections in 0.000003 seconds
[2017.01.29-13.05.07:579][  0]LogContentBrowser: Native class hierarchy populated in 0.0091 seconds. Added 2201 classes and 432 folders.
[2017.01.29-13.05.07:646][  0]LogStats: UGameplayTagsManager::ConstructGameplayTagTree: Construct from data asset -  0.000 s
[2017.01.29-13.05.07:647][  0]LogStats: UGameplayTagsManager::ConstructGameplayTagTree: GameplayTagTreeChangedEvent.Broadcast -  0.000 s
[2017.01.29-13.05.07:648][  0]LogContentBrowser: Native class hierarchy updated for 'GameplayTags' in 0.0016 seconds. Added 13 classes and 0 folders.
[2017.01.29-13.05.07:687][  0]LogContentBrowser: Native class hierarchy updated for 'WidgetCarousel' in 0.0011 seconds. Added 0 classes and 0 folders.
[2017.01.29-13.05.08:714][  0]LogContentBrowser: Native class hierarchy updated for 'AddContentDialog' in 0.0016 seconds. Added 0 classes and 0 folders.
[2017.01.29-13.05.08:754][  0]LogContentBrowser: Native class hierarchy updated for 'SceneOutliner' in 0.0011 seconds. Added 1 classes and 2 folders.
[2017.01.29-13.05.08:923][  0]LogCrashTracker: Crashtracker disabled due to settings.
[2017.01.29-13.05.08:931][  0]LogUObjectGlobals:Warning: Failed to find object 'Class None.'
[2017.01.29-13.05.09:008][  0]LogContentBrowser: Native class hierarchy updated for 'HierarchicalLODOutliner' in 0.0012 seconds. Added 1 classes and 2 folders.
[2017.01.29-13.05.09:008][  0]LogLoad: (Engine Initialization) Total time: 68.63 seconds
[2017.01.29-13.05.09:008][  0]LogLoad: (Engine Initialization) Total Blueprint compile time: 1.19 seconds
[2017.01.29-13.05.09:017][  0]LogExternalProfiler: Found external profiler: VSPerf
[2017.01.29-13.05.09:017][  0]LogExternalProfiler: Using external profiler: VSPerf
[2017.01.29-13.05.09:352][  0]LogWindowsTextInputMethodSystem:Display: IME system now deactivated.
[2017.01.29-13.05.09:373][  0]LogOcInput: OculusInput pre-init called
[2017.01.29-13.05.09:429][  0]SourceControl: Info On branch master
[2017.01.29-13.05.09:429][  0]SourceControl: Info Your branch is based on 'Legend/master', but the upstream is gone.
[2017.01.29-13.05.09:429][  0]SourceControl: Info   (use "git branch --unset-upstream" to fixup)
[2017.01.29-13.05.09:429][  0]SourceControl: Info Changes not staged for commit:
[2017.01.29-13.05.09:429][  0]SourceControl: Info   (use "git add/rm <file>..." to update what will be committed)
[2017.01.29-13.05.09:429][  0]SourceControl: Info   (use "git checkout -- <file>..." to discard changes in working directory)
[2017.01.29-13.05.09:430][  0]SourceControl: Info 	modified:   Saved/Config/Windows/Editor.ini
[2017.01.29-13.05.09:430][  0]SourceControl: Info 	modified:   Saved/Config/Windows/Engine.ini
[2017.01.29-13.05.09:430][  0]SourceControl: Info 	deleted:    Saved/Logs/LeagueOfLegends-backup-2017.01.28-16.12.28.log
[2017.01.29-13.05.09:430][  0]SourceControl: Info 	modified:   Saved/Logs/LeagueOfLegends.log
[2017.01.29-13.05.09:430][  0]SourceControl: Info Untracked files:
[2017.01.29-13.05.09:430][  0]SourceControl: Info   (use "git add <file>..." to include in what will be committed)
[2017.01.29-13.05.09:430][  0]SourceControl: Info 	.vs/
[2017.01.29-13.05.09:430][  0]SourceControl: Info 	Binaries/
[2017.01.29-13.05.09:430][  0]SourceControl: Info 	Intermediate/
[2017.01.29-13.05.09:430][  0]SourceControl: Info 	Saved/Logs/LeagueOfLegends-backup-2017.01.29-15.04.05.log
[2017.01.29-13.05.09:430][  0]SourceControl: Info 	Saved/Logs/UE4CC-Windows-275219CB4B477E6BF6AFD8A12FBF01A4/
[2017.01.29-13.05.09:430][  0]SourceControl: Info 	stage/
[2017.01.29-13.05.09:430][  0]SourceControl: Info no changes added to commit (use "git add" and/or "git commit -a")
[2017.01.29-13.05.09:437][  0]LogContentStreaming: Texture pool size now 1000 MB
[2017.01.29-13.05.09:859][  0]LogRenderer: Reallocating scene render targets to support 1124x448 NumSamples 1 (Frame:2).
[2017.01.29-13.05.09:986][  1]LogAssetRegistry: Asset discovery search completed in 46.3960 seconds
[2017.01.29-13.05.09:986][  1]LogCollectionManager: Rebuilt the object cache for 0 collections in 0.000001 seconds (found 0 objects)
[2017.01.29-13.05.09:987][  1]LogCollectionManager: Fixed up redirectors for 0 collections in 0.000017 seconds (updated 0 objects)
[2017.01.29-13.05.47:978][115]LogDirectoryWatcher: A directory notification failed for 'I:/UNREAL/LeagueOfLegends/Saved/Collections/' because it could not be accessed. Aborting watch request...
[2017.01.29-13.05.47:978][115]LogDirectoryWatcher: A directory notification failed for 'I:/UNREAL/LeagueOfLegends/Content/Developers/user/Collections/' because it could not be accessed. Aborting watch request...
[2017.01.29-13.05.47:978][115]LogDirectoryWatcher: A directory notification failed for 'I:/UNREAL/LeagueOfLegends/Content/Collections/' because it could not be accessed. Aborting watch request...
[2017.01.29-13.05.52:532][226]LogWindowsTextInputMethodSystem:Display: IME system now deactivated.
[2017.01.29-13.05.52:783][227]Cmd: QUIT_EDITOR
[2017.01.29-13.05.52:879][227]LogExit: Preparing to exit.
[2017.01.29-13.05.53:501][227]LogExit: Editor shut down
[2017.01.29-13.05.53:501][227]LogExit: Transaction tracking system shut down
[2017.01.29-13.05.53:857][227]LogObj: Freed 0b from 0 cluster array pools.
[2017.01.29-13.05.53:857][227]LogExit: Object subsystem successfully closed.
[2017.01.29-13.05.54:084][227]LogD3D11RHI: Shutdown
[2017.01.29-13.05.54:084][227]LogD3D11RHI: CleanupD3DDevice
[2017.01.29-13.05.54:348][227]LogD3D11RHI: ~FD3D11DynamicRHI
[2017.01.29-13.05.54:554][227]LogHttp:Display: Http module shutting down, but needs to wait on 1 outstanding Http requests:
[2017.01.29-13.05.54:554][227]LogHttp:Display: 	verb=[POST] url=[https://datarouter.ol.epicgames.com/datarouter/api/v1/public/data?SessionID=%7B62C4936E-4A03-A6AF-EFB2-2A9D78A03AC8%7D&AppID=UEEditor.Rocket.Release&AppVersion=4.14.3-3249277%2B%2B%2BUE4%2BRelease-4.14&UserID=6c75bc4b418c18558be303a27cb28ce0%7C68aa64b044c649d689c6605cbe0289b3%7C26b556d9-66b1-4349-96f2-a4168190b8ea&AppEnvironment=datacollector-binary&UploadType=eteventstream] status=Processing
[2017.01.29-13.05.54:554][227]LogHttp:Display: Sleeping 0.5s to wait for 1 outstanding Http requests.
[2017.01.29-13.05.55:056][227]LogHttp:Display: Sleeping 0.5s to wait for 1 outstanding Http requests.
[2017.01.29-13.05.55:557][227]LogHttp:Display: Sleeping 0.5s to wait for 1 outstanding Http requests.
[2017.01.29-13.05.56:084][227]LogModuleManager: Shutting down and abandoning module HierarchicalLODOutliner (243)
[2017.01.29-13.05.56:084][227]LogModuleManager: Shutting down and abandoning module CrashTracker (242)
[2017.01.29-13.05.56:084][227]LogModuleManager: Shutting down and abandoning module SceneOutliner (241)
[2017.01.29-13.05.56:084][227]LogModuleManager: Shutting down and abandoning module WidgetCarousel (240)
[2017.01.29-13.05.56:084][227]LogModuleManager: Shutting down and abandoning module AddContentDialog (239)
[2017.01.29-13.05.56:084][227]LogDirectoryWatcher: A directory notification for 'E:/EPIC_GAMES/Epic Games/4.14/FeaturePacks/' was aborted.
[2017.01.29-13.05.56:084][227]LogModuleManager: Shutting down and abandoning module GameplayTags (238)
[2017.01.29-13.05.56:084][227]LogModuleManager: Shutting down and abandoning module EditorWidgets (237)
[2017.01.29-13.05.56:084][227]LogModuleManager: Shutting down and abandoning module CollectionManager (236)
[2017.01.29-13.05.56:085][227]LogModuleManager: Shutting down and abandoning module StatsViewer (235)
[2017.01.29-13.05.56:085][227]LogModuleManager: Shutting down and abandoning module FoliageEdit (234)
[2017.01.29-13.05.56:085][227]LogModuleManager: Shutting down and abandoning module LandscapeEditor (233)
[2017.01.29-13.05.56:085][227]LogModuleManager: Shutting down and abandoning module SceneDepthPickerMode (232)
[2017.01.29-13.05.56:085][227]LogModuleManager: Shutting down and abandoning module ActorPickerMode (231)
[2017.01.29-13.05.56:085][227]LogModuleManager: Shutting down and abandoning module GeometryMode (230)
[2017.01.29-13.05.56:085][227]LogModuleManager: Shutting down and abandoning module TextureAlignMode (229)
[2017.01.29-13.05.56:085][227]LogModuleManager: Shutting down and abandoning module BspMode (228)
[2017.01.29-13.05.56:085][227]LogModuleManager: Shutting down and abandoning module HardwareSurvey (227)
[2017.01.29-13.05.56:085][227]LogModuleManager: Shutting down and abandoning module SequenceRecorderSections (226)
[2017.01.29-13.05.56:085][227]LogModuleManager: Shutting down and abandoning module AutomationWorker (225)
[2017.01.29-13.05.56:085][227]LogModuleManager: Shutting down and abandoning module MatineeToLevelSequence (224)
[2017.01.29-13.05.56:096][227]LogModuleManager: Shutting down and abandoning module PlacementMode (223)
[2017.01.29-13.05.56:096][227]LogModuleManager: Shutting down and abandoning module LevelSequenceEditor (222)
[2017.01.29-13.05.56:113][227]LogModuleManager: Shutting down and abandoning module WmfMediaFactory (221)
[2017.01.29-13.05.56:113][227]LogModuleManager: Shutting down and abandoning module WmfMediaEditor (220)
[2017.01.29-13.05.56:113][227]LogModuleManager: Shutting down and abandoning module AvfMediaFactory (219)
[2017.01.29-13.05.56:113][227]LogModuleManager: Shutting down and abandoning module AvfMediaEditor (218)
[2017.01.29-13.05.56:113][227]LogModuleManager: Shutting down and abandoning module Media (217)
[2017.01.29-13.05.56:113][227]LogModuleManager: Shutting down and abandoning module AndroidMediaFactory (216)
[2017.01.29-13.05.56:113][227]LogModuleManager: Shutting down and abandoning module AndroidMediaEditor (215)
[2017.01.29-13.05.56:113][227]LogModuleManager: Shutting down and abandoning module CharacterAI (214)
[2017.01.29-13.05.56:113][227]LogModuleManager: Shutting down and abandoning module SequenceRecorder (213)
[2017.01.29-13.05.56:113][227]LogModuleManager: Shutting down and abandoning module AudioCapture (212)
[2017.01.29-13.05.56:113][227]LogModuleManager: Shutting down and abandoning module SmartSnapping (211)
[2017.01.29-13.05.56:113][227]LogModuleManager: Shutting down and abandoning module SessionServices (210)
[2017.01.29-13.05.56:113][227]LogModuleManager: Shutting down and abandoning module ViewportSnapping (209)
[2017.01.29-13.05.56:113][227]LogModuleManager: Shutting down and abandoning module ViewportInteraction (208)
[2017.01.29-13.05.56:113][227]LogModuleManager: Shutting down and abandoning module LogVisualizer (207)
[2017.01.29-13.05.56:113][227]LogModuleManager: Shutting down and abandoning module GameProjectGeneration (206)
[2017.01.29-13.05.56:113][227]LogModuleManager: Shutting down and abandoning module IntroTutorials (205)
[2017.01.29-13.05.56:113][227]LogModuleManager: Shutting down and abandoning module EditorLiveStreaming (204)
[2017.01.29-13.05.56:113][227]LogModuleManager: Shutting down and abandoning module IOSPlatformEditor (203)
[2017.01.29-13.05.56:113][227]LogModuleManager: Shutting down and abandoning module HTML5PlatformEditor (202)
[2017.01.29-13.05.56:113][227]LogModuleManager: Shutting down and abandoning module AndroidDeviceDetection (201)
[2017.01.29-13.05.56:986][227]LogModuleManager: Shutting down and abandoning module AndroidPlatformEditor (200)
[2017.01.29-13.05.56:986][227]LogModuleManager: Shutting down and abandoning module IOSRuntimeSettings (199)
[2017.01.29-13.05.56:986][227]LogModuleManager: Shutting down and abandoning module AndroidRuntimeSettings (198)
[2017.01.29-13.05.56:986][227]LogModuleManager: Shutting down and abandoning module InputBindingEditor (197)
[2017.01.29-13.05.56:986][227]LogModuleManager: Shutting down and abandoning module NiagaraEditor (196)
[2017.01.29-13.05.56:986][227]LogModuleManager: Shutting down and abandoning module MergeActors (195)
[2017.01.29-13.05.56:986][227]LogModuleManager: Shutting down and abandoning module SizeMap (194)
[2017.01.29-13.05.56:986][227]LogModuleManager: Shutting down and abandoning module TreeMap (193)
[2017.01.29-13.05.56:986][227]LogModuleManager: Shutting down and abandoning module ReferenceViewer (192)
[2017.01.29-13.05.56:986][227]LogModuleManager: Shutting down and abandoning module LocalizationService (191)
[2017.01.29-13.05.56:986][227]LogModuleManager: Shutting down and abandoning module LocalizationDashboard (190)
[2017.01.29-13.05.56:986][227]LogModuleManager: Shutting down and abandoning module HardwareTargeting (189)
[2017.01.29-13.05.56:986][227]LogModuleManager: Shutting down and abandoning module DeviceProfileEditor (188)
[2017.01.29-13.05.56:986][227]LogModuleManager: Shutting down and abandoning module UndoHistory (187)
[2017.01.29-13.05.56:986][227]LogModuleManager: Shutting down and abandoning module UserFeedback (186)
[2017.01.29-13.05.56:986][227]LogModuleManager: Shutting down and abandoning module XmlParser (185)
[2017.01.29-13.05.56:986][227]LogModuleManager: Shutting down and abandoning module Blutility (184)
[2017.01.29-13.05.56:986][227]LogModuleManager: Shutting down and abandoning module ProjectTargetPlatformEditor (183)
[2017.01.29-13.05.56:986][227]LogModuleManager: Shutting down and abandoning module ProjectSettingsViewer (182)
[2017.01.29-13.05.56:986][227]LogModuleManager: Shutting down and abandoning module EditorSettingsViewer (181)
[2017.01.29-13.05.56:986][227]LogModuleManager: Shutting down and abandoning module SettingsEditor (180)
[2017.01.29-13.05.56:986][227]LogModuleManager: Shutting down and abandoning module ProjectLauncher (179)
[2017.01.29-13.05.56:986][227]LogModuleManager: Shutting down and abandoning module SessionFrontend (178)
[2017.01.29-13.05.56:987][227]LogModuleManager: Shutting down and abandoning module ProfilerClient (177)
[2017.01.29-13.05.56:987][227]LogModuleManager: Shutting down and abandoning module TargetDeviceServices (176)
[2017.01.29-13.05.56:987][227]LogModuleManager: Shutting down and abandoning module DeviceManager (175)
[2017.01.29-13.05.57:029][227]LogModuleManager: Shutting down and abandoning module AutomationController (174)
[2017.01.29-13.05.57:029][227]LogModuleManager: Shutting down and abandoning module AutomationWindow (173)
[2017.01.29-13.05.57:029][227]LogModuleManager: Shutting down and abandoning module Layers (172)
[2017.01.29-13.05.57:029][227]LogModuleManager: Shutting down and abandoning module ComponentVisualizers (171)
[2017.01.29-13.05.57:029][227]LogModuleManager: Shutting down and abandoning module DetailCustomizations (170)
[2017.01.29-13.05.57:029][227]LogModuleManager: Shutting down and abandoning module PackagesDialog (169)
[2017.01.29-13.05.57:029][227]LogModuleManager: Shutting down and abandoning module AnimGraph (168)
[2017.01.29-13.05.57:029][227]LogModuleManager: Shutting down and abandoning module Persona (167)
[2017.01.29-13.05.57:029][227]LogModuleManager: Shutting down and abandoning module Kismet (166)
[2017.01.29-13.05.57:034][227]LogModuleManager: Shutting down and abandoning module GraphEditor (165)
[2017.01.29-13.05.57:034][227]LogModuleManager: Shutting down and abandoning module ClassViewer (164)
[2017.01.29-13.05.57:034][227]LogModuleManager: Shutting down and abandoning module Toolbox (163)
[2017.01.29-13.05.57:034][227]LogModuleManager: Shutting down and abandoning module ModuleUI (162)
[2017.01.29-13.05.57:034][227]LogModuleManager: Shutting down and abandoning module MovieSceneTools (161)
[2017.01.29-13.05.57:034][227]LogModuleManager: Shutting down and abandoning module OutputLog (160)
[2017.01.29-13.05.57:034][227]LogModuleManager: Shutting down and abandoning module GammaUI (159)
[2017.01.29-13.05.57:034][227]LogModuleManager: Shutting down and abandoning module Documentation (158)
[2017.01.29-13.05.57:034][227]LogModuleManager: Shutting down and abandoning module Niagara (157)
[2017.01.29-13.05.57:034][227]LogModuleManager: Shutting down and abandoning module StreamingPauseRendering (156)
[2017.01.29-13.05.57:034][227]LogModuleManager: Shutting down and abandoning module AnalyticsET (155)
[2017.01.29-13.05.57:034][227]LogModuleManager: Shutting down and abandoning module PortalServices (154)
[2017.01.29-13.05.57:034][227]LogModuleManager: Shutting down and abandoning module PortalRpc (153)
[2017.01.29-13.05.57:034][227]LogModuleManager: Shutting down and abandoning module MessagingRpc (152)
[2017.01.29-13.05.57:034][227]LogModuleManager: Shutting down and abandoning module GameplayDebugger (151)
[2017.01.29-13.05.57:034][227]LogModuleManager: Shutting down and abandoning module AITestSuite (150)
[2017.01.29-13.05.57:034][227]LogModuleManager: Shutting down and abandoning module AIModule (149)
[2017.01.29-13.05.57:034][227]LogModuleManager: Shutting down and abandoning module ProfilerService (148)
[2017.01.29-13.05.57:036][227]LogModuleManager: Shutting down and abandoning module TaskGraph (147)
[2017.01.29-13.05.57:036][227]LogModuleManager: Shutting down and abandoning module SlateRemote (146)
[2017.01.29-13.05.57:036][227]LogModuleManager: Shutting down and abandoning module SteamVRController (145)
[2017.01.29-13.05.57:036][227]LogModuleManager: Shutting down and abandoning module SteamVR (144)
[2017.01.29-13.05.57:036][227]LogModuleManager: Shutting down and abandoning module ProceduralMeshComponentEditor (143)
[2017.01.29-13.05.57:054][227]LogModuleManager: Shutting down and abandoning module ProceduralMeshComponent (142)
[2017.01.29-13.05.57:065][227]LogModuleManager: Shutting down and abandoning module OculusLibrary (141)
[2017.01.29-13.05.57:065][227]LogModuleManager: Shutting down and abandoning module OculusInput (140)
[2017.01.29-13.05.57:065][227]LogModuleManager: Shutting down and abandoning module MobilePatchingUtils (139)
[2017.01.29-13.05.57:065][227]LogModuleManager: Shutting down and abandoning module CustomMeshComponent (138)
[2017.01.29-13.05.57:065][227]LogModuleManager: Shutting down and abandoning module CableComponent (137)
[2017.01.29-13.05.57:065][227]LogModuleManager: Shutting down and abandoning module ArchVisCharacter (136)
[2017.01.29-13.05.57:066][227]LogModuleManager: Shutting down and abandoning module MediaPlayerEditor (134)
[2017.01.29-13.05.57:113][227]LogModuleManager: Shutting down and abandoning module HTML5Networking (133)
[2017.01.29-13.05.57:113][227]LogModuleManager: Shutting down and abandoning module GeometryCacheEd (132)
[2017.01.29-13.05.57:113][227]LogModuleManager: Shutting down and abandoning module GeometryCache (131)
[2017.01.29-13.05.57:113][227]LogModuleManager: Shutting down and abandoning module AlembicLibrary (130)
[2017.01.29-13.05.57:121][227]LogModuleManager: Shutting down and abandoning module AlembicImporter (129)
[2017.01.29-13.05.57:121][227]LogModuleManager: Shutting down and abandoning module SuperSearch (128)
[2017.01.29-13.05.57:121][227]LogModuleManager: Shutting down and abandoning module SuperSearchEditor (127)
[2017.01.29-13.05.57:121][227]LogModuleManager: Shutting down and abandoning module SpeedTreeImporter (126)
[2017.01.29-13.05.57:121][227]LogModuleManager: Shutting down and abandoning module PluginBrowser (125)
[2017.01.29-13.05.57:122][227]LogModuleManager: Shutting down and abandoning module MobileLauncherProfileWizard (124)
[2017.01.29-13.05.57:149][227]LogModuleManager: Shutting down and abandoning module EpicSurvey (123)
[2017.01.29-13.05.57:161][227]LogModuleManager: Shutting down and abandoning module DesktopPlatform (122)
[2017.01.29-13.05.57:161][227]LogModuleManager: Shutting down and abandoning module VisualStudioSourceCodeAccess (121)
[2017.01.29-13.05.57:161][227]LogModuleManager: Shutting down and abandoning module UObjectPlugin (120)
[2017.01.29-13.05.57:161][227]LogModuleManager: Shutting down and abandoning module SubversionSourceControl (119)
[2017.01.29-13.05.57:181][227]LogModuleManager: Shutting down and abandoning module PerforceSourceControl (118)
[2017.01.29-13.05.57:184][227]LogModuleManager: Shutting down and abandoning module SourceControl (117)
[2017.01.29-13.05.57:184][227]LogModuleManager: Shutting down and abandoning module GitSourceControl (116)
[2017.01.29-13.05.57:184][227]LogModuleManager: Shutting down and abandoning module LightPropagationVolumeEditor (115)
[2017.01.29-13.05.57:184][227]LogModuleManager: Shutting down and abandoning module PaperTiledImporter (114)
[2017.01.29-13.05.57:184][227]LogModuleManager: Shutting down and abandoning module PaperSpriteSheetImporter (113)
[2017.01.29-13.05.57:184][227]LogModuleManager: Shutting down and abandoning module MeshPaint (112)
[2017.01.29-13.05.57:184][227]LogModuleManager: Shutting down and abandoning module PixelInspectorModule (111)
[2017.01.29-13.05.57:184][227]LogModuleManager: Shutting down and abandoning module HotReload (110)
[2017.01.29-13.05.57:184][227]LogDirectoryWatcher: A directory notification for 'I:/UNREAL/LeagueOfLegends/Binaries/Win64' was aborted.
[2017.01.29-13.05.57:185][227]LogModuleManager: Shutting down and abandoning module MainFrame (109)
[2017.01.29-13.05.57:185][227]LogModuleManager: Shutting down and abandoning module LevelEditor (108)
[2017.01.29-13.05.57:185][227]LogModuleManager: Shutting down and abandoning module ContentBrowser (107)
[2017.01.29-13.05.57:186][227]LogModuleManager: Shutting down and abandoning module Paper2DEditor (106)
[2017.01.29-13.05.57:187][227]LogModuleManager: Shutting down and abandoning module LeagueOfLegends (105)
[2017.01.29-13.05.57:187][227]LogModuleManager: Shutting down and abandoning module UdpMessaging (104)
[2017.01.29-13.05.57:288][227]LogModuleManager: Shutting down and abandoning module TcpMessaging (103)
[2017.01.29-13.05.57:389][227]LogModuleManager: Shutting down and abandoning module LightPropagationVolumeRuntime (102)
[2017.01.29-13.05.57:389][227]LogModuleManager: Shutting down and abandoning module Paper2D (101)
[2017.01.29-13.05.57:405][227]LogModuleManager: Shutting down and abandoning module WindowsMoviePlayer (100)
[2017.01.29-13.05.57:405][227]LogModuleManager: Shutting down and abandoning module WmfMedia (99)
[2017.01.29-13.05.57:420][227]LogModuleManager: Shutting down and abandoning module MediaAssets (98)
[2017.01.29-13.05.57:420][227]LogModuleManager: Shutting down and abandoning module GameLiveStreaming (97)
[2017.01.29-13.05.57:420][227]LogModuleManager: Shutting down and abandoning module GameplayTagsEditor (96)
[2017.01.29-13.05.57:420][227]LogModuleManager: Shutting down and abandoning module EnvironmentQueryEditor (95)
[2017.01.29-13.05.57:420][227]LogModuleManager: Shutting down and abandoning module VREditor (94)
[2017.01.29-13.05.57:420][227]LogModuleManager: Shutting down and abandoning module GameplayTasksEditor (93)
[2017.01.29-13.05.57:420][227]LogModuleManager: Shutting down and abandoning module BehaviorTreeEditor (92)
[2017.01.29-13.05.57:420][227]LogModuleManager: Shutting down and abandoning module FunctionalTesting (91)
[2017.01.29-13.05.57:420][227]LogModuleManager: Shutting down and abandoning module CollisionAnalyzer (90)
[2017.01.29-13.05.57:420][227]LogModuleManager: Shutting down and abandoning module Sequencer (89)
[2017.01.29-13.05.57:420][227]LogModuleManager: Shutting down and abandoning module WorkspaceMenuStructure (88)
[2017.01.29-13.05.57:420][227]LogModuleManager: Shutting down and abandoning module MessageLog (87)
[2017.01.29-13.05.57:420][227]LogModuleManager: Shutting down and abandoning module AssetTools (86)
[2017.01.29-13.05.57:421][227]LogModuleManager: Shutting down and abandoning module UMGEditor (85)
[2017.01.29-13.05.57:421][227]LogModuleManager: Shutting down and abandoning module UMG (84)
[2017.01.29-13.05.57:421][227]LogModuleManager: Shutting down and abandoning module SlateReflector (83)
[2017.01.29-13.05.57:421][227]LogModuleManager: Shutting down and abandoning module Slate (82)
[2017.01.29-13.05.57:421][227]LogModuleManager: Shutting down and abandoning module EditorStyle (81)
[2017.01.29-13.05.57:423][227]LogModuleManager: Shutting down and abandoning module SourceCodeAccess (80)
[2017.01.29-13.05.57:423][227]LogModuleManager: Shutting down and abandoning module HeadMountedDisplay (79)
[2017.01.29-13.05.57:423][227]LogModuleManager: Shutting down and abandoning module XAudio2 (78)
[2017.01.29-13.05.57:423][227]LogModuleManager: Shutting down and abandoning module Networking (76)
[2017.01.29-13.05.57:423][227]LogModuleManager: Shutting down and abandoning module Core (75)
[2017.01.29-13.05.57:423][227]LogModuleManager: Shutting down and abandoning module DirectoryWatcher (74)
[2017.01.29-13.05.57:423][227]LogDirectoryWatcher: A directory notification for '../../../Engine/Content/' was aborted.
[2017.01.29-13.05.57:423][227]LogDirectoryWatcher: A directory notification for 'I:/UNREAL/LeagueOfLegends/Content/' was aborted.
[2017.01.29-13.05.57:423][227]LogDirectoryWatcher: A directory notification for '../../../Engine/Plugins/2D/Paper2D/Content/' was aborted.
[2017.01.29-13.05.57:423][227]LogModuleManager: Shutting down and abandoning module AssetRegistry (73)
[2017.01.29-13.05.57:998][227]LogModuleManager: Shutting down and abandoning module KismetCompiler (72)
[2017.01.29-13.05.57:998][227]LogModuleManager: Shutting down and abandoning module PhysXFormats (71)
[2017.01.29-13.05.57:998][227]LogModuleManager: Shutting down and abandoning module SimplygonSwarm (70)
[2017.01.29-13.05.57:998][227]LogModuleManager: Shutting down and abandoning module SimplygonMeshReduction (69)
[2017.01.29-13.05.57:998][227]LogModuleManager: Shutting down and abandoning module QuadricMeshReduction (68)
[2017.01.29-13.05.57:998][227]LogModuleManager: Shutting down and abandoning module PropertyEditor (67)
[2017.01.29-13.05.57:998][227]LogModuleManager: Shutting down and abandoning module MeshUtilities (66)
[2017.01.29-13.05.57:998][227]LogModuleManager: Shutting down and abandoning module DerivedDataCache (65)
[2017.01.29-13.05.58:251][227]LogDerivedDataCache: Shutdown
[2017.01.29-13.05.58:251][227]LogModuleManager: Shutting down and abandoning module VulkanShaderFormat (64)
[2017.01.29-13.05.58:251][227]LogModuleManager: Shutting down and abandoning module ShaderFormatOpenGL (63)
[2017.01.29-13.05.58:251][227]LogModuleManager: Shutting down and abandoning module ShaderFormatD3D (62)
[2017.01.29-13.05.58:251][227]LogModuleManager: Shutting down and abandoning module MetalShaderFormat (61)
[2017.01.29-13.05.58:251][227]LogModuleManager: Shutting down and abandoning module TextureFormatUncompressed (60)
[2017.01.29-13.05.58:251][227]LogModuleManager: Shutting down and abandoning module TextureFormatPVR (59)
[2017.01.29-13.05.58:251][227]LogModuleManager: Shutting down and abandoning module TextureFormatDXT (58)
[2017.01.29-13.05.58:251][227]LogModuleManager: Shutting down and abandoning module TextureFormatIntelISPCTexComp (57)
[2017.01.29-13.05.58:251][227]LogModuleManager: Shutting down and abandoning module ImageWrapper (56)
[2017.01.29-13.05.58:251][227]LogModuleManager: Shutting down and abandoning module TextureFormatASTC (55)
[2017.01.29-13.05.58:251][227]LogModuleManager: Shutting down and abandoning module TextureFormatAndroid (54)
[2017.01.29-13.05.58:251][227]LogModuleManager: Shutting down and abandoning module AudioFormatOpus (53)
[2017.01.29-13.05.58:251][227]LogModuleManager: Shutting down and abandoning module AudioFormatOgg (52)
[2017.01.29-13.05.58:251][227]LogModuleManager: Shutting down and abandoning module AudioFormatADPCM (51)
[2017.01.29-13.05.58:251][227]LogModuleManager: Shutting down and abandoning module LinuxTargetPlatform (50)
[2017.01.29-13.05.58:251][227]LogModuleManager: Shutting down and abandoning module LinuxServerTargetPlatform (49)
[2017.01.29-13.05.58:251][227]LogModuleManager: Shutting down and abandoning module LinuxNoEditorTargetPlatform (48)
[2017.01.29-13.05.58:251][227]LogModuleManager: Shutting down and abandoning module LinuxClientTargetPlatform (47)
[2017.01.29-13.05.58:251][227]LogModuleManager: Shutting down and abandoning module TVOSTargetPlatform (46)
[2017.01.29-13.05.58:251][227]LogModuleManager: Shutting down and abandoning module Messaging (45)
[2017.01.29-13.05.58:251][227]LogModuleManager: Shutting down and abandoning module IOSTargetPlatform (44)
[2017.01.29-13.05.58:251][227]LogModuleManager: Shutting down and abandoning module HTML5TargetPlatform (43)
[2017.01.29-13.05.58:251][227]LogModuleManager: Shutting down and abandoning module Android_PVRTCTargetPlatform (42)
[2017.01.29-13.05.58:251][227]LogModuleManager: Shutting down and abandoning module Android_MultiTargetPlatform (41)
[2017.01.29-13.05.58:251][227]LogModuleManager: Shutting down and abandoning module Android_ETC2TargetPlatform (40)
[2017.01.29-13.05.58:251][227]LogModuleManager: Shutting down and abandoning module Android_ETC1TargetPlatform (39)
[2017.01.29-13.05.58:251][227]LogModuleManager: Shutting down and abandoning module Android_DXTTargetPlatform (38)
[2017.01.29-13.05.58:251][227]LogModuleManager: Shutting down and abandoning module Android_ATCTargetPlatform (37)
[2017.01.29-13.05.58:251][227]LogModuleManager: Shutting down and abandoning module Android_ASTCTargetPlatform (36)
[2017.01.29-13.05.58:251][227]LogModuleManager: Shutting down and abandoning module AndroidTargetPlatform (35)
[2017.01.29-13.05.58:251][227]LogModuleManager: Shutting down and abandoning module WindowsTargetPlatform (34)
[2017.01.29-13.05.58:251][227]LogModuleManager: Shutting down and abandoning module WindowsServerTargetPlatform (33)
[2017.01.29-13.05.58:251][227]LogModuleManager: Shutting down and abandoning module WindowsNoEditorTargetPlatform (32)
[2017.01.29-13.05.58:251][227]LogModuleManager: Shutting down and abandoning module WindowsClientTargetPlatform (31)
[2017.01.29-13.05.58:251][227]LogModuleManager: Shutting down and abandoning module MacTargetPlatform (30)
[2017.01.29-13.05.58:251][227]LogModuleManager: Shutting down and abandoning module MacServerTargetPlatform (29)
[2017.01.29-13.05.58:251][227]LogModuleManager: Shutting down and abandoning module MacNoEditorTargetPlatform (28)
[2017.01.29-13.05.58:251][227]LogModuleManager: Shutting down and abandoning module MacClientTargetPlatform (27)
[2017.01.29-13.05.58:251][227]LogModuleManager: Shutting down and abandoning module AllDesktopTargetPlatform (26)
[2017.01.29-13.05.58:251][227]LogModuleManager: Shutting down and abandoning module TargetPlatform (25)
[2017.01.29-13.05.58:251][227]LogModuleManager: Shutting down and abandoning module InputCore (24)
[2017.01.29-13.05.58:251][227]LogModuleManager: Shutting down and abandoning module Settings (23)
[2017.01.29-13.05.58:251][227]LogModuleManager: Shutting down and abandoning module OculusRift (22)
[2017.01.29-13.05.58:252][227]LogModuleManager: Shutting down and abandoning module ExampleDeviceProfileSelector (21)
[2017.01.29-13.05.58:252][227]LogModuleManager: Shutting down and abandoning module OnlineBlueprintSupport (20)
[2017.01.29-13.05.58:252][227]LogModuleManager: Shutting down and abandoning module OnlineSubsystem (18)
[2017.01.29-13.05.58:252][227]LogOnline:Display: Unloading online subsystem: NULL
[2017.01.29-13.05.58:272][227]LogModuleManager: Shutting down and abandoning module SSL (17)
[2017.01.29-13.05.58:274][227]LogModuleManager: Shutting down and abandoning module HTTP (16)
[2017.01.29-13.05.58:274][227]LogModuleManager: Shutting down and abandoning module XMPP (15)
[2017.01.29-13.05.58:274][227]LogModuleManager: Shutting down and abandoning module TextureCompressor (14)
[2017.01.29-13.05.58:274][227]LogModuleManager: Shutting down and abandoning module ShaderCore (13)
[2017.01.29-13.05.58:274][227]LogModuleManager: Shutting down and abandoning module Landscape (12)
[2017.01.29-13.05.58:274][227]LogModuleManager: Shutting down and abandoning module SlateRHIRenderer (11)
[2017.01.29-13.05.58:275][227]LogModuleManager: Shutting down and abandoning module OpenGLDrv (10)
[2017.01.29-13.05.58:275][227]LogModuleManager: Shutting down and abandoning module D3D11RHI (9)
[2017.01.29-13.05.58:275][227]LogModuleManager: Shutting down and abandoning module AnimGraphRuntime (8)
[2017.01.29-13.05.58:275][227]LogModuleManager: Shutting down and abandoning module Renderer (7)
[2017.01.29-13.05.58:275][227]LogModuleManager: Shutting down and abandoning module Engine (6)
[2017.01.29-13.05.58:275][227]LogModuleManager: Shutting down and abandoning module CoreUObject (5)
[2017.01.29-13.05.58:275][227]LogModuleManager: Shutting down and abandoning module NetworkFile (4)
[2017.01.29-13.05.58:275][227]LogModuleManager: Shutting down and abandoning module StreamingFile (3)
[2017.01.29-13.05.58:275][227]LogModuleManager: Shutting down and abandoning module SandboxFile (2)
[2017.01.29-13.05.58:275][227]LogModuleManager: Shutting down and abandoning module PakFile (1)
[2017.01.29-13.05.58:276][227]LogExit: Exiting.
[2017.01.29-13.05.58:278][227]Log file closed, 01/29/17 15:05:58
