Log file open, 01/29/17 15:08:35
LogInit:Display: Running engine for game: LeagueOfLegends
LogPlatformFile: Not using cached read wrapper
LogInit:Display: RandInit(1486617224) SRandInit(1486617224).
LogTaskGraph: Started task graph with 5 named threads and 8 total threads with 1 sets of task threads.
LogStats: Stats thread started at 0.070398
LogPluginManager: Loaded Plugin Paper2D, From E:/EPIC_GAMES/Epic Games/4.14/Engine/Plugins/2D/Paper2D/Paper2D.uplugin
LogPluginManager: Loaded Plugin LightPropagationVolume, From E:/EPIC_GAMES/Epic Games/4.14/Engine/Plugins/Blendables/LightPropagationVolume/LightPropagationVolume.uplugin
LogPluginManager: Loaded Plugin BlankPlugin, From E:/EPIC_GAMES/Epic Games/4.14/Engine/Plugins/Developer/BlankPlugin/BlankPlugin.uplugin
LogPluginManager: Loaded Plugin CodeLiteSourceCodeAccess, From E:/EPIC_GAMES/Epic Games/4.14/Engine/Plugins/Developer/CodeLiteSourceCodeAccess/CodeLiteSourceCodeAccess.uplugin
LogPluginManager: Loaded Plugin GitSourceControl, From E:/EPIC_GAMES/Epic Games/4.14/Engine/Plugins/Developer/GitSourceControl/GitSourceControl.uplugin
LogPluginManager: Loaded Plugin KDevelopSourceCodeAccess, From E:/EPIC_GAMES/Epic Games/4.14/Engine/Plugins/Developer/KDevelopSourceCodeAccess/KDevelopSourceCodeAccess.uplugin
LogPluginManager: Loaded Plugin NullSourceCodeAccess, From E:/EPIC_GAMES/Epic Games/4.14/Engine/Plugins/Developer/NullSourceCodeAccess/NullSourceCodeAccess.uplugin
LogPluginManager: Loaded Plugin OneSkyLocalizationService, From E:/EPIC_GAMES/Epic Games/4.14/Engine/Plugins/Developer/OneSkyLocalizationService/OneSkyLocalizationService.uplugin
LogPluginManager: Loaded Plugin PerforceSourceControl, From E:/EPIC_GAMES/Epic Games/4.14/Engine/Plugins/Developer/PerforceSourceControl/PerforceSourceControl.uplugin
LogPluginManager: Loaded Plugin SubversionSourceControl, From E:/EPIC_GAMES/Epic Games/4.14/Engine/Plugins/Developer/SubversionSourceControl/SubversionSourceControl.uplugin
LogPluginManager: Loaded Plugin UObjectPlugin, From E:/EPIC_GAMES/Epic Games/4.14/Engine/Plugins/Developer/UObjectPlugin/UObjectPlugin.uplugin
LogPluginManager: Loaded Plugin VisualStudioSourceCodeAccess, From E:/EPIC_GAMES/Epic Games/4.14/Engine/Plugins/Developer/VisualStudioSourceCodeAccess/VisualStudioSourceCodeAccess.uplugin
LogPluginManager: Loaded Plugin XCodeSourceCodeAccess, From E:/EPIC_GAMES/Epic Games/4.14/Engine/Plugins/Developer/XCodeSourceCodeAccess/XCodeSourceCodeAccess.uplugin
LogPluginManager: Loaded Plugin AudioCapture, From E:/EPIC_GAMES/Epic Games/4.14/Engine/Plugins/Editor/AudioCapture/AudioCapture.uplugin
LogPluginManager: Loaded Plugin EpicSurvey, From E:/EPIC_GAMES/Epic Games/4.14/Engine/Plugins/Editor/EpicSurvey/EpicSurvey.uplugin
LogPluginManager: Loaded Plugin MacGraphicsSwitching, From E:/EPIC_GAMES/Epic Games/4.14/Engine/Plugins/Editor/MacGraphicsSwitching/MacGraphicsSwitching.uplugin
LogPluginManager: Loaded Plugin MobileLauncherProfileWizard, From E:/EPIC_GAMES/Epic Games/4.14/Engine/Plugins/Editor/MobileLauncherProfileWizard/MobileLauncherProfileWizard.uplugin
LogPluginManager: Loaded Plugin PluginBrowser, From E:/EPIC_GAMES/Epic Games/4.14/Engine/Plugins/Editor/PluginBrowser/PluginBrowser.uplugin
LogPluginManager: Loaded Plugin SpeedTreeImporter, From E:/EPIC_GAMES/Epic Games/4.14/Engine/Plugins/Editor/SpeedTreeImporter/SpeedTreeImporter.uplugin
LogPluginManager: Loaded Plugin SuperSearchEditor, From E:/EPIC_GAMES/Epic Games/4.14/Engine/Plugins/Editor/SuperSearchEditor/SuperSearchEditor.uplugin
LogPluginManager: Loaded Plugin AlembicImporter, From E:/EPIC_GAMES/Epic Games/4.14/Engine/Plugins/Experimental/AlembicImporter/AlembicImporter.uplugin
LogPluginManager: Loaded Plugin BlueprintStats, From E:/EPIC_GAMES/Epic Games/4.14/Engine/Plugins/Experimental/BlueprintStats/BlueprintStats.uplugin
LogPluginManager: Loaded Plugin CharacterAI, From E:/EPIC_GAMES/Epic Games/4.14/Engine/Plugins/Experimental/CharacterAI/CharacterAI.uplugin
LogPluginManager: Loaded Plugin CodeEditor, From E:/EPIC_GAMES/Epic Games/4.14/Engine/Plugins/Experimental/CodeEditor/CodeEditor.uplugin
LogPluginManager: Loaded Plugin CodeView, From E:/EPIC_GAMES/Epic Games/4.14/Engine/Plugins/Experimental/CodeView/CodeView.uplugin
LogPluginManager: Loaded Plugin HTML5Networking, From E:/EPIC_GAMES/Epic Games/4.14/Engine/Plugins/Experimental/HTML5Networking/HTML5Networking.uplugin
LogPluginManager: Loaded Plugin OSVR, From E:/EPIC_GAMES/Epic Games/4.14/Engine/Plugins/Experimental/OSVR/OSVR.uplugin
LogPluginManager: Loaded Plugin Phya, From E:/EPIC_GAMES/Epic Games/4.14/Engine/Plugins/Experimental/Phya/Phya.uplugin
LogPluginManager: Loaded Plugin SignificanceManager, From E:/EPIC_GAMES/Epic Games/4.14/Engine/Plugins/Experimental/SignificanceManager/SignificanceManager.uplugin
LogPluginManager: Loaded Plugin SimpleHMD, From E:/EPIC_GAMES/Epic Games/4.14/Engine/Plugins/Experimental/SimpleHMD/SimpleHMD.uplugin
LogPluginManager: Loaded Plugin StereoPanorama, From E:/EPIC_GAMES/Epic Games/4.14/Engine/Plugins/Experimental/StereoPanorama/StereoPanorama.uplugin
LogPluginManager: Loaded Plugin StructBox, From E:/EPIC_GAMES/Epic Games/4.14/Engine/Plugins/Experimental/StructBox/StructBox.uplugin
LogPluginManager: Loaded Plugin AndroidMedia, From E:/EPIC_GAMES/Epic Games/4.14/Engine/Plugins/Media/AndroidMedia/AndroidMedia.uplugin
LogPluginManager: Loaded Plugin AvfMedia, From E:/EPIC_GAMES/Epic Games/4.14/Engine/Plugins/Media/AvfMedia/AvfMedia.uplugin
LogPluginManager: Loaded Plugin MediaPlayerEditor, From E:/EPIC_GAMES/Epic Games/4.14/Engine/Plugins/Media/MediaPlayerEditor/MediaPlayerEditor.uplugin
LogPluginManager: Loaded Plugin WmfMedia, From E:/EPIC_GAMES/Epic Games/4.14/Engine/Plugins/Media/WmfMedia/WmfMedia.uplugin
LogPluginManager: Loaded Plugin MessagingDebugger, From E:/EPIC_GAMES/Epic Games/4.14/Engine/Plugins/Messaging/MessagingDebugger/MessagingDebugger.uplugin
LogPluginManager: Loaded Plugin TcpMessaging, From E:/EPIC_GAMES/Epic Games/4.14/Engine/Plugins/Messaging/TcpMessaging/TcpMessaging.uplugin
LogPluginManager: Loaded Plugin UdpMessaging, From E:/EPIC_GAMES/Epic Games/4.14/Engine/Plugins/Messaging/UdpMessaging/UdpMessaging.uplugin
LogPluginManager: Loaded Plugin LevelSequenceEditor, From E:/EPIC_GAMES/Epic Games/4.14/Engine/Plugins/MovieScene/LevelSequenceEditor/LevelSequenceEditor.uplugin
LogPluginManager: Loaded Plugin MatineeToLevelSequence, From E:/EPIC_GAMES/Epic Games/4.14/Engine/Plugins/MovieScene/MatineeToLevelSequence/MatineeToLevelSequence.uplugin
LogPluginManager: Loaded Plugin NetcodeUnitTest, From E:/EPIC_GAMES/Epic Games/4.14/Engine/Plugins/NetcodeUnitTest/NetcodeUnitTest/NetcodeUnitTest.uplugin
LogPluginManager: Loaded Plugin NUTUnrealEngine4, From E:/EPIC_GAMES/Epic Games/4.14/Engine/Plugins/NetcodeUnitTest/NUTUnrealEngine4/NUTUnrealEngine4.uplugin
LogPluginManager: Loaded Plugin OnlineSubsystemGameCircle, From E:/EPIC_GAMES/Epic Games/4.14/Engine/Plugins/Online/Android/OnlineSubsystemGameCircle/OnlineSubsystemGameCircle.uplugin
LogPluginManager: Loaded Plugin OnlineSubsystemGooglePlay, From E:/EPIC_GAMES/Epic Games/4.14/Engine/Plugins/Online/Android/OnlineSubsystemGooglePlay/OnlineSubsystemGooglePlay.uplugin
LogPluginManager: Loaded Plugin OnlineSubsystemIOS, From E:/EPIC_GAMES/Epic Games/4.14/Engine/Plugins/Online/IOS/OnlineSubsystemIOS/OnlineSubsystemIOS.uplugin
LogPluginManager: Loaded Plugin OnlineFramework, From E:/EPIC_GAMES/Epic Games/4.14/Engine/Plugins/Online/OnlineFramework/OnlineFramework.uplugin
LogPluginManager: Loaded Plugin OnlineSubsystem, From E:/EPIC_GAMES/Epic Games/4.14/Engine/Plugins/Online/OnlineSubsystem/OnlineSubsystem.uplugin
LogPluginManager: Loaded Plugin OnlineSubsystemAmazon, From E:/EPIC_GAMES/Epic Games/4.14/Engine/Plugins/Online/OnlineSubsystemAmazon/OnlineSubsystemAmazon.uplugin
LogPluginManager: Loaded Plugin OnlineSubsystemFacebook, From E:/EPIC_GAMES/Epic Games/4.14/Engine/Plugins/Online/OnlineSubsystemFacebook/OnlineSubsystemFacebook.uplugin
LogPluginManager: Loaded Plugin OnlineSubsystemNull, From E:/EPIC_GAMES/Epic Games/4.14/Engine/Plugins/Online/OnlineSubsystemNull/OnlineSubsystemNull.uplugin
LogPluginManager: Loaded Plugin OnlineSubsystemOculus, From E:/EPIC_GAMES/Epic Games/4.14/Engine/Plugins/Online/OnlineSubsystemOculus/OnlineSubsystemOculus.uplugin
LogPluginManager: Loaded Plugin OnlineSubsystemSteam, From E:/EPIC_GAMES/Epic Games/4.14/Engine/Plugins/Online/OnlineSubsystemSteam/OnlineSubsystemSteam.uplugin
LogPluginManager: Loaded Plugin OnlineSubsystemUtils, From E:/EPIC_GAMES/Epic Games/4.14/Engine/Plugins/Online/OnlineSubsystemUtils/OnlineSubsystemUtils.uplugin
LogPluginManager: Loaded Plugin IOSTapJoy, From E:/EPIC_GAMES/Epic Games/4.14/Engine/Plugins/Runtime/Advertising/IOSTapJoy/IOSTapJoy.uplugin
LogPluginManager: Loaded Plugin AnalyticsBlueprintLibrary, From E:/EPIC_GAMES/Epic Games/4.14/Engine/Plugins/Runtime/Analytics/AnalyticsBlueprintLibrary/AnalyticsBlueprintLibrary.uplugin
LogPluginManager: Loaded Plugin AnalyticsMulticast, From E:/EPIC_GAMES/Epic Games/4.14/Engine/Plugins/Runtime/Analytics/AnalyticsMulticast/AnalyticsMulticast.uplugin
LogPluginManager: Loaded Plugin Apsalar, From E:/EPIC_GAMES/Epic Games/4.14/Engine/Plugins/Runtime/Analytics/Apsalar/Apsalar.uplugin
LogPluginManager: Loaded Plugin FileLogging, From E:/EPIC_GAMES/Epic Games/4.14/Engine/Plugins/Runtime/Analytics/FileLogging/FileLogging.uplugin
LogPluginManager: Loaded Plugin Flurry, From E:/EPIC_GAMES/Epic Games/4.14/Engine/Plugins/Runtime/Analytics/Flurry/Flurry.uplugin
LogPluginManager: Loaded Plugin AndroidDeviceProfileSelector, From E:/EPIC_GAMES/Epic Games/4.14/Engine/Plugins/Runtime/AndroidDeviceProfileSelector/AndroidDeviceProfileSelector.uplugin
LogPluginManager: Loaded Plugin AndroidMoviePlayer, From E:/EPIC_GAMES/Epic Games/4.14/Engine/Plugins/Runtime/AndroidMoviePlayer/AndroidMoviePlayer.uplugin
LogPluginManager: Loaded Plugin AppleMoviePlayer, From E:/EPIC_GAMES/Epic Games/4.14/Engine/Plugins/Runtime/AppleMoviePlayer/AppleMoviePlayer.uplugin
LogPluginManager: Loaded Plugin ArchVisCharacter, From E:/EPIC_GAMES/Epic Games/4.14/Engine/Plugins/Runtime/ArchVisCharacter/ArchVisCharacter.uplugin
LogPluginManager: Loaded Plugin CableComponent, From E:/EPIC_GAMES/Epic Games/4.14/Engine/Plugins/Runtime/CableComponent/CableComponent.uplugin
LogPluginManager: Loaded Plugin CustomMeshComponent, From E:/EPIC_GAMES/Epic Games/4.14/Engine/Plugins/Runtime/CustomMeshComponent/CustomMeshComponent.uplugin
LogPluginManager: Loaded Plugin ExampleDeviceProfileSelector, From E:/EPIC_GAMES/Epic Games/4.14/Engine/Plugins/Runtime/ExampleDeviceProfileSelector/ExampleDeviceProfileSelector.uplugin
LogPluginManager: Loaded Plugin GearVR, From E:/EPIC_GAMES/Epic Games/4.14/Engine/Plugins/Runtime/GearVR/GearVR.uplugin
LogPluginManager: Loaded Plugin GoogleVRController, From E:/EPIC_GAMES/Epic Games/4.14/Engine/Plugins/Runtime/GoogleVR/GoogleVRController/GoogleVRController.uplugin
LogPluginManager: Loaded Plugin GoogleVRHMD, From E:/EPIC_GAMES/Epic Games/4.14/Engine/Plugins/Runtime/GoogleVR/GoogleVRHMD/GoogleVRHMD.uplugin
LogPluginManager: Loaded Plugin IOSDeviceProfileSelector, From E:/EPIC_GAMES/Epic Games/4.14/Engine/Plugins/Runtime/IOSDeviceProfileSelector/IOSDeviceProfileSelector.uplugin
LogPluginManager: Loaded Plugin LeapMotion, From E:/EPIC_GAMES/Epic Games/4.14/Engine/Plugins/Runtime/LeapMotion/LeapMotion.uplugin
LogPluginManager: Loaded Plugin LinuxDeviceProfileSelector, From E:/EPIC_GAMES/Epic Games/4.14/Engine/Plugins/Runtime/LinuxDeviceProfileSelector/LinuxDeviceProfileSelector.uplugin
LogPluginManager: Loaded Plugin MIDIDevice, From E:/EPIC_GAMES/Epic Games/4.14/Engine/Plugins/Runtime/MIDIDevice/MIDIDevice.uplugin
LogPluginManager: Loaded Plugin MobilePatchingUtils, From E:/EPIC_GAMES/Epic Games/4.14/Engine/Plugins/Runtime/MobilePatchingUtils/MobilePatchingUtils.uplugin
LogPluginManager: Loaded Plugin Ansel, From E:/EPIC_GAMES/Epic Games/4.14/Engine/Plugins/Runtime/Nvidia/Ansel/Ansel.uplugin
LogPluginManager: Loaded Plugin OculusAudio, From E:/EPIC_GAMES/Epic Games/4.14/Engine/Plugins/Runtime/OculusAudio/OculusAudio.uplugin
LogPluginManager: Loaded Plugin OculusInput, From E:/EPIC_GAMES/Epic Games/4.14/Engine/Plugins/Runtime/OculusInput/OculusInput.uplugin
LogPluginManager: Loaded Plugin OculusLibrary, From E:/EPIC_GAMES/Epic Games/4.14/Engine/Plugins/Runtime/OculusLibrary/OculusLibrary.uplugin
LogPluginManager: Loaded Plugin OculusRift, From E:/EPIC_GAMES/Epic Games/4.14/Engine/Plugins/Runtime/OculusRift/OculusRift.uplugin
LogPluginManager: Loaded Plugin Oodle, From E:/EPIC_GAMES/Epic Games/4.14/Engine/Plugins/Runtime/PacketHandlers/CompressionComponents/Oodle/Oodle.uplugin
LogPluginManager: Loaded Plugin ProceduralMeshComponent, From E:/EPIC_GAMES/Epic Games/4.14/Engine/Plugins/Runtime/ProceduralMeshComponent/ProceduralMeshComponent.uplugin
LogPluginManager: Loaded Plugin SoundMod, From E:/EPIC_GAMES/Epic Games/4.14/Engine/Plugins/Runtime/SoundMod/SoundMod.uplugin
LogPluginManager: Loaded Plugin SoundVisualizations, From E:/EPIC_GAMES/Epic Games/4.14/Engine/Plugins/Runtime/SoundVisualizations/SoundVisualizations.uplugin
LogPluginManager: Loaded Plugin SteamController, From E:/EPIC_GAMES/Epic Games/4.14/Engine/Plugins/Runtime/Steam/SteamController/SteamController.uplugin
LogPluginManager: Loaded Plugin SteamVR, From E:/EPIC_GAMES/Epic Games/4.14/Engine/Plugins/Runtime/Steam/SteamVR/SteamVR.uplugin
LogPluginManager: Loaded Plugin WebBrowserWidget, From E:/EPIC_GAMES/Epic Games/4.14/Engine/Plugins/Runtime/WebBrowserWidget/WebBrowserWidget.uplugin
LogPluginManager: Loaded Plugin WindowsDeviceProfileSelector, From E:/EPIC_GAMES/Epic Games/4.14/Engine/Plugins/Runtime/WindowsDeviceProfileSelector/WindowsDeviceProfileSelector.uplugin
LogPluginManager: Loaded Plugin WindowsMoviePlayer, From E:/EPIC_GAMES/Epic Games/4.14/Engine/Plugins/Runtime/WindowsMoviePlayer/WindowsMoviePlayer.uplugin
LogPluginManager: Loaded Plugin ScriptPlugin, From E:/EPIC_GAMES/Epic Games/4.14/Engine/Plugins/ScriptPlugin/ScriptPlugin.uplugin
LogPluginManager: Loaded Plugin SlateRemote, From E:/EPIC_GAMES/Epic Games/4.14/Engine/Plugins/Slate/SlateRemote/SlateRemote.uplugin
LogPluginManager: Loaded Plugin EditorTests, From E:/EPIC_GAMES/Epic Games/4.14/Engine/Plugins/Tests/EditorTests/EditorTests.uplugin
LogPluginManager: Loaded Plugin FbxAutomationTestBuilder, From E:/EPIC_GAMES/Epic Games/4.14/Engine/Plugins/Tests/FbxAutomationTestBuilder/FbxAutomationTestBuilder.uplugin
LogPluginManager: Loaded Plugin FunctionalTestingEditor, From E:/EPIC_GAMES/Epic Games/4.14/Engine/Plugins/Tests/FunctionalTestingEditor/FunctionalTestingEditor.uplugin
LogPluginManager: Loaded Plugin RuntimeTests, From E:/EPIC_GAMES/Epic Games/4.14/Engine/Plugins/Tests/RuntimeTests/RuntimeTests.uplugin
LogPluginManager: Loaded Plugin ScreenshotTools, From E:/EPIC_GAMES/Epic Games/4.14/Engine/Plugins/Tests/ScreenshotTools/ScreenshotTools.uplugin
LogInit: Using libcurl 7.47.1
LogInit:  - built for x86_64-pc-win32
LogInit:  - supports SSL with OpenSSL/1.0.2g
LogInit:  - supports HTTP deflate (compression) using libz 1.2.8
LogInit:  - other features:
LogInit:      CURL_VERSION_SSL
LogInit:      CURL_VERSION_LIBZ
LogInit:      CURL_VERSION_IPV6
LogInit:      CURL_VERSION_ASYNCHDNS
LogInit:      CURL_VERSION_LARGEFILE
LogInit:      CURL_VERSION_IDN
LogInit:  CurlRequestOptions (configurable via config and command line):
LogInit:  - bVerifyPeer = false  - Libcurl will NOT verify peer certificate
LogInit:  - bUseHttpProxy = false  - Libcurl will NOT use HTTP proxy
LogInit:  - bDontReuseConnections = false  - Libcurl will reuse connections
LogInit:  - CertBundlePath = nullptr  - Libcurl will use whatever was configured at build time.
LogInit: Build: ++UE4+Release-4.14-CL-3249277
LogInit: Engine Version: 4.14.3-3249277+++UE4+Release-4.14
LogInit: Compatible Engine Version: 4.14.0-3195953+++UE4+Release-4.14
LogInit: Net CL: 3195953
LogDevObjectVersion: Number of dev versions registered: 13
LogDevObjectVersion:   Dev-Blueprints (B0D832E4-1F89-4F0D-ACCF-7EB736FD4AA2): 7
LogDevObjectVersion:   Dev-Build (E1C64328-A22C-4D53-A36C-8E866417BD8C): 0
LogDevObjectVersion:   Dev-Core (375EC13C-06E4-48FB-B500-84F0262A717E): 1
LogDevObjectVersion:   Dev-Editor (E4B068ED-F494-42E9-A231-DA0B2E46BB41): 8
LogDevObjectVersion:   Dev-Framework (CFFC743F-43B0-4480-9391-14DF171D2073): 17
LogDevObjectVersion:   Dev-Mobile (B02B49B5-BB20-44E9-A304-32B752E40360): 0
LogDevObjectVersion:   Dev-Networking (A4E4105C-59A1-49B5-A7C5-40C4547EDFEE): 0
LogDevObjectVersion:   Dev-Online (39C831C9-5AE6-47DC-9A44-9C173E1C8E7C): 0
LogDevObjectVersion:   Dev-Physics (78F01B33-EBEA-4F98-B9B4-84EACCB95AA2): 0
LogDevObjectVersion:   Dev-Platform (6631380F-2D4D-43E0-8009-CF276956A95A): 0
LogDevObjectVersion:   Dev-Rendering (12F88B9F-8875-4AFC-A67C-D90C383ABD29): 12
LogDevObjectVersion:   Dev-Sequencer (7B5AE74C-D270-4C10-A958-57980B212A5A): 1
LogDevObjectVersion:   Dev-VR (D7296918-1DD6-4BDD-9DE2-64A83CC13884): 0
LogInit: Compiled (64-bit): Jan  6 2017 10:49:43
LogInit: Compiled with Visual C++: 19.00.23026.00
LogInit: Build Configuration: Development
LogInit: Branch Name: ++UE4+Release-4.14
LogInit: Command line:  
LogInit: Base directory: E:/EPIC_GAMES/Epic Games/4.14/Engine/Binaries/Win64/
LogInit: Installed Engine Build: 1
LogInit: Presizing for max 8388607 objects, including 0 objects not considered by GC, pre-allocating 0 bytes for permanent pool.
LogInit: Object subsystem initialized
[2017.01.29-13.08.35:685][  0]LogInit: Selected Device Profile: [Windows]
[2017.01.29-13.08.35:685][  0]LogInit: Applying CVar settings loaded from the selected device profile: [Windows]
[2017.01.29-13.08.35:707][  0]LogInit: Computer: DESKTOP-9NTOOK5
[2017.01.29-13.08.35:707][  0]LogInit: User: user
[2017.01.29-13.08.35:707][  0]LogInit: CPU Page size=65536, Cores=4
[2017.01.29-13.08.35:707][  0]LogInit: High frequency timer resolution =3.312645 MHz
[2017.01.29-13.08.35:707][  0]LogMemory: Memory total: Physical=15.9GB (16GB approx)
[2017.01.29-13.08.35:707][  0]LogMemory: Platform Memory Stats for Windows
[2017.01.29-13.08.35:707][  0]LogMemory: Process Physical Memory: 267.91 MB used, 267.91 MB peak
[2017.01.29-13.08.35:707][  0]LogMemory: Process Virtual Memory: 262.77 MB used, 262.77 MB peak
[2017.01.29-13.08.35:707][  0]LogMemory: Physical Memory: 6550.66 MB used,  9723.34 MB free, 16274.00 MB total
[2017.01.29-13.08.35:707][  0]LogMemory: Virtual Memory: 676.41 MB used,  9723.34 MB free, 134217728.00 MB total
[2017.01.29-13.08.35:731][  0]LogTextLocalizationManager: No specific translations for ('en-US') exist, so ('en') translations will be used.
[2017.01.29-13.08.36:308][  0]LogD3D11RHI: D3D11 adapters:
[2017.01.29-13.08.36:321][  0]LogD3D11RHI:    0. 'AMD Radeon HD 7800 Series' (Feature Level 11_0)
[2017.01.29-13.08.36:321][  0]LogD3D11RHI:       2029/0/8137 MB DedicatedVideo/DedicatedSystem/SharedSystem, Outputs:2, VendorId:0x1002
[2017.01.29-13.08.36:326][  0]LogD3D11RHI:    1. 'Intel(R) HD Graphics 4600' (Feature Level 11_0)
[2017.01.29-13.08.36:326][  0]LogD3D11RHI:       112/0/2048 MB DedicatedVideo/DedicatedSystem/SharedSystem, Outputs:0, VendorId:0x8086
[2017.01.29-13.08.36:327][  0]LogD3D11RHI:    2. 'Microsoft Basic Render Driver' (Feature Level 11_0)
[2017.01.29-13.08.36:327][  0]LogD3D11RHI:       0/0/8137 MB DedicatedVideo/DedicatedSystem/SharedSystem, Outputs:0, VendorId:0x1414
[2017.01.29-13.08.36:328][  0]LogD3D11RHI: Chosen D3D11 Adapter: 0
[2017.01.29-13.08.36:332][  0]LogD3D11RHI: Creating new Direct3DDevice
[2017.01.29-13.08.36:332][  0]LogD3D11RHI:     GPU DeviceId: 0x6818 (for the marketing name, search the web for "GPU Device Id")
[2017.01.29-13.08.36:332][  0]LogWindows: EnumDisplayDevices:
[2017.01.29-13.08.36:332][  0]LogWindows:    0. 'AMD Radeon HD 7800 Series' (P:1 D:1)
[2017.01.29-13.08.36:332][  0]LogWindows:    1. 'AMD Radeon HD 7800 Series' (P:0 D:1)
[2017.01.29-13.08.36:332][  0]LogWindows:    2. 'AMD Radeon HD 7800 Series' (P:0 D:0)
[2017.01.29-13.08.36:332][  0]LogWindows:    3. 'AMD Radeon HD 7800 Series' (P:0 D:0)
[2017.01.29-13.08.36:333][  0]LogWindows:    4. 'AMD Radeon HD 7800 Series' (P:0 D:0)
[2017.01.29-13.08.36:333][  0]LogWindows:    5. 'AMD Radeon HD 7800 Series' (P:0 D:0)
[2017.01.29-13.08.36:333][  0]LogWindows:    6. 'Intel(R) HD Graphics 4600' (P:0 D:0)
[2017.01.29-13.08.36:333][  0]LogWindows:    7. 'Intel(R) HD Graphics 4600' (P:0 D:0)
[2017.01.29-13.08.36:333][  0]LogWindows:    8. 'Intel(R) HD Graphics 4600' (P:0 D:0)
[2017.01.29-13.08.36:334][  0]LogWindows: DebugString: PrimaryIsNotTheChoosenAdapter PrimaryIsNotTheChoosenAdapter PrimaryIsNotTheChoosenAdapter FoundDriverCount:6 
[2017.01.29-13.08.36:334][  0]LogD3D11RHI:     Adapter Name: AMD Radeon HD 7800 Series
[2017.01.29-13.08.36:334][  0]LogD3D11RHI:   Driver Version: Crimson 16.6 (internal:21.19.137.514, unified:21.19.137.514)
[2017.01.29-13.08.36:334][  0]LogD3D11RHI:      Driver Date: 11-21-2016
[2017.01.29-13.08.36:334][  0]LogRHI: Texture pool is 1361 MB (70% of 1945 MB)
[2017.01.29-13.08.36:340][  0]LogD3D11RHI: Async texture creation enabled
[2017.01.29-13.08.36:353][  0]LogD3D11RHI: GPU Timing Frequency: 27.000000 (Debug: 2 1)
[2017.01.29-13.08.36:354][  0]LogShaderCompilers: Guid format shader working directory is 19 characters bigger than the processId version (I:/UNREAL/LeagueOfLegends/Intermediate/Shaders/WorkingDirectory/10308/).
[2017.01.29-13.08.36:354][  0]LogShaderCompilers: Cleaned the shader compiler working directory 'C:/Users/user/AppData/Local/Temp/UnrealShaderWorkingDir/573472A34CC06D964AB34481AC26F577/'.
[2017.01.29-13.08.36:354][  0]LogShaderCompilers:Display: Using Local Shader Compiler.
[2017.01.29-13.08.37:307][  0]LogTemp:Display: Loaded TP AllDesktopTargetPlatform
[2017.01.29-13.08.37:349][  0]LogTemp:Display: Loaded TP MacClientTargetPlatform
[2017.01.29-13.08.37:388][  0]LogTemp:Display: Loaded TP MacNoEditorTargetPlatform
[2017.01.29-13.08.37:426][  0]LogTemp:Display: Loaded TP MacServerTargetPlatform
[2017.01.29-13.08.37:464][  0]LogTemp:Display: Loaded TP MacTargetPlatform
[2017.01.29-13.08.37:506][  0]LogTemp:Display: Loaded TP WindowsClientTargetPlatform
[2017.01.29-13.08.37:548][  0]LogTemp:Display: Loaded TP WindowsNoEditorTargetPlatform
[2017.01.29-13.08.37:586][  0]LogTemp:Display: Loaded TP WindowsServerTargetPlatform
[2017.01.29-13.08.37:620][  0]LogTemp:Display: Loaded TP WindowsTargetPlatform
[2017.01.29-13.08.37:662][  0]LogTemp:Display: Loaded TP AndroidTargetPlatform
[2017.01.29-13.08.37:701][  0]LogTemp:Display: Loaded TP Android_ASTCTargetPlatform
[2017.01.29-13.08.37:739][  0]LogTemp:Display: Loaded TP Android_ATCTargetPlatform
[2017.01.29-13.08.37:775][  0]LogTemp:Display: Loaded TP Android_DXTTargetPlatform
[2017.01.29-13.08.37:812][  0]LogTemp:Display: Loaded TP Android_ETC1TargetPlatform
[2017.01.29-13.08.37:853][  0]LogTemp:Display: Loaded TP Android_ETC2TargetPlatform
[2017.01.29-13.08.37:932][  0]LogTemp:Display: Loaded TP Android_MultiTargetPlatform
[2017.01.29-13.08.37:932][  0]LogTemp:Display: Loaded TP Android_PVRTCTargetPlatform
[2017.01.29-13.08.37:956][  0]LogTemp:Display: Loaded TP HTML5TargetPlatform
[2017.01.29-13.08.38:018][  0]LogTemp:Display: Loaded TP IOSTargetPlatform
[2017.01.29-13.08.38:043][  0]LogTemp:Display: Loaded TP TVOSTargetPlatform
[2017.01.29-13.08.38:079][  0]LogTemp:Display: Loaded TP LinuxClientTargetPlatform
[2017.01.29-13.08.38:118][  0]LogTemp:Display: Loaded TP LinuxNoEditorTargetPlatform
[2017.01.29-13.08.38:158][  0]LogTemp:Display: Loaded TP LinuxServerTargetPlatform
[2017.01.29-13.08.38:197][  0]LogTemp:Display: Loaded TP LinuxTargetPlatform
[2017.01.29-13.08.38:197][  0]LogTargetPlatformManager:Display: Building Assets For Windows
[2017.01.29-13.08.38:447][  0]LogDerivedDataCache:Display: Max Cache Size: 512 MB
[2017.01.29-13.08.38:496][  0]LogDerivedDataCache: Loaded boot cache 0.05s 50MB C:/Users/user/AppData/Local/UnrealEngine/4.14/DerivedDataCache/Boot.ddc.
[2017.01.29-13.08.38:496][  0]LogDerivedDataCache:Display: Loaded Boot cache: C:/Users/user/AppData/Local/UnrealEngine/4.14/DerivedDataCache/Boot.ddc
[2017.01.29-13.08.38:496][  0]LogDerivedDataCache: FDerivedDataBackendGraph:  Pak pak cache file I:/UNREAL/LeagueOfLegends/DerivedDataCache/DDC.ddp not found, will not use a pak cache.
[2017.01.29-13.08.38:496][  0]LogDerivedDataCache: Unable to find inner node Pak for hierarchical cache Hierarchy.
[2017.01.29-13.08.38:497][  0]LogDerivedDataCache: FDerivedDataBackendGraph:  CompressedPak pak cache file I:/UNREAL/LeagueOfLegends/DerivedDataCache/Compressed.ddp not found, will not use a pak cache.
[2017.01.29-13.08.38:497][  0]LogDerivedDataCache: Unable to find inner node CompressedPak for hierarchical cache Hierarchy.
[2017.01.29-13.08.38:512][  0]LogDerivedDataCache:Display: Pak cache opened for reading ../../../Engine/DerivedDataCache/Compressed.ddp.
[2017.01.29-13.08.38:524][  0]LogDerivedDataCache: Using Local data cache path C:/Users/user/AppData/Local/UnrealEngine/Common/DerivedDataCache: Writable
[2017.01.29-13.08.38:707][  0]LogInit: Selected Device Profile: [Windows]
[2017.01.29-13.08.38:709][  0]LogContentStreaming: Texture pool size is 0.00 MB
[2017.01.29-13.08.38:862][  0]LogMeshUtilities: Using QuadricMeshReduction for automatic static mesh reduction
[2017.01.29-13.08.38:893][  0]LogSimplygon: Simplygon DLL not present - disabling.
[2017.01.29-13.08.38:922][  0]LogMeshUtilities: Using SimplygonSwarm for distributed automatic mesh merging
[2017.01.29-13.08.38:922][  0]LogMeshUtilities: No automatic skeletal mesh reduction module available
[2017.01.29-13.08.38:922][  0]LogMeshUtilities: No automatic mesh merging module available
[2017.01.29-13.08.39:393][  0]LogNetVersion: GetLocalNetworkVersion: CL: 3195953, ProjectName: leagueoflegends, ProjectVersion: , EngineNetworkVersion: 2, GameNetworkVersion: 0, NetworkChecksum: 1931824142
[2017.01.29-13.08.39:437][  0]LogAssetRegistry: FAssetRegistry took 0.0220 seconds to start up
[2017.01.29-13.08.39:488][  0]LogPackageLocalizationCache: Processed 3 localized package path(s) for 2 prioritized culture(s) in 0.035592 seconds
[2017.01.29-13.08.39:496][  0]LogUObjectArray: 31946 objects as part of root set at end of initial load.
[2017.01.29-13.08.39:496][  0]LogUObjectAllocator: 6935848 out of 0 bytes used by permanent object pool.
[2017.01.29-13.08.39:496][  0]LogUObjectArray: CloseDisregardForGC: 0/0 objects in disregard for GC pool
[2017.01.29-13.08.39:536][  0]LogInit: WinSock: version 1.1 (2.2), MaxSocks=32767, MaxUdp=65467
[2017.01.29-13.08.40:051][  0]LogSlate: Using Freetype 2.6.0
[2017.01.29-13.08.40:052][  0]LogSlate: SlateFontCache - WITH_FREETYPE: 1, WITH_HARFBUZZ: 1
[2017.01.29-13.08.40:052][  0]LogSlate: SlateFontCache - WITH_FREETYPE: 1, WITH_HARFBUZZ: 1
[2017.01.29-13.08.40:704][  0]LogTcpMessaging: Initializing TcpMessaging bridge
[2017.01.29-13.08.40:734][  0]LogUdpMessaging: Initializing bridge on interface 0.0.0.0:0 to multicast group 230.0.0.1:6666.
[2017.01.29-13.08.41:241][  0]LogMaterial: Uniform references updated for custom material expression Custom.
[2017.01.29-13.08.41:525][  0]SourceControl: Info Source control is disabled
[2017.01.29-13.08.42:774][  0]LogEngine: Initializing Engine...
[2017.01.29-13.08.42:775][  0]LogHMD: Failed to initialize OpenVR with code 110
[2017.01.29-13.08.42:960][  0]LogAIModule: Creating AISystem for world Untitled
[2017.01.29-13.08.42:979][  0]LogInit: XAudio2 using 'Speakers (Realtek High Definition Audio)' : 2 channels at 48 kHz using 32 bits per sample (channel mask 0x3)
[2017.01.29-13.08.42:992][  0]LogInit: FAudioDevice initialized.
[2017.01.29-13.08.43:021][  0]LogDerivedDataCache: Saved boot cache 0.03s 50MB C:/Users/user/AppData/Local/UnrealEngine/4.14/DerivedDataCache/Boot.ddc.
[2017.01.29-13.08.43:030][  0]LogInit: Texture streaming: Enabled
[2017.01.29-13.08.43:151][  0]LogInit: Transaction tracking system initialized
[2017.01.29-13.08.43:365][  0]BlueprintLog: New page: Editor Load
[2017.01.29-13.08.44:160][  0]LocalizationService: Info Localization service is disabled
[2017.01.29-13.08.44:579][  0]LogConsoleResponse:Display: 
[2017.01.29-13.08.44:693][  0]LogCook:Display: Max memory allowance for cook 16384mb min free memory 0mb
[2017.01.29-13.08.44:693][  0]LogCook:Display: Mobile HDR setting 1
[2017.01.29-13.08.45:274][  0]LogFileCache: Scanning file cache for directory 'I:/UNREAL/LeagueOfLegends/Content/' took 0.01s
[2017.01.29-13.08.45:417][  0]Cmd: MAP LOAD FILE="I:/UNREAL/LeagueOfLegends/Content/ForTesting/TestLevelEQS.umap" TEMPLATE=0 SHOWPROGRESS=1 FEATURELEVEL=3
[2017.01.29-13.08.45:418][  0]LightingResults: New page: Lighting Build
[2017.01.29-13.08.45:443][  0]MapCheck: New page: Map Check
[2017.01.29-13.08.45:444][  0]LightingResults: New page: Lighting Build
[2017.01.29-13.08.47:133][  0]LogLinker:Warning: Can't find file '/Game/StarterContent/HDRI/HDRI_Epic_Courtyard_Daylight'
[2017.01.29-13.08.47:133][  0]LogLinker:Warning: Can't find file for asset '/Game/StarterContent/HDRI/HDRI_Epic_Courtyard_Daylight' while loading I:/UNREAL/LeagueOfLegends/Content/ForTesting/TestLevelEQS.umap.
[2017.01.29-13.08.47:133][  0]LoadErrors:Error: Error /Game/ForTesting/TestLevelEQS : Can't find file for asset. /Game/StarterContent/HDRI/HDRI_Epic_Courtyard_Daylight
[2017.01.29-13.08.47:138][  0]LogLinker:Warning: Can't find file '/Game/StarterContent/HDRI/HDRI_Epic_Courtyard_Daylight'
[2017.01.29-13.08.47:138][  0]LogLinker:Warning: Can't find file for asset '/Game/StarterContent/HDRI/HDRI_Epic_Courtyard_Daylight' while loading I:/UNREAL/LeagueOfLegends/Content/ForTesting/TestLevelEQS.umap.
[2017.01.29-13.08.47:138][  0]LoadErrors:Error: Error /Game/ForTesting/TestLevelEQS : Can't find file for asset. /Game/StarterContent/HDRI/HDRI_Epic_Courtyard_Daylight
[2017.01.29-13.08.47:139][  0]LogLinker:Warning: Can't find file '/Game/StarterContent/HDRI/HDRI_Epic_Courtyard_Daylight'
[2017.01.29-13.08.47:139][  0]LogLinker:Warning: Can't find file for asset '/Game/StarterContent/HDRI/HDRI_Epic_Courtyard_Daylight' while loading NULL.
[2017.01.29-13.08.47:139][  0]LogLinker:Warning: Can't find file '/Game/StarterContent/HDRI/HDRI_Epic_Courtyard_Daylight'
[2017.01.29-13.08.47:139][  0]LogLinker:Warning: Can't find file for asset '/Game/StarterContent/HDRI/HDRI_Epic_Courtyard_Daylight' while loading NULL.
[2017.01.29-13.08.47:187][  0]LogLinker:Warning: Can't find file '/Game/StarterContent/HDRI/HDRI_Epic_Courtyard_Daylight'
[2017.01.29-13.08.47:187][  0]LoadErrors: Info Failed to load /Game/StarterContent/HDRI/HDRI_Epic_Courtyard_Daylight.HDRI_Epic_Courtyard_Daylight Referenced by SkyLightComponent0
[2017.01.29-13.08.47:187][  0]LogLinker:Warning: Can't find file for asset '/Game/StarterContent/HDRI/HDRI_Epic_Courtyard_Daylight' while loading NULL.
[2017.01.29-13.08.47:187][  0]LoadErrors: Info Failed to load /Game/StarterContent/HDRI/HDRI_Epic_Courtyard_Daylight.HDRI_Epic_Courtyard_Daylight Referenced by SkyLightComponent0
[2017.01.29-13.08.47:928][  0]LogAIModule: Creating AISystem for world TestLevelEQS
[2017.01.29-13.08.47:943][  0]LogScriptCore:Warning: Script Msg: Attempted to set an invalid index on array Tags [0/0]!
[2017.01.29-13.08.47:943][  0]LogScriptCore:Warning: Script Msg: Attempted to set an invalid index on array Tags [1/0]!
[2017.01.29-13.08.47:943][  0]LogScriptCore:Warning: Script Msg: Attempted to set an invalid index on array Tags [0/0]!
[2017.01.29-13.08.47:943][  0]LogScriptCore:Warning: Script Msg: Attempted to set an invalid index on array Tags [1/0]!
[2017.01.29-13.08.47:947][  0]LogScriptCore:Warning: Script Msg: Attempted to set an invalid index on array Tags [0/0]!
[2017.01.29-13.08.47:947][  0]LogScriptCore:Warning: Script Msg: Attempted to set an invalid index on array Tags [1/0]!
[2017.01.29-13.08.47:948][  0]LogScriptCore:Warning: Script Msg: Attempted to set an invalid index on array Tags [0/0]!
[2017.01.29-13.08.47:948][  0]LogScriptCore:Warning: Script Msg: Attempted to set an invalid index on array Tags [1/0]!
[2017.01.29-13.08.47:948][  0]LogEditorServer: Finished looking for orphan Actors (0.000 secs)
[2017.01.29-13.08.47:949][  0]Cmd: MAP CHECKDEP NOCLEARLOG
[2017.01.29-13.08.47:998][  0]MapCheck: Info Map check complete: 0 Error(s), 0 Warning(s), took 48.762ms to complete.
[2017.01.29-13.08.47:998][  0]LogFileHelpers: Loading map 'TestLevelEQS' took 2.581
[2017.01.29-13.08.48:153][  0]LogCollectionManager: Loaded 0 collections in 0.000945 seconds
[2017.01.29-13.08.48:514][  0]LogFileCache: Scanning file cache for directory 'I:/UNREAL/LeagueOfLegends/Saved/Collections/' took 0.01s
[2017.01.29-13.08.48:514][  0]LogFileCache: Scanning file cache for directory 'I:/UNREAL/LeagueOfLegends/Content/Developers/user/Collections/' took 0.01s
[2017.01.29-13.08.48:514][  0]LogFileCache: Scanning file cache for directory 'I:/UNREAL/LeagueOfLegends/Content/Collections/' took 0.01s
[2017.01.29-13.08.48:514][  0]LogCollectionManager: Rebuilt the GUID cache for 0 collections in 0.000001 seconds
[2017.01.29-13.08.48:524][  0]LogContentBrowser: Native class hierarchy populated in 0.0093 seconds. Added 2201 classes and 432 folders.
[2017.01.29-13.08.48:550][  0]LogStats: UGameplayTagsManager::ConstructGameplayTagTree: Construct from data asset -  0.000 s
[2017.01.29-13.08.48:550][  0]LogStats: UGameplayTagsManager::ConstructGameplayTagTree: GameplayTagTreeChangedEvent.Broadcast -  0.000 s
[2017.01.29-13.08.48:552][  0]LogContentBrowser: Native class hierarchy updated for 'GameplayTags' in 0.0011 seconds. Added 13 classes and 0 folders.
[2017.01.29-13.08.48:589][  0]LogContentBrowser: Native class hierarchy updated for 'WidgetCarousel' in 0.0010 seconds. Added 0 classes and 0 folders.
[2017.01.29-13.08.48:619][  0]LogContentBrowser: Native class hierarchy updated for 'AddContentDialog' in 0.0011 seconds. Added 0 classes and 0 folders.
[2017.01.29-13.08.48:648][  0]LogContentBrowser: Native class hierarchy updated for 'SceneOutliner' in 0.0010 seconds. Added 1 classes and 2 folders.
[2017.01.29-13.08.48:741][  0]LogCrashTracker: Crashtracker disabled due to settings.
[2017.01.29-13.08.48:788][  0]LogUObjectGlobals:Warning: Failed to find object 'Class None.'
[2017.01.29-13.08.48:839][  0]LogContentBrowser: Native class hierarchy updated for 'HierarchicalLODOutliner' in 0.0012 seconds. Added 1 classes and 2 folders.
[2017.01.29-13.08.48:839][  0]LogLoad: (Engine Initialization) Total time: 14.52 seconds
[2017.01.29-13.08.48:839][  0]LogLoad: (Engine Initialization) Total Blueprint compile time: 1.00 seconds
[2017.01.29-13.08.48:839][  0]LogExternalProfiler: Found external profiler: VSPerf
[2017.01.29-13.08.48:839][  0]LogExternalProfiler: Using external profiler: VSPerf
[2017.01.29-13.08.49:174][  0]LogWindowsTextInputMethodSystem:Display: IME system now deactivated.
[2017.01.29-13.08.49:180][  0]LogOcInput: OculusInput pre-init called
[2017.01.29-13.08.49:223][  0]SourceControl: Info On branch master
[2017.01.29-13.08.49:223][  0]SourceControl: Info Your branch is based on 'Legend/master', but the upstream is gone.
[2017.01.29-13.08.49:223][  0]SourceControl: Info   (use "git branch --unset-upstream" to fixup)
[2017.01.29-13.08.49:223][  0]SourceControl: Info Changes not staged for commit:
[2017.01.29-13.08.49:223][  0]SourceControl: Info   (use "git add/rm <file>..." to update what will be committed)
[2017.01.29-13.08.49:223][  0]SourceControl: Info   (use "git checkout -- <file>..." to discard changes in working directory)
[2017.01.29-13.08.49:223][  0]SourceControl: Info 	modified:   Saved/AutoScreenshot.png
[2017.01.29-13.08.49:223][  0]SourceControl: Info 	modified:   Saved/Config/Windows/Editor.ini
[2017.01.29-13.08.49:223][  0]SourceControl: Info 	modified:   Saved/Config/Windows/EditorPerProjectUserSettings.ini
[2017.01.29-13.08.49:223][  0]SourceControl: Info 	modified:   Saved/Config/Windows/Engine.ini
[2017.01.29-13.08.49:223][  0]SourceControl: Info 	deleted:    Saved/Logs/LeagueOfLegends-backup-2017.01.28-16.12.28.log
[2017.01.29-13.08.49:223][  0]SourceControl: Info 	modified:   Saved/Logs/LeagueOfLegends.log
[2017.01.29-13.08.49:223][  0]SourceControl: Info Untracked files:
[2017.01.29-13.08.49:223][  0]SourceControl: Info   (use "git add <file>..." to include in what will be committed)
[2017.01.29-13.08.49:223][  0]SourceControl: Info 	.vs/
[2017.01.29-13.08.49:223][  0]SourceControl: Info 	Binaries/
[2017.01.29-13.08.49:223][  0]SourceControl: Info 	Intermediate/
[2017.01.29-13.08.49:223][  0]SourceControl: Info 	Saved/Logs/LeagueOfLegends-backup-2017.01.29-15.08.35.log
[2017.01.29-13.08.49:223][  0]SourceControl: Info 	Saved/Logs/UE4CC-Windows-83F085194049293A7AE0E59523AA8591/
[2017.01.29-13.08.49:223][  0]SourceControl: Info no changes added to commit (use "git add" and/or "git commit -a")
[2017.01.29-13.08.49:223][  0]LogContentStreaming: Texture pool size now 1000 MB
[2017.01.29-13.08.49:377][  0]LogRenderer: Reallocating scene render targets to support 1124x448 NumSamples 1 (Frame:2).
[2017.01.29-13.09.13:534][ 73]LogCollectionManager: Rebuilt the object cache for 0 collections in 0.000001 seconds (found 0 objects)
[2017.01.29-13.09.20:182][ 93]LogAssetRegistry: Asset discovery search completed in 40.7667 seconds
[2017.01.29-13.09.20:182][ 93]LogCollectionManager: Fixed up redirectors for 0 collections in 0.000001 seconds (updated 0 objects)
[2017.01.29-13.10.04:032][469]LogTemp: Repeting last play command: New Editor Window (PIE)
[2017.01.29-13.10.04:118][469]LogBlueprintUserMessages: Early PlayInEditor Detection: Level '/Game/ForTesting/TestLevelEQS.TestLevelEQS:PersistentLevel' has LevelScriptBlueprint '/Game/ForTesting/TestLevelEQS.TestLevelEQS:PersistentLevel.TestLevelEQS' with GeneratedClass '/Game/ForTesting/TestLevelEQS.TestLevelEQS_C' with ClassGeneratedBy '/Game/ForTesting/TestLevelEQS.TestLevelEQS:PersistentLevel.TestLevelEQS'
[2017.01.29-13.10.04:152][469]LogPlayLevel: PlayLevel: No blueprints needed recompiling
[2017.01.29-13.10.04:231][469]PIE: New page: PIE session: TestLevelEQS (Jan 29, 2017, 5:10:04 PM)
[2017.01.29-13.10.04:248][469]LogPlayLevel: Creating play world package: /Game/ForTesting/UEDPIE_0_TestLevelEQS
[2017.01.29-13.10.04:310][469]LogPlayLevel: PIE: StaticDuplicateObject took: (0.061871s)
[2017.01.29-13.10.04:311][469]LogAIModule: Creating AISystem for world TestLevelEQS
[2017.01.29-13.10.04:324][469]LogPlayLevel: PIE: World Init took: (0.013818s)
[2017.01.29-13.10.04:325][469]LogPlayLevel: PIE: Created PIE world by copying editor world from /Game/ForTesting/TestLevelEQS.TestLevelEQS to /Game/ForTesting/UEDPIE_0_TestLevelEQS.TestLevelEQS (0.076691s)
[2017.01.29-13.10.04:410][469]LogInit: XAudio2 using 'Speakers (Realtek High Definition Audio)' : 2 channels at 48 kHz using 32 bits per sample (channel mask 0x3)
[2017.01.29-13.10.04:420][469]LogInit: FAudioDevice initialized.
[2017.01.29-13.10.04:594][469]LogLoad: Game class is 'GameModeBase'
[2017.01.29-13.10.04:755][469]LogWorld: Bringing World /Game/ForTesting/UEDPIE_0_TestLevelEQS.TestLevelEQS up for play (max tick rate 0) at 2017.01.29-15.10.04
[2017.01.29-13.10.04:929][469]LogWorld: Bringing up level for play took: 0.187230
[2017.01.29-13.10.05:069][469]LogContentBrowser: Native class hierarchy updated for 'MovieSceneCapture' in 0.0013 seconds. Added 11 classes and 0 folders.
[2017.01.29-13.10.05:213][469]PIE: Info Play in editor start time for /Game/ForTesting/UEDPIE_0_TestLevelEQS 0.748
[2017.01.29-13.10.05:227][469]LogBlueprintUserMessages: Late PlayInEditor Detection: Level '/Game/ForTesting/TestLevelEQS.TestLevelEQS:PersistentLevel' has LevelScriptBlueprint '/Game/ForTesting/TestLevelEQS.TestLevelEQS:PersistentLevel.TestLevelEQS' with GeneratedClass '/Game/ForTesting/TestLevelEQS.TestLevelEQS_C' with ClassGeneratedBy '/Game/ForTesting/TestLevelEQS.TestLevelEQS:PersistentLevel.TestLevelEQS'
[2017.01.29-13.10.05:437][469]LogRenderer: Reallocating scene render targets to support 1612x936 NumSamples 1 (Frame:229).
[2017.01.29-13.10.23:688][102]LogCharacter: BaseCharacterEQS_232 is trying to crouch, but crouching is disabled on this character! (check CharacterMovement NavAgentSettings)
[2017.01.29-13.10.23:731][106]LogCharacter: OfficerCharacter_260 is trying to crouch, but crouching is disabled on this character! (check CharacterMovement NavAgentSettings)
[2017.01.29-13.10.24:182][146]LogCharacter: OfficerCharacter_260 is trying to crouch, but crouching is disabled on this character! (check CharacterMovement NavAgentSettings)
[2017.01.29-13.10.24:776][190]LogParticles:Warning: GameplayStatics::SpawnEmitterAtLocation spawned potentially immortal particle system! /Game/ForTesting/UEDPIE_0_TestLevelEQS.TestLevelEQS:PersistentLevel.WorldSettings.ParticleSystemComponent_0 (/Game/Clans/waepons/Ammo/blaster/BlasterHitPE.BlasterHitPE) may stay in world despite never spawning particles after burst spawning is over.
[2017.01.29-13.10.24:920][197]LogParticles:Warning: GameplayStatics::SpawnEmitterAtLocation spawned potentially immortal particle system! /Game/ForTesting/UEDPIE_0_TestLevelEQS.TestLevelEQS:PersistentLevel.WorldSettings.ParticleSystemComponent_1 (/Game/Clans/waepons/Ammo/blaster/BlasterHitPE.BlasterHitPE) may stay in world despite never spawning particles after burst spawning is over.
[2017.01.29-13.10.25:814][274]LogCharacter: OfficerCharacter_260 is trying to crouch, but crouching is disabled on this character! (check CharacterMovement NavAgentSettings)
[2017.01.29-13.10.26:127][302]LogCharacter: BaseCharacterEQS_232 is trying to crouch, but crouching is disabled on this character! (check CharacterMovement NavAgentSettings)
[2017.01.29-13.10.26:212][308]LogBlueprintUserMessages: [Default__NEW_TargetLastInfo_C] ---> X=-99.487 Y=-752.697 Z=115.150
[2017.01.29-13.10.26:901][370]LogCharacter: BaseCharacterEQS_232 is trying to crouch, but crouching is disabled on this character! (check CharacterMovement NavAgentSettings)
[2017.01.29-13.10.28:823][538]LogBlueprintUserMessages: [Default__NEW_TargetLastInfo_C] ---> X=170.035 Y=-818.914 Z=115.150
[2017.01.29-13.10.29:669][614]LogCharacter: BaseCharacterEQS_232 is trying to crouch, but crouching is disabled on this character! (check CharacterMovement NavAgentSettings)
[2017.01.29-13.10.30:958][728]LogBlueprintUserMessages: [Default__NEW_TargetLastInfo_C] ---> X=585.803 Y=-844.732 Z=115.150
[2017.01.29-13.10.31:691][794]LogCharacter: BaseCharacterEQS_232 is trying to crouch, but crouching is disabled on this character! (check CharacterMovement NavAgentSettings)
[2017.01.29-13.10.32:759][888]LogBlueprintUserMessages: [Default__NEW_TargetLastInfo_C] ---> X=1014.770 Y=-871.370 Z=115.150
[2017.01.29-13.10.34:068][  1]LogCharacter: BaseCharacterEQS_232 is trying to crouch, but crouching is disabled on this character! (check CharacterMovement NavAgentSettings)
[2017.01.29-13.10.35:873][148]LogParticles:Warning: GameplayStatics::SpawnEmitterAtLocation spawned potentially immortal particle system! /Game/ForTesting/UEDPIE_0_TestLevelEQS.TestLevelEQS:PersistentLevel.WorldSettings.ParticleSystemComponent_2 (/Game/Clans/waepons/Ammo/blaster/BlasterHitPE.BlasterHitPE) may stay in world despite never spawning particles after burst spawning is over.
[2017.01.29-13.10.36:103][166]LogParticles:Warning: GameplayStatics::SpawnEmitterAtLocation spawned potentially immortal particle system! /Game/ForTesting/UEDPIE_0_TestLevelEQS.TestLevelEQS:PersistentLevel.WorldSettings.ParticleSystemComponent_3 (/Game/Clans/waepons/Ammo/blaster/BlasterHitPE.BlasterHitPE) may stay in world despite never spawning particles after burst spawning is over.
[2017.01.29-13.10.36:104][166]LogCharacter: BaseCharacterEQS_232 is trying to crouch, but crouching is disabled on this character! (check CharacterMovement NavAgentSettings)
[2017.01.29-13.10.36:116][167]LogParticles:Warning: GameplayStatics::SpawnEmitterAtLocation spawned potentially immortal particle system! /Game/ForTesting/UEDPIE_0_TestLevelEQS.TestLevelEQS:PersistentLevel.WorldSettings.ParticleSystemComponent_4 (/Game/Clans/waepons/Ammo/blaster/BlasterHitPE.BlasterHitPE) may stay in world despite never spawning particles after burst spawning is over.
[2017.01.29-13.10.36:321][183]LogParticles:Warning: GameplayStatics::SpawnEmitterAtLocation spawned potentially immortal particle system! /Game/ForTesting/UEDPIE_0_TestLevelEQS.TestLevelEQS:PersistentLevel.WorldSettings.ParticleSystemComponent_5 (/Game/Clans/waepons/Ammo/blaster/BlasterHitPE.BlasterHitPE) may stay in world despite never spawning particles after burst spawning is over.
[2017.01.29-13.10.36:333][184]LogParticles:Warning: GameplayStatics::SpawnEmitterAtLocation spawned potentially immortal particle system! /Game/ForTesting/UEDPIE_0_TestLevelEQS.TestLevelEQS:PersistentLevel.WorldSettings.ParticleSystemComponent_6 (/Game/Clans/waepons/Ammo/blaster/BlasterHitPE.BlasterHitPE) may stay in world despite never spawning particles after burst spawning is over.
[2017.01.29-13.10.36:567][202]LogParticles:Warning: GameplayStatics::SpawnEmitterAtLocation spawned potentially immortal particle system! /Game/ForTesting/UEDPIE_0_TestLevelEQS.TestLevelEQS:PersistentLevel.WorldSettings.ParticleSystemComponent_7 (/Game/Clans/waepons/Ammo/blaster/BlasterHitPE.BlasterHitPE) may stay in world despite never spawning particles after burst spawning is over.
[2017.01.29-13.10.36:605][205]LogParticles:Warning: GameplayStatics::SpawnEmitterAtLocation spawned potentially immortal particle system! /Game/ForTesting/UEDPIE_0_TestLevelEQS.TestLevelEQS:PersistentLevel.WorldSettings.ParticleSystemComponent_8 (/Game/Clans/waepons/Ammo/blaster/BlasterHitPE.BlasterHitPE) may stay in world despite never spawning particles after burst spawning is over.
[2017.01.29-13.10.36:787][219]LogParticles:Warning: GameplayStatics::SpawnEmitterAtLocation spawned potentially immortal particle system! /Game/ForTesting/UEDPIE_0_TestLevelEQS.TestLevelEQS:PersistentLevel.WorldSettings.ParticleSystemComponent_9 (/Game/Clans/waepons/Ammo/blaster/BlasterHitPE.BlasterHitPE) may stay in world despite never spawning particles after burst spawning is over.
[2017.01.29-13.10.37:030][237]LogParticles:Warning: GameplayStatics::SpawnEmitterAtLocation spawned potentially immortal particle system! /Game/ForTesting/UEDPIE_0_TestLevelEQS.TestLevelEQS:PersistentLevel.WorldSettings.ParticleSystemComponent_10 (/Game/Clans/waepons/Ammo/blaster/BlasterHitPE.BlasterHitPE) may stay in world despite never spawning particles after burst spawning is over.
[2017.01.29-13.10.37:125][244]LogParticles:Warning: GameplayStatics::SpawnEmitterAtLocation spawned potentially immortal particle system! /Game/ForTesting/UEDPIE_0_TestLevelEQS.TestLevelEQS:PersistentLevel.WorldSettings.ParticleSystemComponent_11 (/Game/Clans/waepons/Ammo/blaster/BlasterHitPE.BlasterHitPE) may stay in world despite never spawning particles after burst spawning is over.
[2017.01.29-13.10.37:246][253]LogParticles:Warning: GameplayStatics::SpawnEmitterAtLocation spawned potentially immortal particle system! /Game/ForTesting/UEDPIE_0_TestLevelEQS.TestLevelEQS:PersistentLevel.WorldSettings.ParticleSystemComponent_12 (/Game/Clans/waepons/Ammo/blaster/BlasterHitPE.BlasterHitPE) may stay in world despite never spawning particles after burst spawning is over.
[2017.01.29-13.10.37:246][253]LogParticles:Warning: GameplayStatics::SpawnEmitterAtLocation spawned potentially immortal particle system! /Game/ForTesting/UEDPIE_0_TestLevelEQS.TestLevelEQS:PersistentLevel.WorldSettings.ParticleSystemComponent_13 (/Game/Clans/waepons/Ammo/blaster/BlasterHitPE.BlasterHitPE) may stay in world despite never spawning particles after burst spawning is over.
[2017.01.29-13.10.37:339][260]LogParticles:Warning: GameplayStatics::SpawnEmitterAtLocation spawned potentially immortal particle system! /Game/ForTesting/UEDPIE_0_TestLevelEQS.TestLevelEQS:PersistentLevel.WorldSettings.ParticleSystemComponent_14 (/Game/Clans/waepons/Ammo/blaster/BlasterHitPE.BlasterHitPE) may stay in world despite never spawning particles after burst spawning is over.
[2017.01.29-13.10.37:497][272]LogParticles:Warning: GameplayStatics::SpawnEmitterAtLocation spawned potentially immortal particle system! /Game/ForTesting/UEDPIE_0_TestLevelEQS.TestLevelEQS:PersistentLevel.WorldSettings.ParticleSystemComponent_15 (/Game/Clans/waepons/Ammo/blaster/BlasterHitPE.BlasterHitPE) may stay in world despite never spawning particles after burst spawning is over.
[2017.01.29-13.10.37:707][288]LogParticles:Warning: GameplayStatics::SpawnEmitterAtLocation spawned potentially immortal particle system! /Game/ForTesting/UEDPIE_0_TestLevelEQS.TestLevelEQS:PersistentLevel.WorldSettings.ParticleSystemComponent_16 (/Game/Clans/waepons/Ammo/blaster/BlasterHitPE.BlasterHitPE) may stay in world despite never spawning particles after burst spawning is over.
[2017.01.29-13.10.37:721][289]LogCharacter: OfficerCharacter_260 is trying to crouch, but crouching is disabled on this character! (check CharacterMovement NavAgentSettings)
[2017.01.29-13.10.37:962][307]LogParticles:Warning: GameplayStatics::SpawnEmitterAtLocation spawned potentially immortal particle system! /Game/ForTesting/UEDPIE_0_TestLevelEQS.TestLevelEQS:PersistentLevel.WorldSettings.ParticleSystemComponent_17 (/Game/Clans/waepons/Ammo/blaster/BlasterHitPE.BlasterHitPE) may stay in world despite never spawning particles after burst spawning is over.
[2017.01.29-13.10.38:084][316]LogParticles:Warning: GameplayStatics::SpawnEmitterAtLocation spawned potentially immortal particle system! /Game/ForTesting/UEDPIE_0_TestLevelEQS.TestLevelEQS:PersistentLevel.WorldSettings.ParticleSystemComponent_18 (/Game/Clans/waepons/Ammo/blaster/BlasterHitPE.BlasterHitPE) may stay in world despite never spawning particles after burst spawning is over.
[2017.01.29-13.10.38:150][321]LogCharacter: BaseCharacterEQS_232 is trying to crouch, but crouching is disabled on this character! (check CharacterMovement NavAgentSettings)
[2017.01.29-13.10.38:163][322]LogParticles:Warning: GameplayStatics::SpawnEmitterAtLocation spawned potentially immortal particle system! /Game/ForTesting/UEDPIE_0_TestLevelEQS.TestLevelEQS:PersistentLevel.WorldSettings.ParticleSystemComponent_19 (/Game/Clans/waepons/Ammo/blaster/BlasterHitPE.BlasterHitPE) may stay in world despite never spawning particles after burst spawning is over.
[2017.01.29-13.10.38:338][335]LogParticles:Warning: GameplayStatics::SpawnEmitterAtLocation spawned potentially immortal particle system! /Game/ForTesting/UEDPIE_0_TestLevelEQS.TestLevelEQS:PersistentLevel.WorldSettings.ParticleSystemComponent_20 (/Game/Clans/waepons/Ammo/blaster/BlasterHitPE.BlasterHitPE) may stay in world despite never spawning particles after burst spawning is over.
[2017.01.29-13.10.38:420][341]LogParticles:Warning: GameplayStatics::SpawnEmitterAtLocation spawned potentially immortal particle system! /Game/ForTesting/UEDPIE_0_TestLevelEQS.TestLevelEQS:PersistentLevel.WorldSettings.ParticleSystemComponent_21 (/Game/Clans/waepons/Ammo/blaster/BlasterHitPE.BlasterHitPE) may stay in world despite never spawning particles after burst spawning is over.
[2017.01.29-13.10.38:646][358]LogParticles:Warning: GameplayStatics::SpawnEmitterAtLocation spawned potentially immortal particle system! /Game/ForTesting/UEDPIE_0_TestLevelEQS.TestLevelEQS:PersistentLevel.WorldSettings.ParticleSystemComponent_22 (/Game/Clans/waepons/Ammo/blaster/BlasterHitPE.BlasterHitPE) may stay in world despite never spawning particles after burst spawning is over.
[2017.01.29-13.10.38:781][368]LogParticles:Warning: GameplayStatics::SpawnEmitterAtLocation spawned potentially immortal particle system! /Game/ForTesting/UEDPIE_0_TestLevelEQS.TestLevelEQS:PersistentLevel.WorldSettings.ParticleSystemComponent_23 (/Game/Clans/waepons/Ammo/blaster/BlasterHitPE.BlasterHitPE) may stay in world despite never spawning particles after burst spawning is over.
[2017.01.29-13.10.38:860][374]LogParticles:Warning: GameplayStatics::SpawnEmitterAtLocation spawned potentially immortal particle system! /Game/ForTesting/UEDPIE_0_TestLevelEQS.TestLevelEQS:PersistentLevel.WorldSettings.ParticleSystemComponent_24 (/Game/Clans/waepons/Ammo/blaster/BlasterHitPE.BlasterHitPE) may stay in world despite never spawning particles after burst spawning is over.
[2017.01.29-13.10.38:984][383]LogParticles:Warning: GameplayStatics::SpawnEmitterAtLocation spawned potentially immortal particle system! /Game/ForTesting/UEDPIE_0_TestLevelEQS.TestLevelEQS:PersistentLevel.WorldSettings.ParticleSystemComponent_25 (/Game/Clans/waepons/Ammo/blaster/BlasterHitPE.BlasterHitPE) may stay in world despite never spawning particles after burst spawning is over.
[2017.01.29-13.10.39:093][391]LogParticles:Warning: GameplayStatics::SpawnEmitterAtLocation spawned potentially immortal particle system! /Game/ForTesting/UEDPIE_0_TestLevelEQS.TestLevelEQS:PersistentLevel.WorldSettings.ParticleSystemComponent_26 (/Game/Clans/waepons/Ammo/blaster/BlasterHitPE.BlasterHitPE) may stay in world despite never spawning particles after burst spawning is over.
[2017.01.29-13.10.39:188][398]LogParticles:Warning: GameplayStatics::SpawnEmitterAtLocation spawned potentially immortal particle system! /Game/ForTesting/UEDPIE_0_TestLevelEQS.TestLevelEQS:PersistentLevel.WorldSettings.ParticleSystemComponent_27 (/Game/Clans/waepons/Ammo/blaster/BlasterHitPE.BlasterHitPE) may stay in world despite never spawning particles after burst spawning is over.
[2017.01.29-13.10.39:310][407]LogParticles:Warning: GameplayStatics::SpawnEmitterAtLocation spawned potentially immortal particle system! /Game/ForTesting/UEDPIE_0_TestLevelEQS.TestLevelEQS:PersistentLevel.WorldSettings.ParticleSystemComponent_28 (/Game/Clans/waepons/Ammo/blaster/BlasterHitPE.BlasterHitPE) may stay in world despite never spawning particles after burst spawning is over.
[2017.01.29-13.10.39:537][424]LogParticles:Warning: GameplayStatics::SpawnEmitterAtLocation spawned potentially immortal particle system! /Game/ForTesting/UEDPIE_0_TestLevelEQS.TestLevelEQS:PersistentLevel.WorldSettings.ParticleSystemComponent_29 (/Game/Clans/waepons/Ammo/blaster/BlasterHitPE.BlasterHitPE) may stay in world despite never spawning particles after burst spawning is over.
[2017.01.29-13.10.39:860][448]LogParticles:Warning: GameplayStatics::SpawnEmitterAtLocation spawned potentially immortal particle system! /Game/ForTesting/UEDPIE_0_TestLevelEQS.TestLevelEQS:PersistentLevel.WorldSettings.ParticleSystemComponent_30 (/Game/Clans/waepons/Ammo/blaster/BlasterHitPE.BlasterHitPE) may stay in world despite never spawning particles after burst spawning is over.
[2017.01.29-13.10.40:272][478]LogParticles:Warning: GameplayStatics::SpawnEmitterAtLocation spawned potentially immortal particle system! /Game/ForTesting/UEDPIE_0_TestLevelEQS.TestLevelEQS:PersistentLevel.WorldSettings.ParticleSystemComponent_31 (/Game/Clans/waepons/Ammo/blaster/BlasterHitPE.BlasterHitPE) may stay in world despite never spawning particles after burst spawning is over.
[2017.01.29-13.10.40:828][519]LogParticles:Warning: GameplayStatics::SpawnEmitterAtLocation spawned potentially immortal particle system! /Game/ForTesting/UEDPIE_0_TestLevelEQS.TestLevelEQS:PersistentLevel.WorldSettings.ParticleSystemComponent_32 (/Game/Clans/waepons/Ammo/blaster/BlasterHitPE.BlasterHitPE) may stay in world despite never spawning particles after burst spawning is over.
[2017.01.29-13.10.41:238][549]LogParticles:Warning: GameplayStatics::SpawnEmitterAtLocation spawned potentially immortal particle system! /Game/ForTesting/UEDPIE_0_TestLevelEQS.TestLevelEQS:PersistentLevel.WorldSettings.ParticleSystemComponent_33 (/Game/Clans/waepons/Ammo/blaster/BlasterHitPE.BlasterHitPE) may stay in world despite never spawning particles after burst spawning is over.
[2017.01.29-13.10.41:757][587]LogCharacter: BaseCharacterEQS_232 is trying to crouch, but crouching is disabled on this character! (check CharacterMovement NavAgentSettings)
[2017.01.29-13.10.41:973][603]LogParticles:Warning: GameplayStatics::SpawnEmitterAtLocation spawned potentially immortal particle system! /Game/ForTesting/UEDPIE_0_TestLevelEQS.TestLevelEQS:PersistentLevel.WorldSettings.ParticleSystemComponent_34 (/Game/Clans/waepons/Ammo/blaster/BlasterHitPE.BlasterHitPE) may stay in world despite never spawning particles after burst spawning is over.
[2017.01.29-13.10.42:306][628]LogParticles:Warning: GameplayStatics::SpawnEmitterAtLocation spawned potentially immortal particle system! /Game/ForTesting/UEDPIE_0_TestLevelEQS.TestLevelEQS:PersistentLevel.WorldSettings.ParticleSystemComponent_35 (/Game/Clans/waepons/Ammo/blaster/BlasterHitPE.BlasterHitPE) may stay in world despite never spawning particles after burst spawning is over.
[2017.01.29-13.10.42:520][644]LogParticles:Warning: GameplayStatics::SpawnEmitterAtLocation spawned potentially immortal particle system! /Game/ForTesting/UEDPIE_0_TestLevelEQS.TestLevelEQS:PersistentLevel.WorldSettings.ParticleSystemComponent_36 (/Game/Clans/waepons/Ammo/blaster/BlasterHitPE.BlasterHitPE) may stay in world despite never spawning particles after burst spawning is over.
[2017.01.29-13.10.42:724][659]LogParticles:Warning: GameplayStatics::SpawnEmitterAtLocation spawned potentially immortal particle system! /Game/ForTesting/UEDPIE_0_TestLevelEQS.TestLevelEQS:PersistentLevel.WorldSettings.ParticleSystemComponent_37 (/Game/Clans/waepons/Ammo/blaster/BlasterHitPE.BlasterHitPE) may stay in world despite never spawning particles after burst spawning is over.
[2017.01.29-13.10.42:898][672]LogParticles:Warning: GameplayStatics::SpawnEmitterAtLocation spawned potentially immortal particle system! /Game/ForTesting/UEDPIE_0_TestLevelEQS.TestLevelEQS:PersistentLevel.WorldSettings.ParticleSystemComponent_38 (/Game/Clans/waepons/Ammo/blaster/BlasterHitPE.BlasterHitPE) may stay in world despite never spawning particles after burst spawning is over.
[2017.01.29-13.10.42:924][674]LogParticles:Warning: GameplayStatics::SpawnEmitterAtLocation spawned potentially immortal particle system! /Game/ForTesting/UEDPIE_0_TestLevelEQS.TestLevelEQS:PersistentLevel.WorldSettings.ParticleSystemComponent_39 (/Game/Clans/waepons/Ammo/blaster/BlasterHitPE.BlasterHitPE) may stay in world despite never spawning particles after burst spawning is over.
[2017.01.29-13.10.43:123][689]LogParticles:Warning: GameplayStatics::SpawnEmitterAtLocation spawned potentially immortal particle system! /Game/ForTesting/UEDPIE_0_TestLevelEQS.TestLevelEQS:PersistentLevel.WorldSettings.ParticleSystemComponent_40 (/Game/Clans/waepons/Ammo/blaster/BlasterHitPE.BlasterHitPE) may stay in world despite never spawning particles after burst spawning is over.
[2017.01.29-13.10.43:136][690]LogParticles:Warning: GameplayStatics::SpawnEmitterAtLocation spawned potentially immortal particle system! /Game/ForTesting/UEDPIE_0_TestLevelEQS.TestLevelEQS:PersistentLevel.WorldSettings.ParticleSystemComponent_41 (/Game/Clans/waepons/Ammo/blaster/BlasterHitPE.BlasterHitPE) may stay in world despite never spawning particles after burst spawning is over.
[2017.01.29-13.10.43:436][713]LogParticles:Warning: GameplayStatics::SpawnEmitterAtLocation spawned potentially immortal particle system! /Game/ForTesting/UEDPIE_0_TestLevelEQS.TestLevelEQS:PersistentLevel.WorldSettings.ParticleSystemComponent_42 (/Game/Clans/waepons/Ammo/blaster/BlasterHitPE.BlasterHitPE) may stay in world despite never spawning particles after burst spawning is over.
[2017.01.29-13.10.43:449][714]LogParticles:Warning: GameplayStatics::SpawnEmitterAtLocation spawned potentially immortal particle system! /Game/ForTesting/UEDPIE_0_TestLevelEQS.TestLevelEQS:PersistentLevel.WorldSettings.ParticleSystemComponent_43 (/Game/Clans/waepons/Ammo/blaster/BlasterHitPE.BlasterHitPE) may stay in world despite never spawning particles after burst spawning is over.
[2017.01.29-13.10.43:598][725]LogParticles:Warning: GameplayStatics::SpawnEmitterAtLocation spawned potentially immortal particle system! /Game/ForTesting/UEDPIE_0_TestLevelEQS.TestLevelEQS:PersistentLevel.WorldSettings.ParticleSystemComponent_44 (/Game/Clans/waepons/Ammo/blaster/BlasterHitPE.BlasterHitPE) may stay in world despite never spawning particles after burst spawning is over.
[2017.01.29-13.10.43:664][730]LogParticles:Warning: GameplayStatics::SpawnEmitterAtLocation spawned potentially immortal particle system! /Game/ForTesting/UEDPIE_0_TestLevelEQS.TestLevelEQS:PersistentLevel.WorldSettings.ParticleSystemComponent_45 (/Game/Clans/waepons/Ammo/blaster/BlasterHitPE.BlasterHitPE) may stay in world despite never spawning particles after burst spawning is over.
[2017.01.29-13.10.43:871][746]LogParticles:Warning: GameplayStatics::SpawnEmitterAtLocation spawned potentially immortal particle system! /Game/ForTesting/UEDPIE_0_TestLevelEQS.TestLevelEQS:PersistentLevel.WorldSettings.ParticleSystemComponent_46 (/Game/Clans/waepons/Ammo/blaster/BlasterHitPE.BlasterHitPE) may stay in world despite never spawning particles after burst spawning is over.
[2017.01.29-13.10.43:910][749]LogParticles:Warning: GameplayStatics::SpawnEmitterAtLocation spawned potentially immortal particle system! /Game/ForTesting/UEDPIE_0_TestLevelEQS.TestLevelEQS:PersistentLevel.WorldSettings.ParticleSystemComponent_47 (/Game/Clans/waepons/Ammo/blaster/BlasterHitPE.BlasterHitPE) may stay in world despite never spawning particles after burst spawning is over.
[2017.01.29-13.10.44:160][768]LogParticles:Warning: GameplayStatics::SpawnEmitterAtLocation spawned potentially immortal particle system! /Game/ForTesting/UEDPIE_0_TestLevelEQS.TestLevelEQS:PersistentLevel.WorldSettings.ParticleSystemComponent_48 (/Game/Clans/waepons/Ammo/blaster/BlasterHitPE.BlasterHitPE) may stay in world despite never spawning particles after burst spawning is over.
[2017.01.29-13.10.44:173][769]LogParticles:Warning: GameplayStatics::SpawnEmitterAtLocation spawned potentially immortal particle system! /Game/ForTesting/UEDPIE_0_TestLevelEQS.TestLevelEQS:PersistentLevel.WorldSettings.ParticleSystemComponent_49 (/Game/Clans/waepons/Ammo/blaster/BlasterHitPE.BlasterHitPE) may stay in world despite never spawning particles after burst spawning is over.
[2017.01.29-13.10.44:227][773]LogCharacter: BaseCharacterEQS_232 is trying to crouch, but crouching is disabled on this character! (check CharacterMovement NavAgentSettings)
[2017.01.29-13.10.44:385][785]LogParticles:Warning: GameplayStatics::SpawnEmitterAtLocation spawned potentially immortal particle system! /Game/ForTesting/UEDPIE_0_TestLevelEQS.TestLevelEQS:PersistentLevel.WorldSettings.ParticleSystemComponent_50 (/Game/Clans/waepons/Ammo/blaster/BlasterHitPE.BlasterHitPE) may stay in world despite never spawning particles after burst spawning is over.
[2017.01.29-13.10.44:398][786]LogParticles:Warning: GameplayStatics::SpawnEmitterAtLocation spawned potentially immortal particle system! /Game/ForTesting/UEDPIE_0_TestLevelEQS.TestLevelEQS:PersistentLevel.WorldSettings.ParticleSystemComponent_51 (/Game/Clans/waepons/Ammo/blaster/BlasterHitPE.BlasterHitPE) may stay in world despite never spawning particles after burst spawning is over.
[2017.01.29-13.10.44:609][802]LogParticles:Warning: GameplayStatics::SpawnEmitterAtLocation spawned potentially immortal particle system! /Game/ForTesting/UEDPIE_0_TestLevelEQS.TestLevelEQS:PersistentLevel.WorldSettings.ParticleSystemComponent_52 (/Game/Clans/waepons/Ammo/blaster/BlasterHitPE.BlasterHitPE) may stay in world despite never spawning particles after burst spawning is over.
[2017.01.29-13.10.44:715][810]LogParticles:Warning: GameplayStatics::SpawnEmitterAtLocation spawned potentially immortal particle system! /Game/ForTesting/UEDPIE_0_TestLevelEQS.TestLevelEQS:PersistentLevel.WorldSettings.ParticleSystemComponent_53 (/Game/Clans/waepons/Ammo/blaster/BlasterHitPE.BlasterHitPE) may stay in world despite never spawning particles after burst spawning is over.
[2017.01.29-13.10.44:833][819]LogParticles:Warning: GameplayStatics::SpawnEmitterAtLocation spawned potentially immortal particle system! /Game/ForTesting/UEDPIE_0_TestLevelEQS.TestLevelEQS:PersistentLevel.WorldSettings.ParticleSystemComponent_54 (/Game/Clans/waepons/Ammo/blaster/BlasterHitPE.BlasterHitPE) may stay in world despite never spawning particles after burst spawning is over.
[2017.01.29-13.10.44:846][820]LogParticles:Warning: GameplayStatics::SpawnEmitterAtLocation spawned potentially immortal particle system! /Game/ForTesting/UEDPIE_0_TestLevelEQS.TestLevelEQS:PersistentLevel.WorldSettings.ParticleSystemComponent_55 (/Game/Clans/waepons/Ammo/blaster/BlasterHitPE.BlasterHitPE) may stay in world despite never spawning particles after burst spawning is over.
[2017.01.29-13.10.45:049][835]LogParticles:Warning: GameplayStatics::SpawnEmitterAtLocation spawned potentially immortal particle system! /Game/ForTesting/UEDPIE_0_TestLevelEQS.TestLevelEQS:PersistentLevel.WorldSettings.ParticleSystemComponent_56 (/Game/Clans/waepons/Ammo/blaster/BlasterHitPE.BlasterHitPE) may stay in world despite never spawning particles after burst spawning is over.
[2017.01.29-13.10.45:144][842]LogParticles:Warning: GameplayStatics::SpawnEmitterAtLocation spawned potentially immortal particle system! /Game/ForTesting/UEDPIE_0_TestLevelEQS.TestLevelEQS:PersistentLevel.WorldSettings.ParticleSystemComponent_57 (/Game/Clans/waepons/Ammo/blaster/BlasterHitPE.BlasterHitPE) may stay in world despite never spawning particles after burst spawning is over.
[2017.01.29-13.10.45:359][858]LogParticles:Warning: GameplayStatics::SpawnEmitterAtLocation spawned potentially immortal particle system! /Game/ForTesting/UEDPIE_0_TestLevelEQS.TestLevelEQS:PersistentLevel.WorldSettings.ParticleSystemComponent_58 (/Game/Clans/waepons/Ammo/blaster/BlasterHitPE.BlasterHitPE) may stay in world despite never spawning particles after burst spawning is over.
[2017.01.29-13.10.45:373][859]LogParticles:Warning: GameplayStatics::SpawnEmitterAtLocation spawned potentially immortal particle system! /Game/ForTesting/UEDPIE_0_TestLevelEQS.TestLevelEQS:PersistentLevel.WorldSettings.ParticleSystemComponent_59 (/Game/Clans/waepons/Ammo/blaster/BlasterHitPE.BlasterHitPE) may stay in world despite never spawning particles after burst spawning is over.
[2017.01.29-13.10.45:592][875]LogParticles:Warning: GameplayStatics::SpawnEmitterAtLocation spawned potentially immortal particle system! /Game/ForTesting/UEDPIE_0_TestLevelEQS.TestLevelEQS:PersistentLevel.WorldSettings.ParticleSystemComponent_60 (/Game/Clans/waepons/Ammo/blaster/BlasterHitPE.BlasterHitPE) may stay in world despite never spawning particles after burst spawning is over.
[2017.01.29-13.10.45:593][875]LogParticles:Warning: GameplayStatics::SpawnEmitterAtLocation spawned potentially immortal particle system! /Game/ForTesting/UEDPIE_0_TestLevelEQS.TestLevelEQS:PersistentLevel.WorldSettings.ParticleSystemComponent_61 (/Game/Clans/waepons/Ammo/blaster/BlasterHitPE.BlasterHitPE) may stay in world despite never spawning particles after burst spawning is over.
[2017.01.29-13.10.45:807][891]LogParticles:Warning: GameplayStatics::SpawnEmitterAtLocation spawned potentially immortal particle system! /Game/ForTesting/UEDPIE_0_TestLevelEQS.TestLevelEQS:PersistentLevel.WorldSettings.ParticleSystemComponent_62 (/Game/Clans/waepons/Ammo/blaster/BlasterHitPE.BlasterHitPE) may stay in world despite never spawning particles after burst spawning is over.
[2017.01.29-13.10.45:848][894]LogParticles:Warning: GameplayStatics::SpawnEmitterAtLocation spawned potentially immortal particle system! /Game/ForTesting/UEDPIE_0_TestLevelEQS.TestLevelEQS:PersistentLevel.WorldSettings.ParticleSystemComponent_63 (/Game/Clans/waepons/Ammo/blaster/BlasterHitPE.BlasterHitPE) may stay in world despite never spawning particles after burst spawning is over.
[2017.01.29-13.10.46:051][909]LogParticles:Warning: GameplayStatics::SpawnEmitterAtLocation spawned potentially immortal particle system! /Game/ForTesting/UEDPIE_0_TestLevelEQS.TestLevelEQS:PersistentLevel.WorldSettings.ParticleSystemComponent_64 (/Game/Clans/waepons/Ammo/blaster/BlasterHitPE.BlasterHitPE) may stay in world despite never spawning particles after burst spawning is over.
[2017.01.29-13.10.46:064][910]LogParticles:Warning: GameplayStatics::SpawnEmitterAtLocation spawned potentially immortal particle system! /Game/ForTesting/UEDPIE_0_TestLevelEQS.TestLevelEQS:PersistentLevel.WorldSettings.ParticleSystemComponent_65 (/Game/Clans/waepons/Ammo/blaster/BlasterHitPE.BlasterHitPE) may stay in world despite never spawning particles after burst spawning is over.
[2017.01.29-13.10.46:197][920]LogParticles:Warning: GameplayStatics::SpawnEmitterAtLocation spawned potentially immortal particle system! /Game/ForTesting/UEDPIE_0_TestLevelEQS.TestLevelEQS:PersistentLevel.WorldSettings.ParticleSystemComponent_66 (/Game/Clans/waepons/Ammo/blaster/BlasterHitPE.BlasterHitPE) may stay in world despite never spawning particles after burst spawning is over.
[2017.01.29-13.10.46:470][940]LogCharacter: BaseCharacterEQS_232 is trying to crouch, but crouching is disabled on this character! (check CharacterMovement NavAgentSettings)
[2017.01.29-13.10.46:510][943]LogParticles:Warning: GameplayStatics::SpawnEmitterAtLocation spawned potentially immortal particle system! /Game/ForTesting/UEDPIE_0_TestLevelEQS.TestLevelEQS:PersistentLevel.WorldSettings.ParticleSystemComponent_67 (/Game/Clans/waepons/Ammo/blaster/BlasterHitPE.BlasterHitPE) may stay in world despite never spawning particles after burst spawning is over.
[2017.01.29-13.10.46:606][950]LogParticles:Warning: GameplayStatics::SpawnEmitterAtLocation spawned potentially immortal particle system! /Game/ForTesting/UEDPIE_0_TestLevelEQS.TestLevelEQS:PersistentLevel.WorldSettings.ParticleSystemComponent_68 (/Game/Clans/waepons/Ammo/blaster/BlasterHitPE.BlasterHitPE) may stay in world despite never spawning particles after burst spawning is over.
[2017.01.29-13.10.46:783][963]LogParticles:Warning: GameplayStatics::SpawnEmitterAtLocation spawned potentially immortal particle system! /Game/ForTesting/UEDPIE_0_TestLevelEQS.TestLevelEQS:PersistentLevel.WorldSettings.ParticleSystemComponent_69 (/Game/Clans/waepons/Ammo/blaster/BlasterHitPE.BlasterHitPE) may stay in world despite never spawning particles after burst spawning is over.
[2017.01.29-13.10.46:999][979]LogParticles:Warning: GameplayStatics::SpawnEmitterAtLocation spawned potentially immortal particle system! /Game/ForTesting/UEDPIE_0_TestLevelEQS.TestLevelEQS:PersistentLevel.WorldSettings.ParticleSystemComponent_70 (/Game/Clans/waepons/Ammo/blaster/BlasterHitPE.BlasterHitPE) may stay in world despite never spawning particles after burst spawning is over.
[2017.01.29-13.10.47:215][995]LogParticles:Warning: GameplayStatics::SpawnEmitterAtLocation spawned potentially immortal particle system! /Game/ForTesting/UEDPIE_0_TestLevelEQS.TestLevelEQS:PersistentLevel.WorldSettings.ParticleSystemComponent_71 (/Game/Clans/waepons/Ammo/blaster/BlasterHitPE.BlasterHitPE) may stay in world despite never spawning particles after burst spawning is over.
[2017.01.29-13.10.47:322][  3]LogParticles:Warning: GameplayStatics::SpawnEmitterAtLocation spawned potentially immortal particle system! /Game/ForTesting/UEDPIE_0_TestLevelEQS.TestLevelEQS:PersistentLevel.WorldSettings.ParticleSystemComponent_72 (/Game/Clans/waepons/Ammo/blaster/BlasterHitPE.BlasterHitPE) may stay in world despite never spawning particles after burst spawning is over.
[2017.01.29-13.10.47:482][ 15]LogParticles:Warning: GameplayStatics::SpawnEmitterAtLocation spawned potentially immortal particle system! /Game/ForTesting/UEDPIE_0_TestLevelEQS.TestLevelEQS:PersistentLevel.WorldSettings.ParticleSystemComponent_73 (/Game/Clans/waepons/Ammo/blaster/BlasterHitPE.BlasterHitPE) may stay in world despite never spawning particles after burst spawning is over.
[2017.01.29-13.10.47:684][ 30]LogParticles:Warning: GameplayStatics::SpawnEmitterAtLocation spawned potentially immortal particle system! /Game/ForTesting/UEDPIE_0_TestLevelEQS.TestLevelEQS:PersistentLevel.WorldSettings.ParticleSystemComponent_74 (/Game/Clans/waepons/Ammo/blaster/BlasterHitPE.BlasterHitPE) may stay in world despite never spawning particles after burst spawning is over.
[2017.01.29-13.10.47:856][ 43]LogParticles:Warning: GameplayStatics::SpawnEmitterAtLocation spawned potentially immortal particle system! /Game/ForTesting/UEDPIE_0_TestLevelEQS.TestLevelEQS:PersistentLevel.WorldSettings.ParticleSystemComponent_75 (/Game/Clans/waepons/Ammo/blaster/BlasterHitPE.BlasterHitPE) may stay in world despite never spawning particles after burst spawning is over.
[2017.01.29-13.10.47:923][ 48]LogParticles:Warning: GameplayStatics::SpawnEmitterAtLocation spawned potentially immortal particle system! /Game/ForTesting/UEDPIE_0_TestLevelEQS.TestLevelEQS:PersistentLevel.WorldSettings.ParticleSystemComponent_76 (/Game/Clans/waepons/Ammo/blaster/BlasterHitPE.BlasterHitPE) may stay in world despite never spawning particles after burst spawning is over.
[2017.01.29-13.10.48:083][ 60]LogParticles:Warning: GameplayStatics::SpawnEmitterAtLocation spawned potentially immortal particle system! /Game/ForTesting/UEDPIE_0_TestLevelEQS.TestLevelEQS:PersistentLevel.WorldSettings.ParticleSystemComponent_77 (/Game/Clans/waepons/Ammo/blaster/BlasterHitPE.BlasterHitPE) may stay in world despite never spawning particles after burst spawning is over.
[2017.01.29-13.10.48:137][ 64]LogParticles:Warning: GameplayStatics::SpawnEmitterAtLocation spawned potentially immortal particle system! /Game/ForTesting/UEDPIE_0_TestLevelEQS.TestLevelEQS:PersistentLevel.WorldSettings.ParticleSystemComponent_78 (/Game/Clans/waepons/Ammo/blaster/BlasterHitPE.BlasterHitPE) may stay in world despite never spawning particles after burst spawning is over.
[2017.01.29-13.10.48:347][ 80]LogParticles:Warning: GameplayStatics::SpawnEmitterAtLocation spawned potentially immortal particle system! /Game/ForTesting/UEDPIE_0_TestLevelEQS.TestLevelEQS:PersistentLevel.WorldSettings.ParticleSystemComponent_79 (/Game/Clans/waepons/Ammo/blaster/BlasterHitPE.BlasterHitPE) may stay in world despite never spawning particles after burst spawning is over.
[2017.01.29-13.10.48:360][ 81]LogParticles:Warning: GameplayStatics::SpawnEmitterAtLocation spawned potentially immortal particle system! /Game/ForTesting/UEDPIE_0_TestLevelEQS.TestLevelEQS:PersistentLevel.WorldSettings.ParticleSystemComponent_80 (/Game/Clans/waepons/Ammo/blaster/BlasterHitPE.BlasterHitPE) may stay in world despite never spawning particles after burst spawning is over.
[2017.01.29-13.10.48:998][133]LogCharacter: BaseCharacterEQS_232 is trying to crouch, but crouching is disabled on this character! (check CharacterMovement NavAgentSettings)
[2017.01.29-13.10.50:484][256]LogCharacter: BaseCharacterEQS_232 is trying to crouch, but crouching is disabled on this character! (check CharacterMovement NavAgentSettings)
[2017.01.29-13.10.51:632][351]LogCharacter: BaseCharacterEQS_232 is trying to crouch, but crouching is disabled on this character! (check CharacterMovement NavAgentSettings)
[2017.01.29-13.10.52:044][385]LogCharacter: BaseCharacterEQS_232 is trying to crouch, but crouching is disabled on this character! (check CharacterMovement NavAgentSettings)
[2017.01.29-13.10.52:166][395]LogBlueprintUserMessages: Early EndPlayMap Detection: Level '/Game/ForTesting/TestLevelEQS.TestLevelEQS:PersistentLevel' has LevelScriptBlueprint '/Game/ForTesting/TestLevelEQS.TestLevelEQS:PersistentLevel.TestLevelEQS' with GeneratedClass '/Game/ForTesting/TestLevelEQS.TestLevelEQS_C' with ClassGeneratedBy '/Game/ForTesting/TestLevelEQS.TestLevelEQS:PersistentLevel.TestLevelEQS'
[2017.01.29-13.10.52:318][395]LogBlueprintUserMessages: Late EndPlayMap Detection: Level '/Game/ForTesting/TestLevelEQS.TestLevelEQS:PersistentLevel' has LevelScriptBlueprint '/Game/ForTesting/TestLevelEQS.TestLevelEQS:PersistentLevel.TestLevelEQS' with GeneratedClass '/Game/ForTesting/TestLevelEQS.TestLevelEQS_C' with ClassGeneratedBy '/Game/ForTesting/TestLevelEQS.TestLevelEQS:PersistentLevel.TestLevelEQS'
[2017.01.29-13.13.09:016][ 33]SourceControl: Info On branch master
[2017.01.29-13.13.09:016][ 33]SourceControl: Info Your branch is based on 'Legend/master', but the upstream is gone.
[2017.01.29-13.13.09:016][ 33]SourceControl: Info   (use "git branch --unset-upstream" to fixup)
[2017.01.29-13.13.09:016][ 33]SourceControl: Info Changes not staged for commit:
[2017.01.29-13.13.09:016][ 33]SourceControl: Info   (use "git add/rm <file>..." to update what will be committed)
[2017.01.29-13.13.09:016][ 33]SourceControl: Info   (use "git checkout -- <file>..." to discard changes in working directory)
[2017.01.29-13.13.09:016][ 33]SourceControl: Info 	modified:   Saved/AutoScreenshot.png
[2017.01.29-13.13.09:016][ 33]SourceControl: Info 	modified:   Saved/Config/Windows/Editor.ini
[2017.01.29-13.13.09:016][ 33]SourceControl: Info 	modified:   Saved/Config/Windows/EditorPerProjectUserSettings.ini
[2017.01.29-13.13.09:016][ 33]SourceControl: Info 	modified:   Saved/Config/Windows/Engine.ini
[2017.01.29-13.13.09:016][ 33]SourceControl: Info 	deleted:    Saved/Logs/LeagueOfLegends-backup-2017.01.28-16.12.28.log
[2017.01.29-13.13.09:016][ 33]SourceControl: Info 	modified:   Saved/Logs/LeagueOfLegends.log
[2017.01.29-13.13.09:016][ 33]SourceControl: Info Untracked files:
[2017.01.29-13.13.09:016][ 33]SourceControl: Info   (use "git add <file>..." to include in what will be committed)
[2017.01.29-13.13.09:016][ 33]SourceControl: Info 	.vs/
[2017.01.29-13.13.09:016][ 33]SourceControl: Info 	Binaries/
[2017.01.29-13.13.09:016][ 33]SourceControl: Info 	Intermediate/
[2017.01.29-13.13.09:016][ 33]SourceControl: Info 	Saved/Logs/LeagueOfLegends-backup-2017.01.29-15.08.35.log
[2017.01.29-13.13.09:016][ 33]SourceControl: Info 	Saved/Logs/UE4CC-Windows-83F085194049293A7AE0E59523AA8591/
[2017.01.29-13.13.09:016][ 33]SourceControl: Info no changes added to commit (use "git add" and/or "git commit -a")
[2017.01.29-13.13.12:341][ 33]SourceControl: Info rm 'Content/Clans/objects/NewBlueprint.uasset'
[2017.01.29-13.13.12:341][ 33]SourceControl: Info rm 'Content/Clans/stromtrooper/destMarker.uasset'
[2017.01.29-13.13.12:341][ 33]SourceControl: Info rm 'Content/EQS/GetViableDestination.uasset'
[2017.01.29-13.13.12:341][ 33]SourceControl: Info rm 'Content/ForTesting/EQS/asd.uasset'
[2017.01.29-13.13.12:341][ 33]SourceControl: Info rm 'Content/test/EQS_context_Destination.uasset'
[2017.01.29-13.13.12:341][ 33]SourceControl: Info rm 'Content/test/EQS_context_TargetItem.uasset'
